0.840188	2.47213	
0.512932	4.08136	
0.23828	4.81606	
0.956468	4.54525	
0.103171	4.8221	
0.639458	2.60604	
0.359095	5.60359	
0.649707	2.70344	
0.675476	2.99278	
0.111276	5.30939	
0.297288	4.284	
0.908485	3.28035	
0.557561	4.22121	
0.301763	3.91841	
0.481733	3.27133	
0.555398	4.27677	
0.187616	4.84567	
0.233119	5.61837	
0.596899	3.56399	
0.0587232	5.77519	
0.761612	3.9465	
0.601427	4.05279	
0.126669	4.22263	
0.699787	3.39221	
0.587011	3.85617	
0.0161775	5.17704	
0.190984	4.54657	
0.173301	4.56663	
0.3993	3.74362	
0.921551	4.13271	
0.31299	4.62098	
0.284289	3.74161	
0.246071	4.0508	
0.892324	2.52998	
0.879013	2.68621	
0.897883	3.42632	
0.928678	3.94386	
0.186029	4.70093	
0.247168	3.88	
0.212269	4.04543	
0.875932	3.14682	
0.819102	2.8322	
0.867321	2.39781	
0.246476	3.71633	
0.379874	4.14325	
0.703571	3.01851	
0.526827	4.00192	
0.717512	3.99509	
0.792566	3.32271	
0.603411	3.26657	
0.726144	4.43994	
0.500019	4.04249	
0.759771	3.67495	
0.735147	4.27719	
0.214797	4.72082	
0.579965	4.1774	
0.234441	4.21067	
0.460768	3.18715	
0.467529	5.05964	
0.116995	4.11607	
0.199938	4.61487	
0.196091	4.36597	
0.0154439	5.3703	
0.041276	4.4849	
0.894711	3.47349	
0.199617	4.33148	
0.731938	3.57548	
0.581682	3.71637	
0.449862	3.64556	
0.607387	3.85409	
0.300275	3.67446	
0.780987	3.93534	
0.29698	3.57903	
0.316945	4.74008	
0.868474	2.77488	
0.895828	3.03726	
0.636905	3.61403	
0.491214	3.88096	
0.660302	2.80853	
0.0327351	4.70638	
0.840188	2.47213	
0.840188	2.51555	
0.840188	2.51555	
0.840188	2.51555	
0.840188	2.51555	
0.840188	2.51555	
0.840188	2.51555	
0.840188	2.51555	
0.840188	2.51555	
0.840188	2.51555	
0.840188	2.51555	
0.840188	2.51555	
0.840188	2.51555	
0.840188	2.51555	
0.840188	2.51555	
0.840188	2.51555	
0.840188	2.51555	
0.840188	2.51555	
0.840188	2.51555	
0.840188	2.51555	
0.840188	2.51555	
0.819102	2.68724	
0.819102	2.68724	
0.819102	2.68724	
0.819102	2.68724	
0.819102	2.75553	
0.819102	2.75553	
0.819102	2.75553	
0.819102	2.75553	
0.819102	2.75553	
0.819102	2.75553	
0.819102	2.75553	
0.628077	2.92336	
0.628077	2.92336	
0.628077	2.83748	
0.628077	2.83748	
0.628077	2.83748	
0.628077	2.92336	
0.628077	2.94101	
0.628077	2.94101	
0.628077	2.94101	
0.436865	3.03561	
0.436865	3.03561	
0.436865	3.03561	
0.436865	3.03561	
0.436865	3.01595	
0.436865	3.01595	
0.436865	3.01595	
0.436865	3.03561	
0.436865	3.03561	
0.436865	3.03561	
0.425874	3.12533	
0.404547	3.17575	
0.404547	3.17575	
0.404547	3.17575	
0.404547	3.17575	
0.23996	3.31592	
0.23996	3.31592	
0.23996	3.31592	
0.23996	3.31592	
0.23996	3.31592	
0.23996	3.31592	
0.23996	3.31592	
0.23996	3.31592	
0.23996	3.31592	
0.23996	3.31592	
0.23996	3.31592	
0.23996	3.31592	
0.200051	3.69411	
0.200051	3.69411	
0.200051	3.69411	
0.184305	3.88974	
0.124759	4.02387	
0.124759	4.02387	
0.124759	4.02387	
0.0327351	4.3136	
0.0327351	4.3136	
0.0327351	4.3136	
0	4.86414	
0	4.86414	
0.82859	2.28256	
0.82859	2.28256	
0.82859	2.30275	
0.82859	2.30275	
0.82859	2.30275	
0.82859	2.30275	
0.82859	2.30275	
0.82859	2.30275	
0.82859	2.30275	
0.82859	2.30275	
0.819102	2.37031	
0.819102	2.37031	
0.819102	2.37031	
0.819102	2.37031	
0.819102	2.45008	
0.819102	2.45008	
0.819102	2.45008	
0.819102	2.45008	
0.819102	2.45008	
0.819102	2.45008	
0.819102	2.45008	
0.819102	2.57692	
0.633296	2.58562	
0.633296	2.58562	
0.633296	2.58562	
0.633296	2.58562	
0.633296	2.58562	
0.633296	2.5933	
0.633296	2.5933	
0.633296	2.5933	
0.633296	2.5933	
0.633296	2.5933	
0.633296	2.5933	
0.633296	2.5933	
0.633296	2.5933	
0.633296	2.5933	
0.633296	2.5933	
0.436865	2.83289	
0.436865	2.83289	
0.436865	2.83289	
0.436865	2.83289	
0.436865	2.83289	
0.436865	2.83289	
0.436865	2.83289	
0.436865	2.83289	
0.436865	2.83289	
0.436865	2.83289	
0.436865	2.83289	
0.427323	2.8628	
0.427323	2.8628	
0.427323	2.8628	
0.427323	2.8628	
0.427323	2.8628	
0.262736	3.13361	
0.262736	3.13361	
0.262736	3.13361	
0.262736	3.13361	
0.262736	3.13361	
0.262736	3.13361	
0.262736	3.13361	
0.262736	3.13361	
0.262736	3.13361	
0.250209	3.22086	
0.250209	3.22086	
0.23996	3.28876	
0.23996	3.31592	
0.23996	3.31592	
0.19855	3.58811	
0.19855	3.58811	
0.19855	3.58811	
0.19855	3.67868	
0.184305	3.88974	
0.124759	4.02387	
0.124759	4.02387	
0.124759	4.02387	
0.057804	4.21146	
0.057804	4.21146	
0.0327351	4.26469	
0.0327351	4.26469	
0	4.86414	
0.82859	2.09974	
0.82859	2.03513	
0.82859	2.03513	
0.82859	2.03513	
0.82859	2.03513	
0.82859	2.03513	
0.82859	2.03513	
0.82859	2.10929	
0.82859	2.10929	
0.82859	2.10929	
0.82859	1.97791	
0.82859	2.10929	
0.82859	2.10929	
0.82859	2.10929	
0.82859	2.10929	
0.82859	2.10929	
0.82859	2.10929	
0.82859	2.10929	
0.82859	2.10929	
0.82859	2.10929	
0.82859	2.10929	
0.82859	2.10929	
0.82859	2.10929	
0.82859	2.03513	
0.633296	2.19371	
0.633296	2.19371	
0.633296	2.19371	
0.633296	2.19371	
0.633296	2.19371	
0.633296	1.78964	
0.633296	1.78964	
0.633296	1.78964	
0.633296	1.78964	
0.429488	2.22682	
0.429488	2.22682	
0.429488	2.22682	
0.429488	2.16017	
0.429488	2.16017	
0.429488	2.16017	
0.429488	2.16017	
0.429488	2.22682	
0.429488	2.22682	
0.429488	2.22682	
0.429488	2.22682	
0.429488	2.22682	
0.429488	2.22682	
0.429488	2.22682	
0.429488	2.22682	
0.429488	2.22682	
0.429488	2.22682	
0.429488	2.22682	
0.429488	2.22682	
0.404906	2.61467	
0.404906	2.61467	
0.404906	2.61467	
0.404906	2.61467	
0.404906	2.61467	
0.404906	2.61467	
0.23996	2.8783	
0.23996	2.8783	
0.23996	2.8783	
0.23996	2.8783	
0.23996	2.8783	
0.23996	2.8783	
0.23996	2.8783	
0.23996	2.8783	
0.23996	2.8783	
0.0975086	3.10834	
0.0975086	3.10834	
0.0975086	3.10834	
0.0975086	3.10834	
0.0975086	3.10834	
0.0975086	3.10834	
0.0975086	3.10834	
0.0975086	3.10834	
0	3.43498	
0	3.43498	
0	3.43498	
0	3.43498	
0	4.86414	
0.633296	1.67364	
0.633296	1.67364	
0.633296	1.67364	
0.633296	1.67364	
0.633296	1.67364	
0.633296	1.67364	
0.633296	1.67364	
0.633296	1.67364	
0.633296	1.67364	
0.633296	1.67364	
0.633296	1.67364	
0.633296	1.67364	
0.633296	1.67364	
0.633296	1.67364	
0.633296	1.67364	
0.633296	1.67364	
0.633296	1.67364	
0.633296	1.67364	
0.633296	1.67364	
0.633296	1.67364	
0.633296	1.67364	
0.633296	1.67364	
0.633296	1.67364	
0.633296	1.67364	
0.633296	1.67364	
0.633296	1.67364	
0.633296	1.67364	
0.633296	1.67364	
0.633296	1.67364	
0.633296	1.78964	
0.633296	1.78964	
0.443008	2.01988	
0.443008	2.01988	
0.443008	2.01988	
0.443008	2.01988	
0.443008	2.01988	
0.443008	2.01988	
0.443008	2.01988	
0.443008	2.02289	
0.443008	2.02289	
0.443008	2.02289	
0.443008	2.02289	
0.443008	2.02289	
0.443008	2.02289	
0.429488	2.15437	
0.429488	2.15437	
0.422052	2.19618	
0.422052	2.19618	
0.25553	2.23052	
0.25553	2.23052	
0.25553	2.23052	
0.25553	2.23052	
0.25553	2.23052	
0.25553	2.23052	
0.25553	2.23052	
0.25553	2.23052	
0.25553	2.23052	
0.25553	2.23052	
0.25553	2.23052	
0.25553	2.23052	
0.25553	2.37838	
0.25553	2.43411	
0.25553	2.43411	
0.25553	2.43411	
0.168618	2.67227	
0.168618	2.67227	
0.168618	2.67227	
0.168618	2.67227	
0.168618	2.67227	
0.168618	2.67227	
0.168618	2.67227	
0.0975086	2.96406	
0.0975086	2.96406	
0.0975086	2.96406	
0.0975086	2.96406	
0.0360867	3.13965	
0.0360867	3.13965	
0.0360867	3.13965	
0	3.43498	
0	4.86414	
0.633296	1.48618	
0.633296	1.48618	
0.633296	1.48618	
0.633296	1.48618	
0.633296	1.48618	
0.633296	1.48618	
0.633296	1.48618	
0.633296	1.48618	
0.633296	1.55251	
0.633296	1.55251	
0.633296	1.55251	
0.633296	1.55251	
0.633296	1.55251	
0.633296	1.54054	
0.633296	1.48618	
0.633296	1.48618	
0.633296	1.48618	
0.633296	1.48618	
0.633296	1.48618	
0.841067	1.27242	
0.841067	1.27242	
0.841067	1.27242	
0.841067	1.27242	
0.841067	1.27242	
0.841067	0.685458	
0.841067	0.685458	
0.841067	0.685458	
0.841067	0.685458	
0.841067	0.685458	
0.841067	0.685458	
0.841067	0.685458	
0.841067	0.685458	
0.841067	0.685458	
0.841067	0.66283	
0.841067	0.685458	
0.841067	0.685458	
0.841067	0.685458	
0.841067	1.27242	
0.841067	1.2678	
0.841067	1.2678	
0.841067	1.2678	
0.841067	1.2678	
0.660176	1.21305	
0.459859	1.41387	
0.459859	1.41387	
0.459859	1.41387	
0.459859	1.41387	
0.459859	1.41387	
0.459859	1.37943	
0.459859	1.41387	
0.459859	1.41387	
0.459859	1.41387	
0.459859	1.41387	
0.459859	1.41387	
0.459859	1.41387	
0.459859	1.41387	
0.459859	1.41387	
0.459859	1.41387	
0.459859	1.41387	
0.459859	1.41387	
0.459859	1.41387	
0.23538	2.15674	
0.23538	2.15674	
0.23538	2.15674	
0.23538	2.15674	
0.23538	2.15674	
0.23538	2.15674	
0.23538	2.15674	
0.23538	2.15674	
0.23538	2.20258	
0.23538	2.28786	
0.23538	2.28786	
0.0975086	2.96406	
0.0975086	2.96406	
0.0975086	2.96406	
0.0975086	3.00017	
0.0360867	3.12266	
0.0360867	3.12266	
0	3.41173	
0	4.86414	
0.841067	0.461048	
0.841067	0.461048	
0.841067	0.461048	
0.841067	0.461048	
0.841067	0.461048	
0.841067	0.461048	
0.841067	0.461048	
0.841067	0.540958	
0.841067	0.540958	
0.841067	0.540958	
0.841067	0.540958	
0.841067	0.540958	
0.841067	0.540958	
0.841067	0.540958	
0.841067	0.540958	
0.841067	0.540958	
0.841067	0.540958	
0.841067	0.540958	
0.841067	0.540958	
0.841067	0.540958	
0.841067	0.540958	
0.841067	0.540958	
0.841067	0.540958	
0.841067	0.540958	
0.841067	0.685458	
0.841067	0.685458	
0.841067	0.685458	
0.841067	0.685458	
0.841067	0.685458	
0.841067	0.685458	
0.660176	0.968717	
0.660176	0.968717	
0.660176	0.942462	
0.660176	0.942462	
0.660176	0.942462	
0.660176	0.968717	
0.660176	0.993632	
0.660176	0.993632	
0.660176	0.993632	
0.660176	0.993632	
0.660176	0.993632	
0.660176	0.993632	
0.660176	0.993632	
0.660176	0.993632	
0.660176	0.993632	
0.660176	0.993632	
0.459859	1.36062	
0.459859	1.36062	
0.459859	1.36062	
0.459859	1.36062	
0.459859	1.36062	
0.459859	1.36062	
0.459859	1.36062	
0.459859	1.38465	
0.459859	1.41387	
0.459859	1.41387	
0.459859	1.41387	
0.459859	1.41387	
0.459859	1.41387	
0.459859	1.41387	
0.459859	1.41387	
0.226221	1.96953	
0.226221	1.96953	
0.226221	1.96953	
0.226221	1.96953	
0.226221	1.96953	
0.226221	1.96953	
0.226221	1.96953	
0.226221	1.96953	
0.226221	2.00259	
0.226221	2.06241	
0.226221	2.06241	
0.102757	2.49072	
0.102757	2.49072	
0.102757	2.49072	
0.102757	2.49072	
0.0360867	2.68756	
0.0360867	2.68756	
0.0360867	2.78504	
0	4.86414	
0.841067	0.461048	
0.841067	0.461048	
0.841067	0.461048	
0.841067	0.461048	
0.841067	0.461048	
0.841067	0.461048	
0.841067	0.461048	
0.841067	0.540958	
0.841067	0.540958	
0.841067	0.540958	
0.841067	0.540958	
0.841067	0.540958	
0.841067	0.540958	
0.841067	0.540958	
0.841067	0.540958	
0.841067	0.540958	
0.841067	0.540958	
0.841067	0.540958	
0.841067	0.540958	
0.841067	0.540958	
0.841067	0.540958	
0.660176	0.751211	
0.660176	0.751211	
0.660176	0.751211	
0.660176	0.751211	
0.660176	0.751211	
0.660176	0.77271	
0.660176	0.77271	
0.660176	0.77271	
0.660176	0.832631	
0.660176	0.832631	
0.660176	0.832631	
0.660176	0.834846	
0.660176	0.834846	
0.660176	0.942462	
0.660176	0.968717	
0.660176	0.993632	
0.660176	0.993632	
0.660176	0.993632	
0.660176	0.993632	
0.660176	0.993632	
0.660176	0.993632	
0.660176	0.993632	
0.660176	0.993632	
0.660176	0.993632	
0.660176	0.993632	
0.459859	1.36042	
0.459859	1.36042	
0.459859	1.36042	
0.459859	1.36042	
0.459859	1.36042	
0.459859	1.36042	
0.459859	1.36042	
0.459859	1.38465	
0.459859	1.41387	
0.459859	1.41387	
0.459859	1.41387	
0.459859	1.41387	
0.459859	1.41387	
0.26289	1.79229	
0.26289	1.79229	
0.26289	1.79229	
0.26289	1.79229	
0.26289	1.79229	
0.26289	1.79229	
0.26289	1.79229	
0.26289	1.79229	
0.226221	1.91807	
0.226221	1.91807	
0.226221	2.00259	
0.226221	2.06241	
0.19083	2.28507	
0.19083	2.28507	
0.102757	2.49072	
0.102757	2.49072	
0.102757	2.49072	
0.0360867	2.68756	
0.0360867	2.68756	
0.0298152	2.71402	
0	4.86414	
0.841067	0.366023	
0.841067	0.366023	
0.841067	0.377943	
0.841067	0.377943	
0.841067	0.377943	
0.841067	0.377943	
0.841067	0.377943	
0.841067	0.437884	
0.841067	0.437884	
0.841067	0.377943	
0.841067	0.377943	
0.841067	0.377943	
0.841067	0.377943	
0.841067	0.366023	
0.841067	0.540958	
0.841067	0.540958	
0.841067	0.540958	
0.841067	0.540958	
0.841067	0.540958	
0.841067	0.540958	
0.841067	0.540958	
0.841067	0.437884	
0.841067	0.377943	
0.841067	0.377943	
0.841067	0.377943	
0.660176	0.739792	
0.660176	0.739792	
0.660176	0.739792	
0.660176	0.739792	
0.660176	0.739792	
0.660176	0.759229	
0.660176	0.759229	
0.660176	0.771167	
0.660176	0.834846	
0.660176	0.771167	
0.660176	0.771167	
0.660176	0.771167	
0.660176	0.771167	
0.660176	0.771167	
0.660176	0.993632	
0.660176	0.993632	
0.660176	0.993632	
0.660176	0.993632	
0.660176	0.993632	
0.660176	0.993632	
0.660176	0.993632	
0.459859	1.26252	
0.459859	1.26252	
0.459859	1.26252	
0.459859	1.26252	
0.459859	1.26252	
0.459859	1.26252	
0.459859	1.26252	
0.459859	1.26252	
0.459859	1.30642	
0.459859	1.41387	
0.459859	1.41387	
0.459859	1.41387	
0.459859	1.41387	
0.26289	1.68619	
0.26289	1.68619	
0.26289	1.68619	
0.26289	1.68619	
0.26289	1.68619	
0.26289	1.68619	
0.26289	1.68619	
0.26289	1.68619	
0.226221	1.81813	
0.226221	1.81813	
0.226221	1.81813	
0.221184	2.04497	
0.19083	2.28507	
0.102757	2.30066	
0.102757	2.30066	
0.102757	2.30066	
0.102757	2.30066	
0.0360867	2.40485	
0.0360867	2.40485	
0.0298152	2.711	
0	4.86414	
0.841067	0.353542	
0.841067	0.353542	
0.841067	0.353542	
0.841067	0.377943	
0.841067	0.377943	
0.841067	0.377943	
0.841067	0.377943	
0.841067	0.353542	
0.841067	0.437884	
0.841067	0.377943	
0.841067	0.377943	
0.841067	0.377943	
0.841067	0.377943	
0.841067	0.366023	
0.841067	0.358234	
0.841067	0.540958	
0.841067	0.540958	
0.841067	0.540958	
0.841067	0.540958	
0.841067	0.540958	
0.841067	0.540958	
0.841067	0.437884	
0.841067	0.377943	
0.841067	0.377943	
0.841067	0.377943	
0.660176	0.732092	
0.660176	0.732092	
0.660176	0.732092	
0.660176	0.732092	
0.660176	0.737258	
0.660176	0.752795	
0.660176	0.759229	
0.660176	0.771167	
0.660176	0.7904	
0.660176	0.771167	
0.660176	0.771167	
0.660176	0.771167	
0.660176	0.771167	
0.660176	0.771167	
0.660176	0.993632	
0.660176	0.993632	
0.660176	0.993632	
0.660176	0.993632	
0.660176	0.993632	
0.660176	0.993632	
0.459859	1.21741	
0.459859	1.21741	
0.459859	1.21741	
0.459859	1.21741	
0.459859	1.21741	
0.459859	1.21741	
0.459859	1.21741	
0.459859	1.21741	
0.459859	1.26252	
0.459859	1.30642	
0.459859	1.31672	
0.459859	1.41387	
0.459859	1.41387	
0.26289	1.58425	
0.26289	1.58425	
0.26289	1.58425	
0.26289	1.58425	
0.26289	1.58425	
0.26289	1.58425	
0.26289	1.58425	
0.26289	1.58425	
0.26289	1.68619	
0.226221	1.81813	
0.226221	1.81813	
0.226221	1.81813	
0.221184	2.04497	
0.158316	2.14995	
0.158316	2.14995	
0.154557	2.23246	
0.0499831	2.24693	
0.0499831	2.24693	
0.0499831	2.24693	
0.0499831	2.24693	
0	2.67006	
0	4.86414	
0.841067	0.353542	
0.841067	0.353542	
0.841067	0.353542	
0.841067	0.377943	
0.841067	0.377943	
0.841067	0.377943	
0.841067	0.377943	
0.841067	0.353542	
0.841067	0.437884	
0.841067	0.377943	
0.841067	0.377943	
0.841067	0.377943	
0.841067	0.377943	
0.841067	0.366023	
0.841067	0.358234	
0.841067	0.540958	
0.841067	0.540958	
0.841067	0.540958	
0.841067	0.540958	
0.841067	0.540958	
0.841067	0.540958	
0.841067	0.437884	
0.841067	0.377943	
0.841067	0.377943	
0.660176	0.700951	
0.660176	0.700951	
0.660176	0.700951	
0.660176	0.700951	
0.660176	0.700951	
0.660176	0.717476	
0.660176	0.752795	
0.660176	0.759229	
0.660176	0.771167	
0.660176	0.7904	
0.660176	0.771167	
0.660176	0.771167	
0.660176	0.771167	
0.660176	0.771167	
0.660176	0.771167	
0.660176	0.993632	
0.660176	0.993632	
0.660176	0.993632	
0.660176	0.993632	
0.459859	1.11629	
0.459859	1.11629	
0.459859	1.11629	
0.459859	1.11629	
0.459859	1.11629	
0.459859	1.11629	
0.459859	1.11629	
0.459859	1.11629	
0.449855	1.15368	
0.441669	1.19293	
0.441669	1.21976	
0.441669	1.21976	
0.431664	1.33277	
0.431664	1.33277	
0.431664	1.33277	
0.265815	1.4935	
0.265815	1.4935	
0.265815	1.4935	
0.265815	1.4935	
0.265815	1.4935	
0.265815	1.4935	
0.265815	1.4935	
0.26289	1.55481	
0.26289	1.68619	
0.226221	1.79099	
0.226221	1.79099	
0.226221	1.81813	
0.204623	1.9295	
0.0499831	2.09886	
0.0499831	2.09886	
0.0499831	2.09886	
0.0499831	2.09886	
0.0499831	2.09886	
0.0499831	2.09886	
0.0499831	2.24693	
0.0282064	2.48817	
0	4.86414	
0.841067	0.353542	
0.841067	0.353542	
0.841067	0.353542	
0.841067	0.377943	
0.841067	0.377943	
0.841067	0.377943	
0.841067	0.377943	
0.841067	0.353542	
0.841067	0.437884	
0.841067	0.377943	
0.841067	0.377943	
0.841067	0.377943	
0.841067	0.377943	
0.841067	0.366023	
0.841067	0.358234	
0.841067	0.540958	
0.841067	0.540958	
0.841067	0.540958	
0.841067	0.540958	
0.841067	0.540958	
0.841067	0.540958	
0.841067	0.437884	
0.841067	0.377943	
0.660176	0.691126	
0.660176	0.691126	
0.660176	0.691126	
0.660176	0.691126	
0.660176	0.691126	
0.660176	0.700951	
0.660176	0.717476	
0.660176	0.752795	
0.660176	0.759229	
0.660176	0.771167	
0.650171	0.823475	
0.650171	0.823475	
0.650171	0.823475	
0.650171	0.823475	
0.650171	0.823475	
0.650171	0.823475	
0.650171	0.823475	
0.650171	0.823475	
0.459859	1.05326	
0.459859	1.05326	
0.459859	1.05326	
0.459859	1.05326	
0.459859	1.05326	
0.459859	1.05326	
0.459859	1.05326	
0.459859	1.05326	
0.459859	1.05326	
0.459859	1.11629	
0.449855	1.15368	
0.441669	1.19293	
0.431664	1.24472	
0.431664	1.24472	
0.431664	1.33277	
0.431664	1.33277	
0.271318	1.444	
0.271318	1.444	
0.271318	1.444	
0.271318	1.444	
0.271318	1.444	
0.271318	1.444	
0.271318	1.444	
0.265815	1.4935	
0.226221	1.56842	
0.226221	1.56842	
0.226221	1.56842	
0.226221	1.56842	
0.204623	1.81442	
0.204623	1.9295	
0.105895	1.98364	
0.105895	1.98364	
0.105895	1.98364	
0.105895	1.98364	
0.0499831	2.09886	
0.0499831	2.09886	
0.0499831	2.24693	
0.0282064	2.48817	
0	4.86414	
0.841067	0.337268	
0.841067	0.337268	
0.841067	0.353542	
0.841067	0.337268	
0.841067	0.377943	
0.841067	0.377943	
0.841067	0.377943	
0.841067	0.353542	
0.841067	0.337268	
0.841067	0.377943	
0.841067	0.377943	
0.841067	0.377943	
0.841067	0.377943	
0.841067	0.366023	
0.841067	0.358234	
0.841067	0.337268	
0.841067	0.540958	
0.841067	0.540958	
0.841067	0.540958	
0.841067	0.540958	
0.841067	0.540958	
0.841067	0.437884	
0.650171	0.656554	
0.650171	0.656554	
0.650171	0.656554	
0.650171	0.656554	
0.650171	0.656554	
0.650171	0.656554	
0.650171	0.656554	
0.650171	0.656554	
0.650171	0.656554	
0.650171	0.756593	
0.650171	0.756593	
0.650171	0.756593	
0.650171	0.823475	
0.650171	0.823475	
0.650171	0.823475	
0.650171	0.823475	
0.634664	0.917845	
0.634664	0.917845	
0.634664	0.917845	
0.631504	1.01337	
0.458593	1.03545	
0.458593	1.03545	
0.458593	1.03545	
0.458593	1.03545	
0.458593	1.03545	
0.458593	1.03545	
0.458593	1.03545	
0.441669	1.05695	
0.441669	1.05695	
0.441669	1.05695	
0.441669	1.05695	
0.252094	1.19302	
0.252094	1.19302	
0.252094	1.19302	
0.252094	1.19302	
0.252094	1.19302	
0.252094	1.19302	
0.252094	1.19302	
0.252094	1.19302	
0.252094	1.19302	
0.252094	1.19302	
0.240117	1.32555	
0.240117	1.32555	
0.240117	1.32555	
0.217056	1.54129	
0.217056	1.54129	
0.217018	1.58879	
0.204623	1.81442	
0.204623	1.9295	
0.0499831	1.95	
0.0499831	1.95	
0.0499831	1.95	
0.0499831	1.95	
0.0499831	1.95	
0.0499831	1.95	
0.0366666	2.09197	
0.0282064	2.48817	
0	4.86414	
0.841067	0.306094	
0.841067	0.245003	
0.841067	0.245003	
0.841067	0.245003	
0.841067	0.245003	
0.841067	0.245003	
0.841067	0.308628	
0.841067	0.245003	
0.841067	0.337268	
0.841067	0.245003	
0.841067	0.245003	
0.841067	0.377943	
0.841067	0.377943	
0.841067	0.366023	
0.841067	0.358234	
0.841067	0.337268	
0.841067	0.32224	
0.841067	0.308628	
0.841067	0.245003	
0.841067	0.245003	
0.650171	0.521381	
0.650171	0.521381	
0.650171	0.521381	
0.650171	0.521381	
0.650171	0.525511	
0.650171	0.525511	
0.650171	0.525511	
0.650171	0.577753	
0.650171	0.594576	
0.650171	0.594576	
0.650171	0.594576	
0.650171	0.592958	
0.650171	0.594576	
0.650171	0.594576	
0.650171	0.577753	
0.650171	0.577753	
0.650171	0.577753	
0.441669	0.814733	
0.441669	0.814733	
0.441669	0.814733	
0.441669	0.814733	
0.441669	0.814733	
0.441669	0.814733	
0.441669	0.814733	
0.441669	0.814733	
0.441669	0.814733	
0.441669	0.814733	
0.441669	0.814733	
0.441669	0.915813	
0.441669	0.915813	
0.441669	0.915813	
0.441669	0.915813	
0.441669	1.05695	
0.441669	1.1149	
0.258988	1.17289	
0.258988	1.17289	
0.258988	1.17289	
0.258988	1.17289	
0.258988	1.17289	
0.258988	1.17289	
0.258988	1.17289	
0.258988	1.17289	
0.252094	1.1776	
0.252094	1.18517	
0.240117	1.26109	
0.240117	1.32555	
0.240117	1.26109	
0.217056	1.54129	
0.217018	1.58879	
0.215388	1.7044	
0.147827	1.76227	
0.151619	1.79502	
0.151619	1.79502	
0.111122	1.86882	
0.111122	1.86882	
0.0499831	1.95	
0.0499831	1.95	
0.0461911	1.98013	
0	2.27022	
0	4.86414	
0.841067	0.181263	
0.841067	0.181263	
0.841067	0.181263	
0.841067	0.181263	
0.841067	0.181263	
0.841067	0.181263	
0.841067	0.224543	
0.841067	0.245003	
0.841067	0.224543	
0.841067	0.245003	
0.841067	0.245003	
0.841067	0.224543	
0.841067	0.224543	
0.841067	0.181263	
0.841067	0.358234	
0.841067	0.337268	
0.841067	0.32224	
0.841067	0.308628	
0.650171	0.419567	
0.650171	0.419567	
0.650171	0.419567	
0.650171	0.419567	
0.650171	0.429733	
0.650171	0.429733	
0.650171	0.429733	
0.650171	0.429733	
0.650171	0.429733	
0.650171	0.429733	
0.650171	0.429733	
0.650171	0.429733	
0.650171	0.429733	
0.650171	0.592958	
0.650171	0.594576	
0.650171	0.594576	
0.650171	0.577753	
0.650171	0.577753	
0.650171	0.577753	
0.650171	0.6362	
0.452048	0.781401	
0.452048	0.781401	
0.452048	0.781401	
0.452048	0.781401	
0.452048	0.781401	
0.452048	0.781401	
0.452048	0.781401	
0.452048	0.781401	
0.441669	0.796763	
0.441669	0.814733	
0.441669	0.829722	
0.441669	0.829722	
0.441669	0.915813	
0.441669	0.915813	
0.441669	0.957358	
0.441669	0.842939	
0.441669	0.842939	
0.258988	1.17289	
0.258988	1.17289	
0.258988	1.17289	
0.258988	1.17289	
0.258988	1.17289	
0.258988	1.17289	
0.258988	1.17289	
0.258988	1.17289	
0.252094	1.18517	
0.240117	1.26109	
0.238451	1.26418	
0.238451	1.26418	
0.225638	1.4268	
0.225638	1.4268	
0.217018	1.58413	
0.154722	1.72658	
0.154722	1.72658	
0.154722	1.72658	
0.125164	1.79273	
0.111122	1.86882	
0.0499831	1.95	
0.0499831	1.95	
0.0414755	1.95608	
0	2.27022	
0	4.86414	
0.841067	0.128683	
0.841067	0.128683	
0.841067	0.128683	
0.841067	0.128683	
0.841067	0.128683	
0.841067	0.181263	
0.841067	0.128683	
0.841067	0.128683	
0.841067	0.128683	
0.841067	0.128683	
0.841067	0.245003	
0.841067	0.224543	
0.841067	0.224543	
0.841067	0.181263	
0.841067	0.128683	
0.841067	0.128683	
0.841067	0.32224	
0.841067	0.308628	
0.841067	0.128683	
0.650171	0.390324	
0.650171	0.390324	
0.650171	0.390324	
0.650171	0.390324	
0.650171	0.390324	
0.650171	0.390324	
0.650171	0.41507	
0.650171	0.429733	
0.650171	0.429733	
0.650171	0.429733	
0.650171	0.429733	
0.650171	0.429733	
0.650171	0.449865	
0.650171	0.459197	
0.650171	0.594576	
0.650171	0.577753	
0.650171	0.577753	
0.650171	0.577753	
0.650171	0.6362	
0.452048	0.705945	
0.452048	0.705945	
0.452048	0.705945	
0.452048	0.705945	
0.452048	0.705945	
0.452048	0.705945	
0.452048	0.705945	
0.452048	0.705945	
0.452048	0.705945	
0.441669	0.777892	
0.441669	0.777892	
0.441669	0.829722	
0.441669	0.777892	
0.441669	0.915813	
0.441669	0.957358	
0.441669	0.842939	
0.441669	0.842939	
0.441669	0.914286	
0.258988	1.17289	
0.258988	1.17289	
0.258988	1.17289	
0.258988	1.17289	
0.258988	1.17289	
0.258988	1.17289	
0.258988	1.17289	
0.252094	1.18517	
0.238451	1.22859	
0.238451	1.22859	
0.238451	1.26418	
0.225638	1.4268	
0.217018	1.44789	
0.217018	1.58413	
0.154722	1.72658	
0.154722	1.72658	
0.154722	1.72658	
0.125164	1.73366	
0.0755626	1.77296	
0.0755626	1.77296	
0.0499831	1.82398	
0.0414755	1.95608	
0.00553169	2.13801	
0	4.86414	
0.841067	0.0505878	
0.841067	0.0505878	
0.841067	0.0505878	
0.841067	0.0505878	
0.841067	0.0726984	
0.841067	0.0890561	
0.841067	0.0505878	
0.841067	0.128683	
0.841067	0.128683	
0.841067	0.128683	
0.841067	0.0890561	
0.841067	0.0866157	
0.841067	0.0726984	
0.841067	0.181263	
0.841067	0.128683	
0.841067	0.128683	
0.841067	0.0890561	
0.841067	0.0726984	
0.650171	0.284147	
0.650171	0.284147	
0.650171	0.284147	
0.650171	0.284147	
0.650171	0.284147	
0.650171	0.284147	
0.650171	0.284147	
0.650171	0.341607	
0.650171	0.341607	
0.650171	0.383268	
0.650171	0.383268	
0.650171	0.417998	
0.650171	0.429733	
0.650171	0.449865	
0.650171	0.459197	
0.650171	0.341607	
0.650171	0.341607	
0.650171	0.284147	
0.650171	0.577753	
0.650171	0.551411	
0.650171	0.551411	
0.452048	0.683826	
0.452048	0.683826	
0.452048	0.683826	
0.452048	0.683826	
0.452048	0.683826	
0.452048	0.683826	
0.452048	0.683826	
0.452048	0.683826	
0.44634	0.697851	
0.44634	0.697851	
0.44634	0.697851	
0.441669	0.777892	
0.441669	0.813165	
0.441669	0.813165	
0.441669	0.842939	
0.441669	0.842939	
0.441669	0.914286	
0.264697	1.09796	
0.264697	1.09796	
0.264697	1.09796	
0.264697	1.09796	
0.264697	1.09796	
0.264697	1.09796	
0.264697	1.09796	
0.264697	1.09796	
0.264697	1.09796	
0.238451	1.21091	
0.238451	1.21091	
0.226662	1.3209	
0.217018	1.36861	
0.217018	1.36861	
0.167362	1.59146	
0.167362	1.59146	
0.0618038	1.71819	
0.0618038	1.71819	
0.0618038	1.71819	
0.0618038	1.71819	
0.0618038	1.71819	
0.0414755	1.95608	
0.00553169	2.13801	
0	4.86414	
0.841067	-0.00195231	
0.841067	-0.00195231	
0.841067	-0.00195231	
0.841067	-0.00195231	
0.841067	-0.00195231	
0.841067	-0.00195231	
0.841067	-0.0189479	
0.841067	-0.00195231	
0.841067	-0.00195231	
0.841067	-0.00195231	
0.841067	0.0890561	
0.841067	0.0866157	
0.841067	0.0726984	
0.841067	-0.00195231	
0.841067	0.128683	
0.841067	0.128683	
0.841067	0.0890561	
0.841067	0.0726984	
0.841067	-0.00195231	
0.841067	-0.00195231	
0.841067	-0.00195231	
0.650171	0.284147	
0.650171	0.284147	
0.650171	0.284147	
0.650171	0.284147	
0.647031	0.297384	
0.647031	0.297384	
0.647031	0.297384	
0.647031	0.297384	
0.647031	0.297384	
0.647031	0.297384	
0.647031	0.297384	
0.647031	0.297384	
0.647031	0.297384	
0.647031	0.297384	
0.647031	0.297384	
0.647031	0.297384	
0.647031	0.541776	
0.647031	0.541776	
0.647031	0.541776	
0.452048	0.639854	
0.452048	0.639854	
0.452048	0.639854	
0.452048	0.639854	
0.452048	0.639854	
0.452048	0.639854	
0.452048	0.639854	
0.452048	0.639854	
0.448536	0.670356	
0.436747	0.686525	
0.436747	0.686525	
0.436747	0.686525	
0.436747	0.686525	
0.436747	0.686525	
0.436747	0.686525	
0.407238	0.929955	
0.264697	0.949185	
0.264697	0.949185	
0.264697	0.949185	
0.264697	0.949185	
0.264697	0.949185	
0.264697	0.949185	
0.264697	0.949185	
0.264697	0.949185	
0.264697	1.09796	
0.264697	1.10634	
0.238451	1.21091	
0.217018	1.23758	
0.217018	1.31434	
0.217018	1.36861	
0.0618038	1.51029	
0.0618038	1.51029	
0.0618038	1.51029	
0.0618038	1.51029	
0.0618038	1.51029	
0.0618038	1.51029	
0.0618038	1.51029	
0.0355801	1.92257	
0.00553169	2.13801	
0	4.86414	
0.841067	-0.0443939	
0.841067	-0.0443939	
0.841067	-0.0443939	
0.841067	-0.0443939	
0.841067	-0.00195231	
0.841067	-0.00195231	
0.841067	-0.0189479	
0.841067	-0.00195231	
0.841067	-0.00195231	
0.841067	-0.00195231	
0.841067	-0.0443939	
0.841067	0.0866157	
0.841067	0.0726984	
0.841067	-0.00195231	
0.841067	0.128683	
0.841067	0.128683	
0.841067	0.0890561	
0.841067	0.0726984	
0.841067	-0.00195231	
0.841067	-0.00195231	
0.841067	-0.00195231	
0.650171	0.258631	
0.650171	0.258631	
0.650171	0.258631	
0.650171	0.258631	
0.650171	0.258631	
0.650171	0.258631	
0.647031	0.277439	
0.647031	0.297384	
0.647031	0.297384	
0.647031	0.297384	
0.647031	0.297384	
0.647031	0.297384	
0.647031	0.297384	
0.647031	0.297384	
0.647031	0.297384	
0.647031	0.297384	
0.647031	0.277439	
0.647031	0.541776	
0.647031	0.541776	
0.436747	0.586803	
0.436747	0.586803	
0.436747	0.586803	
0.436747	0.586803	
0.436747	0.586803	
0.436747	0.586803	
0.436747	0.586803	
0.436747	0.586803	
0.436747	0.586803	
0.436747	0.586803	
0.436747	0.686525	
0.436747	0.686525	
0.436747	0.686525	
0.436747	0.686525	
0.436747	0.686525	
0.407238	0.91388	
0.264697	0.914995	
0.264697	0.914995	
0.264697	0.914995	
0.264697	0.914995	
0.264697	0.914995	
0.264697	0.914995	
0.264697	0.914995	
0.238473	0.992759	
0.238473	0.992759	
0.238473	0.992759	
0.217018	1.14413	
0.217018	1.14413	
0.217018	1.14413	
0.217018	1.36861	
0.0618038	1.47	
0.0618038	1.47	
0.0618038	1.47	
0.0618038	1.47	
0.0618038	1.47	
0.0618038	1.47	
0.0618038	1.51029	
0.0355801	1.68349	
0.00553169	2.13801	
0	4.86414	
0.841067	-0.112093	
0.841067	-0.112093	
0.841067	-0.112093	
0.841067	-0.112093	
0.841067	-0.112093	
0.841067	-0.112093	
0.841067	-0.112093	
0.841067	-0.112093	
0.841067	-0.112093	
0.841067	-0.112093	
0.841067	-0.0443939	
0.841067	-0.112093	
0.841067	-0.112093	
0.841067	-0.00195231	
0.841067	-0.112093	
0.841067	-0.112093	
0.841067	0.0890561	
0.647031	0.101487	
0.647031	0.101487	
0.647031	0.101487	
0.647031	0.101487	
0.647031	0.101487	
0.647031	0.101487	
0.647031	0.101487	
0.647031	0.101487	
0.647031	0.101487	
0.647031	0.202242	
0.647031	0.202242	
0.647031	0.202242	
0.647031	0.202242	
0.647031	0.280535	
0.647031	0.297384	
0.647031	0.297384	
0.647031	0.297384	
0.647031	0.297384	
0.647031	0.297384	
0.647031	0.297384	
0.647031	0.277439	
0.647031	0.202242	
0.647031	0.204075	
0.647031	0.275393	
0.436747	0.577794	
0.436747	0.577794	
0.436747	0.577794	
0.436747	0.577794	
0.436747	0.577794	
0.436747	0.577794	
0.436747	0.577794	
0.436747	0.577794	
0.436747	0.586803	
0.436747	0.606142	
0.436747	0.606142	
0.436747	0.686525	
0.436747	0.686525	
0.436747	0.686525	
0.436747	0.606142	
0.264697	0.914995	
0.264697	0.914995	
0.264697	0.914995	
0.264697	0.914995	
0.264697	0.914995	
0.264697	0.914995	
0.264697	0.914995	
0.263191	0.925186	
0.238473	0.992759	
0.238473	0.992759	
0.231556	1.04442	
0.217018	1.14413	
0.212041	1.18284	
0.217018	1.36861	
0.0618038	1.47	
0.0618038	1.47	
0.0618038	1.47	
0.0618038	1.47	
0.0618038	1.47	
0.0618038	1.47	
0.0618038	1.51029	
0.0440549	1.58727	
0	1.81417	
0	4.86414	
0.841067	-0.215006	
0.841067	-0.215006	
0.841067	-0.215006	
0.841067	-0.215006	
0.841067	-0.171987	
0.841067	-0.171987	
0.841067	-0.215006	
0.841067	-0.215006	
0.841067	-0.215006	
0.841067	-0.112093	
0.841067	-0.171987	
0.841067	-0.112093	
0.841067	-0.112093	
0.841067	-0.171987	
0.841067	-0.112093	
0.841067	-0.112093	
0.841067	-0.171987	
0.841067	-0.171987	
0.841067	-0.171987	
0.841067	-0.171987	
0.841067	-0.215006	
0.647031	0.0888562	
0.647031	0.0888562	
0.647031	0.0888562	
0.647031	0.0888562	
0.647031	0.0888562	
0.647031	0.0896374	
0.647031	0.103427	
0.647031	0.103427	
0.647031	0.103427	
0.647031	0.103427	
0.647031	0.103427	
0.647031	0.103427	
0.647031	0.103427	
0.647031	0.103427	
0.647031	0.297384	
0.647031	0.297384	
0.647031	0.277439	
0.647031	0.202242	
0.647031	0.204075	
0.647031	0.275393	
0.647031	0.12006	
0.436747	0.519018	
0.436747	0.519018	
0.436747	0.519018	
0.436747	0.519018	
0.436747	0.519018	
0.436747	0.519018	
0.436747	0.519018	
0.436747	0.519018	
0.436747	0.519018	
0.436747	0.57174	
0.436747	0.57174	
0.436747	0.57174	
0.436747	0.686525	
0.436747	0.606142	
0.436747	0.57174	
0.264697	0.904043	
0.264697	0.904043	
0.264697	0.904043	
0.264697	0.904043	
0.264697	0.904043	
0.264697	0.904043	
0.264697	0.904043	
0.264697	0.904043	
0.238473	0.979149	
0.238473	0.979149	
0.225635	1.08563	
0.225635	1.0962	
0.225635	1.0962	
0.0584779	1.45723	
0.0584779	1.45723	
0.0584779	1.45723	
0.0584779	1.45723	
0.0584779	1.45723	
0.0584779	1.45723	
0.0584779	1.45723	
0.0440549	1.54592	
0.00706078	1.68049	
0	4.86414	
0.841067	-0.21615	
0.841067	-0.215006	
0.841067	-0.215006	
0.841067	-0.215006	
0.841067	-0.171987	
0.841067	-0.171987	
0.841067	-0.215006	
0.841067	-0.215006	
0.841067	-0.215006	
0.841067	-0.229276	
0.841067	-0.171987	
0.841067	-0.112093	
0.841067	-0.112093	
0.841067	-0.171987	
0.841067	-0.112093	
0.841067	-0.112093	
0.841067	-0.171987	
0.841067	-0.171987	
0.841067	-0.171987	
0.841067	-0.171987	
0.841067	-0.215006	
0.647031	0.0734717	
0.647031	0.0734717	
0.647031	0.0734717	
0.647031	0.0734717	
0.647031	0.0734717	
0.647031	0.0896374	
0.647031	0.103427	
0.647031	0.103427	
0.647031	0.103427	
0.647031	0.103427	
0.647031	0.103427	
0.647031	0.103427	
0.647031	0.103427	
0.647031	0.103427	
0.647031	0.200507	
0.647031	0.297384	
0.647031	0.277439	
0.632608	0.341776	
0.632608	0.341776	
0.632608	0.341776	
0.632608	0.341776	
0.436747	0.470973	
0.436747	0.470973	
0.436747	0.470973	
0.436747	0.470973	
0.436747	0.470973	
0.436747	0.470973	
0.436747	0.470973	
0.436747	0.470973	
0.436747	0.519018	
0.436747	0.529475	
0.433684	0.594484	
0.433684	0.611529	
0.433684	0.611529	
0.433684	0.611529	
0.433684	0.611529	
0.267309	0.845109	
0.267309	0.845109	
0.267309	0.845109	
0.267309	0.845109	
0.267309	0.845109	
0.267309	0.845109	
0.267309	0.845109	
0.264697	0.904043	
0.238473	0.936034	
0.225635	0.946788	
0.225635	1.0225	
0.225635	1.0962	
0.225635	1.0962	
0.0808885	1.39548	
0.0808885	1.39548	
0.0808885	1.39548	
0.0808885	1.39548	
0.0808885	1.39548	
0.0808885	1.39548	
0.0584779	1.40016	
0.0440549	1.54592	
0.00706078	1.65678	
0	4.86414	
0.841067	-0.224355	
0.841067	-0.224355	
0.841067	-0.215006	
0.841067	-0.215006	
0.841067	-0.206773	
0.841067	-0.206773	
0.841067	-0.215006	
0.841067	-0.215006	
0.841067	-0.215006	
0.841067	-0.229276	
0.841067	-0.171987	
0.841067	-0.112093	
0.841067	-0.112093	
0.841067	-0.171987	
0.841067	-0.112093	
0.841067	-0.112093	
0.841067	-0.171987	
0.841067	-0.171987	
0.841067	-0.171987	
0.841067	-0.171987	
0.651394	0.0402382	
0.651394	0.0402382	
0.651394	0.0402382	
0.651394	0.0402382	
0.647031	0.0483884	
0.647031	0.0483884	
0.638384	0.0610364	
0.638384	0.0610364	
0.636699	0.116654	
0.636699	0.116654	
0.636699	0.116654	
0.636699	0.116654	
0.636699	0.116654	
0.636699	0.205746	
0.636699	0.205746	
0.636699	0.205746	
0.632608	0.283544	
0.632608	0.283544	
0.632608	0.341776	
0.632608	0.341776	
0.632608	0.341776	
0.438184	0.421612	
0.438184	0.421612	
0.438184	0.421612	
0.438184	0.421612	
0.438184	0.421612	
0.438184	0.421612	
0.438184	0.421612	
0.438184	0.421612	
0.436747	0.470973	
0.436747	0.519018	
0.436747	0.529475	
0.433684	0.594484	
0.433684	0.611529	
0.433684	0.611529	
0.433684	0.611529	
0.25814	0.800403	
0.25814	0.800403	
0.25814	0.800403	
0.25814	0.800403	
0.25814	0.800403	
0.25814	0.800403	
0.25814	0.800403	
0.25814	0.800403	
0.25814	0.828673	
0.238473	0.936034	
0.225635	0.946788	
0.225635	1.0225	
0.225635	1.0962	
0.225635	1.0962	
0.0917054	1.39475	
0.0917054	1.39475	
0.0917054	1.39475	
0.0917054	1.39475	
0.0917054	1.39475	
0.0808885	1.39548	
0.0584779	1.40016	
0.0440549	1.54592	
0.00706078	1.65678	
0	4.86414	
0.841067	-0.256031	
0.841067	-0.256031	
0.841067	-0.256031	
0.841067	-0.256031	
0.841067	-0.256031	
0.841067	-0.206773	
0.841067	-0.215006	
0.841067	-0.215006	
0.841067	-0.215006	
0.841067	-0.229276	
0.841067	-0.171987	
0.841067	-0.256031	
0.841067	-0.112093	
0.841067	-0.171987	
0.841067	-0.112093	
0.833134	-0.069243	
0.833134	-0.069243	
0.833134	-0.069243	
0.647031	-0.0265294	
0.647031	-0.0265294	
0.647031	-0.0265294	
0.647031	-0.0265294	
0.647031	-0.0265294	
0.647031	-0.0265294	
0.646105	0.0120116	
0.646105	0.0120116	
0.646105	0.0120116	
0.638384	0.0610364	
0.646105	0.0120116	
0.636699	0.116654	
0.636699	0.116654	
0.636699	0.116654	
0.636699	0.116654	
0.636699	0.197833	
0.632608	0.212068	
0.632608	0.212068	
0.631016	0.250352	
0.631016	0.250352	
0.631016	0.250352	
0.631016	0.250352	
0.623427	0.307477	
0.623427	0.307477	
0.438184	0.421612	
0.438184	0.421612	
0.438184	0.421612	
0.438184	0.421612	
0.438184	0.421612	
0.438184	0.421612	
0.438184	0.421612	
0.438184	0.445775	
0.438184	0.445775	
0.436747	0.529475	
0.433684	0.544033	
0.428511	0.604295	
0.428511	0.630955	
0.428511	0.630955	
0.428511	0.604295	
0.25814	0.800403	
0.25814	0.800403	
0.25814	0.800403	
0.25814	0.800403	
0.25814	0.800403	
0.25814	0.800403	
0.25814	0.800403	
0.252941	0.808363	
0.25282	0.827551	
0.225635	0.946788	
0.225635	1.0225	
0.225635	1.0962	
0.0755588	1.22995	
0.0755588	1.22995	
0.0755588	1.22995	
0.0755588	1.22995	
0.0755588	1.22995	
0.0755588	1.22995	
0.0755588	1.22995	
0.0584779	1.40016	
0.0440549	1.43501	
0.00706078	1.65678	
0	4.86414	
0.841067	-0.326983	
0.841067	-0.341533	
0.841067	-0.341533	
0.841067	-0.308784	
0.841067	-0.308784	
0.841067	-0.308784	
0.841067	-0.308784	
0.841067	-0.308784	
0.841067	-0.313394	
0.841067	-0.341533	
0.841067	-0.308784	
0.841067	-0.256031	
0.841067	-0.308784	
0.841067	-0.341533	
0.841067	-0.308784	
0.841067	-0.308784	
0.841067	-0.308784	
0.841067	-0.308784	
0.841067	-0.308784	
0.841067	-0.308784	
0.841067	-0.313394	
0.647031	-0.0486302	
0.647031	-0.0486302	
0.647031	-0.0486302	
0.647031	-0.0486302	
0.647031	-0.0486302	
0.647031	-0.0486302	
0.647031	-0.0118309	
0.646105	0.0120116	
0.646105	0.0125919	
0.644156	0.0423906	
0.634559	0.0616209	
0.634559	0.0616209	
0.634559	0.0616209	
0.633487	0.127043	
0.633487	0.127043	
0.631016	0.171706	
0.631016	0.171706	
0.631016	0.171706	
0.631016	0.250352	
0.631016	0.273431	
0.623427	0.307477	
0.631016	0.273431	
0.438184	0.391954	
0.438184	0.391954	
0.438184	0.391954	
0.438184	0.391954	
0.438184	0.391954	
0.438184	0.391954	
0.438184	0.391954	
0.438184	0.391954	
0.436236	0.43415	
0.436236	0.43415	
0.436236	0.516935	
0.429582	0.581025	
0.426656	0.635816	
0.426656	0.635816	
0.25814	0.759795	
0.25814	0.759795	
0.25814	0.759795	
0.25814	0.759795	
0.25814	0.759795	
0.25814	0.759795	
0.25814	0.759795	
0.25814	0.759795	
0.25282	0.827551	
0.225635	0.935867	
0.225635	0.935867	
0.225635	0.935867	
0.193856	1.12676	
0.193856	1.12676	
0.175979	1.22953	
0.0755588	1.22995	
0.0755588	1.22995	
0.0755588	1.22995	
0.0755588	1.22995	
0.0440549	1.33527	
0.0440549	1.33527	
0.00706078	1.64397	
0	4.86414	
0.841067	-0.354203	
0.841067	-0.354203	
0.841067	-0.341533	
0.841067	-0.354203	
0.841067	-0.354203	
0.841067	-0.308784	
0.841067	-0.308784	
0.841067	-0.308784	
0.841067	-0.313394	
0.841067	-0.341533	
0.841067	-0.308784	
0.841067	-0.256031	
0.836893	-0.28823	
0.836893	-0.28823	
0.836893	-0.28823	
0.836893	-0.28823	
0.836893	-0.28823	
0.836893	-0.28823	
0.836893	-0.28823	
0.836893	-0.28823	
0.836893	-0.28823	
0.647031	-0.0650666	
0.647031	-0.0650666	
0.647031	-0.0650666	
0.647031	-0.0650666	
0.647031	-0.0597582	
0.647031	-0.0486302	
0.643367	-0.0301076	
0.643367	-0.0301076	
0.634559	0.00509877	
0.634559	0.00509877	
0.634559	0.00509877	
0.634559	0.0616209	
0.634559	0.0616209	
0.633487	0.118658	
0.633487	0.127043	
0.631016	0.171706	
0.629945	0.190759	
0.629945	0.190759	
0.629945	0.190759	
0.629945	0.190759	
0.623427	0.307477	
0.629945	0.190759	
0.438184	0.391954	
0.438184	0.391954	
0.438184	0.391954	
0.438184	0.391954	
0.438184	0.391954	
0.438184	0.391954	
0.438184	0.391954	
0.438184	0.391954	
0.436236	0.43415	
0.436236	0.43415	
0.436236	0.516935	
0.429582	0.581025	
0.426656	0.635816	
0.426656	0.635816	
0.261066	0.715207	
0.261066	0.715207	
0.261066	0.715207	
0.261066	0.715207	
0.261066	0.715207	
0.261066	0.715207	
0.261066	0.715207	
0.25814	0.729789	
0.241579	0.779483	
0.225635	0.854156	
0.225635	0.863291	
0.225635	0.935867	
0.193856	1.1267	
0.193856	1.12676	
0.0766304	1.21198	
0.0766304	1.21198	
0.0766304	1.21198	
0.0766304	1.21198	
0.0766304	1.21198	
0.055037	1.27099	
0.0440549	1.33527	
0.00706078	1.64397	
0	4.86414	
0.843363	-0.37206	
0.843363	-0.37206	
0.841067	-0.364699	
0.841067	-0.354203	
0.836893	-0.336307	
0.836893	-0.32693	
0.836893	-0.32693	
0.836893	-0.291383	
0.836893	-0.282511	
0.836893	-0.282511	
0.836893	-0.282511	
0.836893	-0.282511	
0.836893	-0.28823	
0.836893	-0.28823	
0.836893	-0.28823	
0.836893	-0.28823	
0.826297	-0.185632	
0.826297	-0.185632	
0.826297	-0.185632	
0.826297	-0.185632	
0.653824	-0.0928456	
0.653824	-0.0928456	
0.653824	-0.0928456	
0.653824	-0.0928456	
0.653824	-0.0928456	
0.653824	-0.0928456	
0.653824	-0.0928456	
0.643367	-0.0506067	
0.643367	-0.0301076	
0.634559	-0.0109986	
0.634559	0.00509877	
0.634559	0.00509877	
0.634559	-0.0109986	
0.634559	0.0616209	
0.634559	-0.0109986	
0.633487	0.127043	
0.623963	0.135809	
0.623963	0.135809	
0.623963	0.135809	
0.623963	0.135809	
0.623963	0.135809	
0.444012	0.296934	
0.444012	0.296934	
0.444012	0.296934	
0.444012	0.296934	
0.444012	0.296934	
0.444012	0.296934	
0.444012	0.296934	
0.444012	0.296934	
0.438184	0.33531	
0.433294	0.370838	
0.427695	0.403029	
0.427695	0.403029	
0.427695	0.403029	
0.427695	0.403029	
0.271784	0.582748	
0.271784	0.582748	
0.271784	0.582748	
0.271784	0.582748	
0.271784	0.582748	
0.271784	0.582748	
0.271784	0.582748	
0.271784	0.582748	
0.261066	0.660257	
0.25814	0.729789	
0.241579	0.779483	
0.225635	0.854156	
0.225635	0.863291	
0.0766304	0.972057	
0.0766304	0.972057	
0.0766304	0.972057	
0.0766304	0.972057	
0.0766304	0.972057	
0.0766304	0.972057	
0.0766304	0.972057	
0.0766304	0.972057	
0.055037	1.27099	
0.0440549	1.28084	
0.00706078	1.55953	
0	4.86414	
0.843363	-0.37206	
0.841067	-0.369442	
0.841067	-0.364699	
0.836893	-0.341733	
0.836893	-0.336307	
0.835683	-0.322091	
0.835683	-0.322091	
0.835683	-0.322091	
0.835683	-0.322091	
0.835683	-0.322091	
0.835683	-0.322091	
0.835683	-0.322091	
0.835683	-0.322091	
0.835683	-0.322091	
0.826297	-0.202512	
0.826297	-0.202512	
0.826297	-0.185632	
0.826297	-0.185632	
0.826297	-0.185632	
0.653824	-0.118756	
0.653824	-0.118756	
0.653824	-0.123417	
0.653824	-0.123417	
0.653824	-0.118756	
0.645155	-0.0885493	
0.645155	-0.0885493	
0.643228	-0.0673841	
0.643228	-0.0673841	
0.634559	-0.027205	
0.634559	-0.0109986	
0.634559	0.00509877	
0.634559	0.00509877	
0.634559	-0.0109986	
0.634559	0.0616209	
0.634559	-0.0109986	
0.633487	0.127043	
0.623963	0.135809	
0.623963	0.135809	
0.623963	0.135809	
0.623963	0.135809	
0.623963	0.135809	
0.444012	0.296934	
0.444012	0.296934	
0.444012	0.296934	
0.444012	0.296934	
0.444012	0.296934	
0.444012	0.296934	
0.444012	0.296934	
0.444012	0.296934	
0.435038	0.317224	
0.433294	0.370838	
0.427695	0.403029	
0.421926	0.430781	
0.421926	0.457343	
0.421926	0.457343	
0.272733	0.558441	
0.272733	0.558441	
0.272733	0.558441	
0.272733	0.558441	
0.272733	0.558441	
0.272733	0.558441	
0.272733	0.558441	
0.25814	0.579547	
0.25814	0.579547	
0.25814	0.579547	
0.241579	0.779483	
0.225635	0.841909	
0.225635	0.863291	
0.0766304	0.972057	
0.0766304	0.972057	
0.0766304	0.972057	
0.0766304	0.972057	
0.0766304	0.972057	
0.0766304	0.972057	
0.0766304	0.972057	
0.0766304	0.972057	
0.0500989	1.15557	
0.0440549	1.28084	
0.00706078	1.48624	
0	4.86414	
0.843363	-0.37206	
0.841067	-0.369442	
0.835683	-0.357305	
0.835683	-0.357305	
0.835683	-0.357305	
0.835683	-0.322091	
0.835683	-0.322091	
0.831459	-0.294212	
0.831459	-0.294212	
0.831459	-0.265985	
0.8304	-0.256399	
0.8304	-0.256399	
0.8304	-0.256399	
0.8304	-0.256399	
0.826297	-0.202512	
0.826297	-0.202512	
0.826297	-0.185632	
0.826297	-0.185632	
0.826297	-0.185632	
0.651501	-0.120347	
0.651501	-0.120347	
0.653824	-0.123417	
0.651501	-0.120347	
0.643228	-0.108873	
0.643228	-0.102788	
0.642269	-0.0789527	
0.642269	-0.0789527	
0.642269	-0.0789527	
0.634559	-0.027205	
0.634559	-0.0109986	
0.634559	0.00509877	
0.629791	0.0258377	
0.634559	-0.0109986	
0.634559	0.0616209	
0.634559	-0.0109986	
0.623963	0.125698	
0.623963	0.135809	
0.623963	0.135809	
0.623963	0.135809	
0.623963	0.135809	
0.623963	0.135809	
0.444012	0.274922	
0.444012	0.274922	
0.444012	0.274922	
0.444012	0.274922	
0.444012	0.274922	
0.444012	0.274922	
0.444012	0.274922	
0.431865	0.314228	
0.431865	0.314228	
0.431865	0.334968	
0.421926	0.381003	
0.421926	0.430781	
0.421926	0.457343	
0.263624	0.514341	
0.263624	0.514341	
0.263624	0.514341	
0.263624	0.514341	
0.263624	0.514341	
0.263624	0.514341	
0.263624	0.514341	
0.263624	0.514341	
0.25814	0.579547	
0.25814	0.579547	
0.25814	0.579547	
0.241579	0.779483	
0.225635	0.841909	
0.225635	0.863291	
0.0711643	0.910765	
0.0711643	0.910765	
0.0711643	0.910765	
0.0711643	0.910765	
0.0711643	0.910765	
0.0711643	0.910765	
0.0711643	0.910765	
0.0652388	0.917765	
0.0500989	1.15557	
0	1.21651	
0	1.21651	
0	4.86414	
0.843363	-0.424884	
0.843363	-0.424884	
0.843363	-0.424884	
0.839139	-0.395914	
0.839139	-0.395914	
0.839139	-0.395914	
0.839139	-0.395914	
0.837898	-0.346861	
0.833977	-0.336575	
0.833977	-0.327581	
0.833977	-0.3132	
0.833977	-0.3132	
0.833977	-0.327581	
0.833977	-0.327581	
0.833977	-0.3132	
0.833977	-0.3132	
0.833977	-0.3132	
0.826297	-0.210907	
0.826297	-0.185632	
0.826297	-0.210907	
0.826297	-0.210907	
0.826297	-0.210907	
0.647277	-0.125611	
0.647277	-0.125611	
0.647277	-0.125611	
0.647277	-0.125611	
0.647277	-0.125611	
0.64505	-0.0989398	
0.643228	-0.0860079	
0.643228	-0.0860079	
0.643228	-0.0860079	
0.634559	-0.0168206	
0.634559	-0.0109986	
0.634559	-0.00966211	
0.634559	-0.0109986	
0.634559	-0.00966211	
0.634559	-0.00966211	
0.634559	-0.00966211	
0.623963	0.135809	
0.623963	0.135809	
0.623963	0.135809	
0.446239	0.242562	
0.446239	0.242562	
0.446239	0.242562	
0.446239	0.242562	
0.446239	0.242562	
0.446239	0.242562	
0.446239	0.242562	
0.446239	0.251944	
0.446239	0.251944	
0.431865	0.334968	
0.431865	0.334968	
0.431865	0.334968	
0.419949	0.422954	
0.419949	0.422954	
0.25707	0.491379	
0.25707	0.491379	
0.25707	0.491379	
0.25707	0.491379	
0.25707	0.491379	
0.25707	0.491379	
0.25707	0.491379	
0.234981	0.506431	
0.234981	0.506431	
0.234981	0.506431	
0.228117	0.626216	
0.209711	0.732698	
0.209711	0.732698	
0.209711	0.732698	
0.0711643	0.886366	
0.0711643	0.886366	
0.0711643	0.886366	
0.0711643	0.886366	
0.0711643	0.886366	
0.0711643	0.886366	
0.0711643	0.9022	
0.0586849	1.01046	
0	1.21651	
0	1.21651	
0	4.86414	
0.843363	-0.457733	
0.843363	-0.455633	
0.842077	-0.447083	
0.842077	-0.447083	
0.842077	-0.447083	
0.842077	-0.447083	
0.834749	-0.396308	
0.834749	-0.396308	
0.834749	-0.396308	
0.83175	-0.359658	
0.83175	-0.359658	
0.83175	-0.359658	
0.83175	-0.359658	
0.83175	-0.359658	
0.83175	-0.359658	
0.83175	-0.272154	
0.83175	-0.272154	
0.83175	-0.272154	
0.826297	-0.221074	
0.826297	-0.210907	
0.826297	-0.210907	
0.826297	-0.210907	
0.826297	-0.221074	
0.647277	-0.129341	
0.647277	-0.129341	
0.647277	-0.129341	
0.647277	-0.129341	
0.647277	-0.127751	
0.647277	-0.127751	
0.643228	-0.0860079	
0.64089	-0.0661134	
0.634559	-0.0483469	
0.634559	-0.0483469	
0.634559	-0.00966211	
0.634559	-0.0109986	
0.634559	-0.00966211	
0.634559	-0.00966211	
0.623963	0.0849436	
0.446239	0.104861	
0.446239	0.104861	
0.446239	0.104861	
0.446239	0.104861	
0.446239	0.104861	
0.446239	0.104861	
0.446239	0.104861	
0.446239	0.104861	
0.44449	0.100557	
0.432341	0.185015	
0.432341	0.185015	
0.432341	0.185015	
0.432341	0.185015	
0.432341	0.185015	
0.430315	0.348715	
0.430315	0.348715	
0.25707	0.447371	
0.25707	0.447371	
0.25707	0.447371	
0.25707	0.447371	
0.25707	0.447371	
0.25707	0.447371	
0.25707	0.447371	
0.25707	0.447371	
0.25707	0.459758	
0.234981	0.490096	
0.234981	0.506431	
0.228117	0.572214	
0.228117	0.572214	
0.209711	0.710144	
0.209711	0.732698	
0.0995552	0.859167	
0.0995552	0.859167	
0.0995552	0.859167	
0.0995552	0.859167	
0.0995552	0.859167	
0.0711643	0.886366	
0.0711643	0.9022	
0.0586849	1.01046	
0.0195445	1.17277	
0	1.21651	
0	4.86414	
0.846725	-0.50448	
0.846725	-0.50448	
0.846725	-0.50448	
0.846725	-0.50448	
0.846725	-0.50448	
0.846725	-0.50448	
0.846725	-0.50448	
0.846725	-0.50448	
0.846725	-0.50448	
0.846725	-0.50448	
0.846725	-0.53309	
0.846725	-0.53309	
0.846725	-0.53309	
0.846725	-0.53309	
0.83175	-0.359658	
0.83175	-0.343648	
0.83175	-0.343648	
0.83175	-0.343648	
0.83175	-0.343648	
0.83175	-0.343648	
0.83175	-0.343648	
0.647277	-0.2416	
0.647277	-0.275002	
0.647277	-0.275002	
0.647277	-0.275002	
0.647277	-0.2416	
0.647277	-0.2416	
0.647277	-0.2416	
0.647277	-0.2416	
0.647277	-0.2416	
0.647277	-0.154115	
0.647277	-0.154115	
0.647277	-0.154115	
0.647277	-0.154115	
0.647277	-0.154115	
0.647277	-0.154115	
0.634559	-0.00966211	
0.647277	-0.154115	
0.647277	-0.154115	
0.446239	0.0692564	
0.446239	0.0692564	
0.446239	0.0692564	
0.446239	0.0692564	
0.446239	0.0403595	
0.446239	0.0403595	
0.446239	0.0403595	
0.446239	0.0692564	
0.446239	0.0692564	
0.446239	0.0692564	
0.430315	0.169858	
0.430315	0.169858	
0.430315	0.169858	
0.430315	0.169858	
0.416416	0.311751	
0.416416	0.311751	
0.416416	0.311751	
0.25707	0.421582	
0.25707	0.421582	
0.25707	0.421582	
0.25707	0.421582	
0.25707	0.421582	
0.25707	0.421582	
0.25707	0.421582	
0.25707	0.423681	
0.234981	0.506431	
0.228117	0.529795	
0.228117	0.572214	
0.209711	0.710144	
0.209711	0.732698	
0.0995552	0.859167	
0.0995552	0.859167	
0.0995552	0.859167	
0.0995552	0.859167	
0.0995552	0.859167	
0.0711643	0.886366	
0.0711643	0.9022	
0.0586849	1.01046	
0.0195445	1.17277	
0	1.21651	
0	4.86414	
0.846725	-0.594201	
0.846725	-0.594201	
0.846725	-0.594201	
0.846725	-0.594201	
0.846725	-0.594201	
0.846725	-0.594201	
0.846725	-0.594201	
0.846725	-0.594201	
0.846725	-0.616126	
0.846725	-0.616126	
0.846725	-0.53309	
0.846725	-0.53309	
0.846725	-0.53309	
0.846725	-0.53309	
0.846725	-0.594201	
0.846725	-0.594201	
0.846725	-0.594201	
0.846725	-0.594201	
0.846725	-0.594201	
0.846725	-0.594201	
0.846725	-0.594201	
0.846725	-0.616126	
0.655514	-0.304232	
0.846725	-0.622961	
0.647277	-0.275002	
0.647277	-0.263269	
0.647277	-0.263269	
0.647277	-0.263269	
0.647277	-0.263269	
0.647277	-0.251614	
0.647277	-0.241725	
0.647277	-0.241725	
0.647277	-0.241725	
0.647277	-0.241725	
0.647277	-0.154115	
0.647277	-0.154115	
0.647277	-0.165569	
0.647277	-0.154115	
0.647277	-0.154115	
0.647277	-0.165569	
0.647277	-0.165569	
0.446239	0.0566663	
0.446239	0.0566663	
0.446239	0.0403595	
0.446239	0.0403595	
0.446239	0.0403595	
0.446239	0.0566663	
0.446239	0.0566663	
0.446239	0.0600603	
0.438772	0.0865101	
0.430315	0.118046	
0.430315	0.142132	
0.430315	0.169858	
0.430315	0.142132	
0.430315	0.142132	
0.416416	0.311751	
0.25707	0.406218	
0.25707	0.406218	
0.25707	0.406218	
0.25707	0.406218	
0.25707	0.406218	
0.25707	0.406218	
0.25707	0.406218	
0.25707	0.406218	
0.25103	0.422976	
0.228117	0.510766	
0.228117	0.531102	
0.209711	0.625323	
0.209711	0.625323	
0.186188	0.803869	
0.186188	0.810528	
0.0821457	0.853042	
0.0821457	0.853042	
0.0821457	0.853042	
0.0821457	0.853042	
0.0711643	0.881913	
0.0481034	0.948174	
0.0236511	1.11116	
0.0148928	1.12429	
0	4.86414	
0.846725	-0.66282	
0.846725	-0.66282	
0.846725	-0.66282	
0.846725	-0.66282	
0.846725	-0.66282	
0.846725	-0.66282	
0.846725	-0.594201	
0.846725	-0.594201	
0.846725	-0.616126	
0.846725	-0.616126	
0.846725	-0.66282	
0.846725	-0.53309	
0.846725	-0.53309	
0.846725	-0.53309	
0.846725	-0.594201	
0.846725	-0.594201	
0.846725	-0.594201	
0.846725	-0.594201	
0.846725	-0.594201	
0.846725	-0.594201	
0.846725	-0.594201	
0.846725	-0.616126	
0.647277	-0.390826	
0.647277	-0.390826	
0.647277	-0.390826	
0.647277	-0.390826	
0.647277	-0.34626	
0.647277	-0.338742	
0.647277	-0.31462	
0.647277	-0.31462	
0.647277	-0.284744	
0.647277	-0.284744	
0.647277	-0.241725	
0.647277	-0.241725	
0.647277	-0.244287	
0.647277	-0.154115	
0.647277	-0.165569	
0.647277	-0.154115	
0.647277	-0.154115	
0.647277	-0.165569	
0.647277	-0.165569	
0.647277	-0.284744	
0.446239	0.0441276	
0.446239	0.0403595	
0.446239	0.0403595	
0.446239	0.0403595	
0.446239	0.0441276	
0.446239	0.0441276	
0.446239	0.0441276	
0.446239	0.0441276	
0.446239	0.0441276	
0.430315	0.140813	
0.430315	0.140813	
0.430315	0.142132	
0.430315	0.142132	
0.419738	0.268708	
0.416416	0.317524	
0.25707	0.394813	
0.25707	0.394813	
0.25707	0.394813	
0.25707	0.394813	
0.25707	0.394813	
0.25707	0.394813	
0.25707	0.394813	
0.25103	0.415734	
0.248312	0.437295	
0.228117	0.531102	
0.209711	0.625323	
0.209711	0.625323	
0.186188	0.803869	
0.186188	0.810528	
0.0760738	0.834189	
0.0760738	0.834189	
0.0760738	0.834189	
0.0760738	0.834189	
0.0760738	0.834189	
0.0481034	0.948174	
0.032056	1.01849	
0.0148928	1.12429	
0	4.86414	
0.846725	-0.668161	
0.846725	-0.66282	
0.846725	-0.66282	
0.846725	-0.66282	
0.846725	-0.66282	
0.846725	-0.66282	
0.846725	-0.664029	
0.846725	-0.697247	
0.846725	-0.616126	
0.846725	-0.616126	
0.846725	-0.66282	
0.846725	-0.697247	
0.846725	-0.697247	
0.846725	-0.53309	
0.846725	-0.594201	
0.846725	-0.594201	
0.846725	-0.594201	
0.846725	-0.594201	
0.846725	-0.594201	
0.846725	-0.594201	
0.846725	-0.594201	
0.846725	-0.616126	
0.647277	-0.390826	
0.647277	-0.390826	
0.647277	-0.390826	
0.647277	-0.390826	
0.647277	-0.389833	
0.647277	-0.389833	
0.647277	-0.357672	
0.647277	-0.324522	
0.647277	-0.324522	
0.647277	-0.284744	
0.647277	-0.324522	
0.647277	-0.241725	
0.647277	-0.244287	
0.647277	-0.324522	
0.647277	-0.165569	
0.647277	-0.154115	
0.647277	-0.154115	
0.647277	-0.165569	
0.647277	-0.165569	
0.647277	-0.284744	
0.446239	0.00639223	
0.446239	0.00639223	
0.446239	0.00639223	
0.446239	0.00639223	
0.446239	0.00639223	
0.446239	0.00639223	
0.446239	0.00639223	
0.446239	0.00639223	
0.437481	0.0616457	
0.437481	0.0864565	
0.431664	0.119459	
0.430315	0.142132	
0.430315	0.142132	
0.419738	0.263863	
0.413989	0.300503	
0.25707	0.364578	
0.25707	0.364578	
0.25707	0.364578	
0.25707	0.364578	
0.25707	0.364578	
0.25707	0.364578	
0.25707	0.364578	
0.251406	0.397384	
0.248312	0.437295	
0.228117	0.531102	
0.209711	0.622856	
0.209711	0.622856	
0.209711	0.622856	
0.0760738	0.803927	
0.0760738	0.803927	
0.0760738	0.803927	
0.0760738	0.803927	
0.0760738	0.803927	
0.0760738	0.803927	
0.0481034	0.948174	
0.0375673	0.968889	
0.0148928	1.02298	
0	4.86414	
0.846725	-0.668161	
0.846725	-0.666488	
0.846725	-0.666488	
0.846725	-0.666488	
0.846725	-0.66282	
0.846725	-0.66282	
0.846725	-0.664029	
0.846725	-0.697247	
0.846725	-0.616126	
0.846725	-0.616126	
0.846725	-0.66282	
0.846725	-0.697247	
0.846725	-0.697247	
0.846725	-0.53309	
0.846725	-0.594201	
0.846725	-0.594201	
0.846725	-0.594201	
0.846725	-0.594201	
0.846725	-0.594201	
0.846725	-0.594201	
0.846725	-0.594201	
0.846725	-0.616126	
0.647277	-0.390826	
0.647277	-0.390826	
0.647277	-0.390826	
0.647277	-0.390826	
0.647277	-0.389833	
0.647277	-0.389833	
0.647277	-0.357672	
0.647277	-0.324522	
0.647277	-0.324522	
0.647277	-0.284744	
0.647277	-0.324522	
0.647277	-0.241725	
0.647277	-0.244287	
0.647277	-0.324522	
0.647277	-0.165569	
0.647277	-0.154115	
0.647277	-0.154115	
0.647277	-0.165569	
0.647277	-0.165569	
0.446239	-0.000331388	
0.446239	-0.000331388	
0.446239	-0.000331388	
0.446239	-0.000331388	
0.446239	-0.000331388	
0.446239	-0.000331388	
0.446239	-0.000331388	
0.446239	-0.000331388	
0.446239	0.00639223	
0.437481	0.0616457	
0.437481	0.0864565	
0.431664	0.119459	
0.430315	0.142132	
0.430315	0.142132	
0.419259	0.247172	
0.413989	0.300503	
0.25707	0.364578	
0.25707	0.364578	
0.25707	0.364578	
0.25707	0.364578	
0.25707	0.364578	
0.25707	0.364578	
0.25707	0.364578	
0.248312	0.379758	
0.248312	0.437295	
0.223315	0.49796	
0.223315	0.49796	
0.205578	0.620994	
0.20076	0.665802	
0.0760738	0.798029	
0.0760738	0.798029	
0.0760738	0.798029	
0.0760738	0.798029	
0.0760738	0.798029	
0.0760738	0.798029	
0.0473255	0.884123	
0.0278463	0.943188	
0.0148928	1.00168	
0	4.86414	
0.846725	-0.689805	
0.846725	-0.689805	
0.846725	-0.689805	
0.846725	-0.666488	
0.846725	-0.66282	
0.846725	-0.66282	
0.846725	-0.664029	
0.846725	-0.697247	
0.846725	-0.616126	
0.846725	-0.616126	
0.846725	-0.66282	
0.846725	-0.697247	
0.846725	-0.697247	
0.846725	-0.53309	
0.846725	-0.594201	
0.846725	-0.594201	
0.846725	-0.594201	
0.846725	-0.594201	
0.846725	-0.594201	
0.846725	-0.594201	
0.846725	-0.594201	
0.846725	-0.616126	
0.647277	-0.390826	
0.647277	-0.390826	
0.647277	-0.390826	
0.647277	-0.390826	
0.647277	-0.389833	
0.647277	-0.389833	
0.647277	-0.357672	
0.647277	-0.324522	
0.643336	-0.320498	
0.643336	-0.320498	
0.643336	-0.320498	
0.643336	-0.320498	
0.643336	-0.320498	
0.643336	-0.320498	
0.643336	-0.320498	
0.643336	-0.320498	
0.643336	-0.320498	
0.643336	-0.320498	
0.643336	-0.320498	
0.446239	-0.0250624	
0.446239	-0.0250624	
0.446239	-0.0250624	
0.446239	-0.0250624	
0.446239	-0.0250624	
0.446239	-0.0250624	
0.446239	-0.0250624	
0.446239	-0.0191211	
0.442298	-0.00074189	
0.437481	0.0616457	
0.431664	0.0939724	
0.431664	0.119459	
0.430315	0.142132	
0.423647	0.210777	
0.419259	0.247172	
0.413989	0.300503	
0.25707	0.361484	
0.25707	0.361484	
0.25707	0.361484	
0.25707	0.361484	
0.25707	0.361484	
0.25707	0.361484	
0.25707	0.361484	
0.248312	0.379758	
0.248312	0.437295	
0.223315	0.49796	
0.223315	0.49796	
0.205578	0.620994	
0.20076	0.665802	
0.0760738	0.798029	
0.0760738	0.798029	
0.0760738	0.798029	
0.0760738	0.798029	
0.0760738	0.798029	
0.0760738	0.798029	
0.0473255	0.883375	
0.0278463	0.943188	
0.0148928	1.00168	
0	4.86414	
0.846725	-0.689805	
0.846725	-0.689805	
0.846725	-0.689805	
0.846725	-0.666488	
0.846725	-0.66282	
0.846725	-0.66282	
0.846725	-0.664029	
0.846725	-0.697247	
0.844558	-0.645996	
0.844558	-0.645996	
0.844558	-0.645996	
0.844558	-0.645996	
0.844558	-0.645996	
0.844558	-0.645996	
0.844558	-0.645996	
0.844558	-0.645996	
0.844558	-0.645996	
0.844558	-0.645996	
0.844558	-0.645996	
0.844558	-0.645996	
0.844558	-0.645996	
0.844558	-0.645996	
0.647277	-0.390826	
0.647277	-0.390826	
0.647277	-0.390826	
0.647277	-0.390826	
0.647277	-0.389833	
0.647277	-0.389833	
0.643336	-0.357827	
0.643336	-0.343095	
0.643336	-0.320498	
0.643336	-0.320498	
0.643336	-0.320498	
0.643336	-0.320498	
0.643336	-0.320498	
0.643336	-0.320498	
0.643336	-0.320498	
0.643336	-0.320498	
0.643336	-0.320498	
0.643336	-0.320498	
0.446239	-0.0447472	
0.446239	-0.0447472	
0.446239	-0.0436992	
0.441422	-0.0263257	
0.441422	-0.0263257	
0.441422	-0.0263257	
0.441422	-0.0263257	
0.441422	-0.0263257	
0.441422	-0.0263257	
0.441422	0.0123871	
0.437481	0.0616457	
0.431664	0.0939724	
0.42925	0.119441	
0.423647	0.168551	
0.423647	0.210777	
0.41707	0.250105	
0.413989	0.300503	
0.25707	0.332662	
0.25707	0.332662	
0.25707	0.332662	
0.25707	0.332662	
0.25707	0.332662	
0.25707	0.332662	
0.25707	0.332662	
0.248312	0.362573	
0.248312	0.437295	
0.223315	0.49796	
0.223315	0.49796	
0.205578	0.610356	
0.20076	0.665802	
0.0760738	0.776268	
0.0760738	0.776268	
0.0760738	0.776268	
0.0760738	0.776268	
0.0760738	0.776268	
0.0760738	0.776268	
0.0473255	0.883375	
0.0278463	0.929521	
0.0148928	1.00168	
0	4.86414	
0.846725	-0.689805	
0.846725	-0.689805	
0.846725	-0.689805	
0.846725	-0.666488	
0.843365	-0.658197	
0.843365	-0.647879	
0.843365	-0.647879	
0.843365	-0.647879	
0.843365	-0.647879	
0.843365	-0.647879	
0.843365	-0.647879	
0.843365	-0.647879	
0.843365	-0.647879	
0.843365	-0.647879	
0.843365	-0.647879	
0.843365	-0.647879	
0.843365	-0.647879	
0.843365	-0.647879	
0.843365	-0.647879	
0.843365	-0.647879	
0.843365	-0.647879	
0.647277	-0.395727	
0.647277	-0.395727	
0.647277	-0.395727	
0.647277	-0.395727	
0.647277	-0.395727	
0.647277	-0.389833	
0.647277	-0.389833	
0.643336	-0.357827	
0.643336	-0.343095	
0.643336	-0.320498	
0.643336	-0.320498	
0.643336	-0.320498	
0.643336	-0.320498	
0.643336	-0.320498	
0.643336	-0.320498	
0.643336	-0.320498	
0.643336	-0.320498	
0.643336	-0.320498	
0.643336	-0.320498	
0.446239	-0.0447472	
0.446239	-0.0447472	
0.446239	-0.0436992	
0.459632	-0.0437495	
0.459632	-0.0437495	
0.459632	-0.0437495	
0.459632	-0.0437495	
0.446239	-0.029708	
0.441422	-0.0263257	
0.439254	0.0221784	
0.436605	0.0350351	
0.431788	0.0693362	
0.42925	0.119441	
0.423647	0.168551	
0.423647	0.210777	
0.41707	0.250105	
0.413989	0.300503	
0.25707	0.331997	
0.25707	0.331997	
0.25707	0.331997	
0.25707	0.331997	
0.25707	0.331997	
0.25707	0.331997	
0.25707	0.331997	
0.248312	0.362573	
0.238491	0.4196	
0.231967	0.438252	
0.223315	0.49796	
0.205578	0.610356	
0.20076	0.665802	
0.0760738	0.768898	
0.0760738	0.768898	
0.0760738	0.768898	
0.0760738	0.768898	
0.0760738	0.768898	
0.0760738	0.768898	
0.0473255	0.883375	
0.0278463	0.929521	
0.0148928	1.00168	
0	4.86414	
0.846725	-0.689805	
0.846725	-0.689805	
0.846725	-0.689805	
0.841517	-0.669134	
0.83935	-0.655581	
0.83935	-0.655581	
0.83935	-0.655581	
0.83935	-0.655581	
0.83935	-0.603362	
0.83935	-0.603362	
0.83935	-0.58737	
0.83935	-0.58737	
0.83935	-0.58737	
0.83935	-0.58737	
0.83935	-0.58737	
0.83935	-0.58737	
0.83935	-0.58737	
0.83935	-0.58737	
0.83935	-0.58737	
0.83935	-0.58737	
0.83935	-0.58737	
0.647277	-0.395727	
0.647277	-0.395727	
0.647277	-0.395727	
0.647277	-0.395727	
0.647277	-0.395727	
0.647277	-0.389833	
0.645504	-0.36614	
0.643336	-0.357827	
0.643336	-0.343095	
0.643336	-0.320498	
0.643336	-0.320498	
0.643336	-0.320498	
0.643336	-0.320498	
0.643336	-0.320498	
0.627294	-0.198079	
0.627294	-0.198079	
0.627294	-0.198079	
0.627294	-0.198079	
0.627294	-0.198079	
0.458664	-0.0595062	
0.458664	-0.0595062	
0.458664	-0.0595062	
0.452166	-0.0705302	
0.452166	-0.0705302	
0.452166	-0.0705302	
0.452166	-0.0705302	
0.452166	-0.0705302	
0.441422	-0.0263257	
0.436605	0.0140956	
0.431788	0.0531381	
0.431788	0.0693362	
0.42925	0.119441	
0.423647	0.159916	
0.41707	0.200044	
0.41707	0.250105	
0.413989	0.300503	
0.25707	0.331997	
0.25707	0.331997	
0.25707	0.331997	
0.25707	0.331997	
0.25707	0.331997	
0.25707	0.331997	
0.25707	0.331997	
0.248312	0.362573	
0.238491	0.4196	
0.231967	0.438252	
0.223315	0.49796	
0.205578	0.610356	
0.20076	0.665802	
0.0760738	0.768898	
0.0760738	0.768898	
0.0760738	0.768898	
0.0760738	0.768898	
0.0760738	0.768898	
0.0760738	0.768898	
0.0602622	0.821365	
0.0336745	0.922874	
0.0148928	0.987405	
0	4.86414	
0.846725	-0.689805	
0.846725	-0.689805	
0.846725	-0.689805	
0.841517	-0.669134	
0.83935	-0.655581	
0.83935	-0.655581	
0.83935	-0.655581	
0.83935	-0.655581	
0.83935	-0.603362	
0.83935	-0.603362	
0.83935	-0.58737	
0.83935	-0.58737	
0.83935	-0.58737	
0.83935	-0.58737	
0.83935	-0.58737	
0.83935	-0.58737	
0.83935	-0.58737	
0.83935	-0.58737	
0.83935	-0.58737	
0.83935	-0.58737	
0.83935	-0.58737	
0.649445	-0.398169	
0.649445	-0.398169	
0.649445	-0.398169	
0.649445	-0.398169	
0.649445	-0.398169	
0.647277	-0.389833	
0.645504	-0.36614	
0.643336	-0.357827	
0.639429	-0.34254	
0.63668	-0.322188	
0.63668	-0.322188	
0.63668	-0.322188	
0.629554	-0.247053	
0.629554	-0.247053	
0.627294	-0.198079	
0.627294	-0.198079	
0.623719	-0.146573	
0.621465	-0.128901	
0.621465	-0.115188	
0.458664	-0.0696702	
0.458664	-0.0696702	
0.458664	-0.0696702	
0.452166	-0.0705302	
0.452166	-0.0705302	
0.452166	-0.0705302	
0.452166	-0.0705302	
0.448591	-0.0446823	
0.441422	-0.0263257	
0.436605	0.0140956	
0.431788	0.0511472	
0.431788	0.0693362	
0.42925	0.119441	
0.423647	0.159916	
0.41707	0.200044	
0.41707	0.250105	
0.412439	0.281269	
0.25707	0.322456	
0.25707	0.322456	
0.25707	0.322456	
0.25707	0.322456	
0.25707	0.322456	
0.25707	0.322456	
0.25707	0.322456	
0.248312	0.362573	
0.238491	0.39787	
0.231967	0.438252	
0.220666	0.511548	
0.205578	0.610356	
0.20076	0.665802	
0.0760738	0.749106	
0.0760738	0.749106	
0.0760738	0.749106	
0.0760738	0.749106	
0.0760738	0.749106	
0.0760738	0.749106	
0.0602622	0.821365	
0.0336745	0.922874	
0.0148928	0.987405	
0	4.86414	
0.846725	-0.692482	
0.846725	-0.689805	
0.846725	-0.689805	
0.841517	-0.669134	
0.83935	-0.655581	
0.83935	-0.655581	
0.83935	-0.655581	
0.83935	-0.655581	
0.83935	-0.603362	
0.83935	-0.603362	
0.83935	-0.58737	
0.83935	-0.58737	
0.83935	-0.58737	
0.83935	-0.58737	
0.83935	-0.58737	
0.83935	-0.58737	
0.83935	-0.58737	
0.83935	-0.58737	
0.83935	-0.58737	
0.83935	-0.58737	
0.83935	-0.58737	
0.649445	-0.406615	
0.649445	-0.406615	
0.649445	-0.406615	
0.649445	-0.406615	
0.649445	-0.398169	
0.647277	-0.389833	
0.645504	-0.36614	
0.639697	-0.347907	
0.63668	-0.330443	
0.63668	-0.322188	
0.634915	-0.307	
0.634915	-0.307	
0.629554	-0.247053	
0.629554	-0.247053	
0.627294	-0.198079	
0.626143	-0.19805	
0.623719	-0.146573	
0.621465	-0.128901	
0.621465	-0.115188	
0.458664	-0.0713064	
0.458664	-0.0713064	
0.458664	-0.0713064	
0.458664	-0.0713064	
0.458664	-0.0713064	
0.458664	-0.0713064	
0.452166	-0.0705302	
0.448591	-0.0446823	
0.441422	-0.0263257	
0.436251	-0.00617323	
0.431788	0.0511472	
0.431788	0.0693362	
0.42925	0.119441	
0.420772	0.164071	
0.41707	0.200044	
0.41707	0.250105	
0.255041	0.299687	
0.255041	0.299687	
0.255041	0.299687	
0.255041	0.299687	
0.255041	0.299687	
0.255041	0.299687	
0.255041	0.299687	
0.255041	0.299687	
0.248312	0.362573	
0.236135	0.380301	
0.227717	0.454591	
0.220666	0.511548	
0.205578	0.605673	
0.20076	0.665802	
0.0760738	0.741319	
0.0760738	0.741319	
0.0760738	0.741319	
0.0760738	0.741319	
0.0760738	0.741319	
0.0760738	0.741319	
0.0602622	0.821365	
0.0336745	0.922874	
0.0148928	0.964463	
0	4.86414	
0.846725	-0.712183	
0.846725	-0.709435	
0.846725	-0.712183	
0.846725	-0.709435	
0.846725	-0.709435	
0.83935	-0.655581	
0.83935	-0.655581	
0.83935	-0.655581	
0.83935	-0.652597	
0.83935	-0.633024	
0.83935	-0.652597	
0.83935	-0.58737	
0.83935	-0.58737	
0.83935	-0.58737	
0.83935	-0.58737	
0.83935	-0.58737	
0.83935	-0.58737	
0.83935	-0.58737	
0.83935	-0.58737	
0.83935	-0.58737	
0.83935	-0.58737	
0.652394	-0.409675	
0.652394	-0.409675	
0.652394	-0.409675	
0.652394	-0.409675	
0.652394	-0.409675	
0.64699	-0.397268	
0.64699	-0.397268	
0.64699	-0.397268	
0.639697	-0.347759	
0.63668	-0.323214	
0.634915	-0.307	
0.634915	-0.307	
0.634915	-0.309917	
0.629554	-0.247053	
0.634915	-0.309917	
0.626143	-0.19805	
0.634915	-0.309917	
0.621465	-0.128901	
0.621465	-0.115188	
0.458664	-0.0713064	
0.458664	-0.0713064	
0.458664	-0.0713064	
0.458664	-0.0713064	
0.458664	-0.0713064	
0.458664	-0.0713064	
0.452166	-0.0705302	
0.452166	-0.0689354	
0.441422	-0.0263257	
0.436251	-0.00617323	
0.436251	-0.00161512	
0.431788	0.0693362	
0.42925	0.107762	
0.423744	0.123278	
0.41707	0.200044	
0.41707	0.250105	
0.255041	0.298791	
0.255041	0.298791	
0.255041	0.298791	
0.255041	0.298791	
0.255041	0.298791	
0.255041	0.298791	
0.255041	0.298791	
0.255041	0.298791	
0.248343	0.310011	
0.236135	0.380301	
0.227717	0.454591	
0.219667	0.49069	
0.205578	0.605673	
0.20076	0.665802	
0.0760738	0.734976	
0.0760738	0.734976	
0.0760738	0.734976	
0.0760738	0.734976	
0.0760738	0.734976	
0.0760738	0.734976	
0.0602622	0.821365	
0.0336745	0.922874	
0.0148928	0.964463	
0	4.86414	
0.850782	-0.728402	
0.850782	-0.728402	
0.846725	-0.712183	
0.846725	-0.709435	
0.845637	-0.689419	
0.845637	-0.689419	
0.845637	-0.689419	
0.83935	-0.655581	
0.83935	-0.652597	
0.83935	-0.633024	
0.83935	-0.652597	
0.83935	-0.628484	
0.83935	-0.58737	
0.83935	-0.58737	
0.83935	-0.58737	
0.83935	-0.58737	
0.83935	-0.58737	
0.83935	-0.58737	
0.83935	-0.58737	
0.83935	-0.58737	
0.83935	-0.58737	
0.83935	-0.628484	
0.652394	-0.410367	
0.652394	-0.410367	
0.652394	-0.410367	
0.652394	-0.410367	
0.652394	-0.410367	
0.64699	-0.397268	
0.64699	-0.397268	
0.64699	-0.38186	
0.639697	-0.343087	
0.639697	-0.343087	
0.634915	-0.307	
0.632285	-0.275588	
0.632285	-0.275588	
0.629313	-0.237169	
0.629313	-0.237169	
0.629313	-0.237169	
0.629313	-0.237169	
0.621465	-0.115188	
0.629313	-0.237169	
0.458664	-0.0734932	
0.458664	-0.0734932	
0.458664	-0.0734932	
0.458664	-0.0734932	
0.458664	-0.0734932	
0.458664	-0.0734932	
0.452166	-0.0689354	
0.446925	-0.064171	
0.439458	-0.0122974	
0.436251	-0.00161512	
0.431788	0.0693362	
0.42925	0.107762	
0.423744	0.123278	
0.41707	0.200044	
0.41707	0.201434	
0.413345	0.261222	
0.255041	0.296889	
0.255041	0.296889	
0.255041	0.296889	
0.255041	0.296889	
0.255041	0.296889	
0.255041	0.296889	
0.255041	0.296889	
0.248343	0.310011	
0.236135	0.380301	
0.227717	0.454591	
0.219667	0.49069	
0.205578	0.604794	
0.20076	0.665802	
0.0760738	0.734976	
0.0760738	0.734976	
0.0760738	0.734976	
0.0760738	0.734976	
0.0760738	0.734976	
0.0760738	0.734976	
0.0602622	0.81344	
0.0336745	0.922874	
0.0148928	0.964463	
0	4.86414	
0.852988	-0.731106	
0.852988	-0.731106	
0.846725	-0.712183	
0.843361	-0.697812	
0.843361	-0.697812	
0.843361	-0.697812	
0.843361	-0.697812	
0.83935	-0.655581	
0.83935	-0.652597	
0.83935	-0.633024	
0.83935	-0.652597	
0.83935	-0.628484	
0.83935	-0.58737	
0.83935	-0.58737	
0.835293	-0.551156	
0.835293	-0.551156	
0.835293	-0.551156	
0.835293	-0.551156	
0.835293	-0.499973	
0.835293	-0.499973	
0.826655	-0.457242	
0.826655	-0.457242	
0.826655	-0.457242	
0.652394	-0.410367	
0.652394	-0.410367	
0.652394	-0.410367	
0.652394	-0.410367	
0.64699	-0.397268	
0.643345	-0.377454	
0.643345	-0.377454	
0.639697	-0.343087	
0.639697	-0.343087	
0.634915	-0.307	
0.632285	-0.287761	
0.632285	-0.275588	
0.629313	-0.237169	
0.629313	-0.237169	
0.629313	-0.237169	
0.624439	-0.164865	
0.624439	-0.164865	
0.624439	-0.164865	
0.458664	-0.0734932	
0.458664	-0.0734932	
0.458664	-0.0734932	
0.458664	-0.0734932	
0.458664	-0.0734932	
0.458664	-0.0734932	
0.452166	-0.0689354	
0.443199	-0.0412222	
0.439458	-0.0246022	
0.435143	0.0109335	
0.432801	0.0279854	
0.426521	0.0962039	
0.423744	0.123278	
0.418718	0.174572	
0.41707	0.201434	
0.413345	0.261222	
0.255041	0.296255	
0.255041	0.296255	
0.255041	0.296255	
0.255041	0.296255	
0.255041	0.296255	
0.255041	0.296255	
0.255041	0.296255	
0.248343	0.310011	
0.236135	0.380301	
0.225187	0.44741	
0.219667	0.49069	
0.205578	0.604794	
0.201282	0.645507	
0.0760738	0.733545	
0.0760738	0.733545	
0.0760738	0.733545	
0.0760738	0.733545	
0.0760738	0.733545	
0.0760738	0.733545	
0.0602622	0.81344	
0.0336745	0.922874	
0.0148928	0.964463	
0	4.86414	
0.852988	-0.731106	
0.852988	-0.731106	
0.846725	-0.712183	
0.843361	-0.697812	
0.843361	-0.697812	
0.843361	-0.697812	
0.843361	-0.697812	
0.83935	-0.655581	
0.83935	-0.652597	
0.83935	-0.633024	
0.83935	-0.652597	
0.83935	-0.628484	
0.83935	-0.58737	
0.834373	-0.577732	
0.834373	-0.577732	
0.834373	-0.577732	
0.8309	-0.532559	
0.829393	-0.518821	
0.829393	-0.518821	
0.829393	-0.518821	
0.826655	-0.457242	
0.826655	-0.457242	
0.826655	-0.457242	
0.652394	-0.410367	
0.652394	-0.410367	
0.652394	-0.410367	
0.652394	-0.410367	
0.64699	-0.397268	
0.643345	-0.38172	
0.643345	-0.377454	
0.639697	-0.343087	
0.639697	-0.343087	
0.634915	-0.307	
0.632285	-0.287761	
0.632285	-0.275588	
0.629313	-0.237169	
0.629313	-0.237169	
0.629313	-0.237169	
0.624439	-0.164865	
0.624439	-0.164865	
0.619972	-0.102447	
0.452166	-0.0778047	
0.452166	-0.0778047	
0.452166	-0.0778047	
0.452166	-0.0778047	
0.452166	-0.0778047	
0.452166	-0.0778047	
0.452166	-0.0689354	
0.443199	-0.0455033	
0.439458	-0.0246022	
0.435143	0.0109335	
0.432801	0.0279854	
0.426521	0.0962039	
0.423744	0.123278	
0.418718	0.174572	
0.41707	0.201434	
0.413345	0.261222	
0.255041	0.295299	
0.255041	0.295299	
0.255041	0.295299	
0.255041	0.295299	
0.255041	0.295299	
0.255041	0.295299	
0.255041	0.295299	
0.248327	0.310264	
0.236135	0.380301	
0.227188	0.428617	
0.219468	0.477726	
0.212826	0.529077	
0.201282	0.645507	
0.079744	0.732098	
0.079744	0.732098	
0.079744	0.732098	
0.079744	0.732098	
0.079744	0.732098	
0.0760738	0.733545	
0.0602622	0.81344	
0.0336745	0.866001	
0.0148928	0.964463	
0	4.86414	
0.852988	-0.731106	
0.852988	-0.731106	
0.846725	-0.712183	
0.843361	-0.702594	
0.843361	-0.697812	
0.843361	-0.697812	
0.843361	-0.697812	
0.83935	-0.655581	
0.83935	-0.652597	
0.836375	-0.627376	
0.836375	-0.627376	
0.834373	-0.603055	
0.834373	-0.603055	
0.834373	-0.577732	
0.833272	-0.554199	
0.833272	-0.554199	
0.829393	-0.521672	
0.829393	-0.518821	
0.829393	-0.518821	
0.829393	-0.518821	
0.826655	-0.457242	
0.826655	-0.457242	
0.652394	-0.41989	
0.652394	-0.41989	
0.652394	-0.41989	
0.652394	-0.41989	
0.652394	-0.41989	
0.64699	-0.397268	
0.643345	-0.38172	
0.643134	-0.376113	
0.639697	-0.343087	
0.639697	-0.343087	
0.634915	-0.307	
0.632285	-0.287761	
0.632285	-0.275588	
0.629313	-0.237169	
0.629313	-0.237169	
0.629313	-0.237169	
0.624439	-0.164865	
0.624439	-0.164865	
0.619972	-0.102447	
0.452166	-0.0778047	
0.452166	-0.0778047	
0.452166	-0.0778047	
0.452166	-0.0778047	
0.452166	-0.0778047	
0.452166	-0.0778047	
0.452166	-0.0689354	
0.443199	-0.0455033	
0.439458	-0.0246022	
0.434334	0.00574163	
0.432801	0.0279854	
0.428059	0.0879756	
0.423744	0.123278	
0.418718	0.174572	
0.41707	0.201434	
0.413345	0.261222	
0.255041	0.295299	
0.255041	0.295299	
0.255041	0.295299	
0.255041	0.295299	
0.255041	0.295299	
0.255041	0.295299	
0.255041	0.295299	
0.248327	0.310264	
0.236135	0.380301	
0.227188	0.411506	
0.219468	0.477726	
0.212826	0.529077	
0.201282	0.645507	
0.079744	0.732098	
0.079744	0.732098	
0.079744	0.732098	
0.079744	0.732098	
0.079744	0.732098	
0.0760738	0.732367	
0.0602622	0.81344	
0.0336745	0.866001	
0.0148928	0.964463	
0	4.86414	
0.852988	-0.731106	
0.852988	-0.731106	
0.846725	-0.712183	
0.843361	-0.702594	
0.843361	-0.697812	
0.843361	-0.697812	
0.843361	-0.697812	
0.83935	-0.655581	
0.838012	-0.636568	
0.836375	-0.627376	
0.836375	-0.627376	
0.834373	-0.603055	
0.834373	-0.603055	
0.833032	-0.573364	
0.833032	-0.573364	
0.831248	-0.542602	
0.829393	-0.521672	
0.828874	-0.513528	
0.828874	-0.513528	
0.828874	-0.513528	
0.826655	-0.457242	
0.826655	-0.457242	
0.652394	-0.41989	
0.652394	-0.41989	
0.652394	-0.41989	
0.652394	-0.41989	
0.652394	-0.41989	
0.64699	-0.397268	
0.643134	-0.378319	
0.643134	-0.376113	
0.639697	-0.343087	
0.637664	-0.320157	
0.634915	-0.307	
0.632285	-0.287761	
0.632234	-0.270606	
0.629313	-0.237169	
0.629313	-0.237169	
0.629313	-0.237169	
0.624439	-0.164865	
0.624439	-0.164865	
0.619972	-0.102447	
0.452166	-0.0795417	
0.452166	-0.0795417	
0.452166	-0.0795417	
0.452166	-0.0795417	
0.452166	-0.0795417	
0.452166	-0.0795417	
0.452166	-0.0689354	
0.443199	-0.0455033	
0.439458	-0.0246022	
0.434334	0.00574163	
0.432801	0.0279854	
0.428059	0.0879756	
0.423744	0.123278	
0.418718	0.174572	
0.41707	0.201434	
0.413345	0.261222	
0.255041	0.295299	
0.255041	0.295299	
0.255041	0.295299	
0.255041	0.295299	
0.255041	0.295299	
0.255041	0.295299	
0.255041	0.295299	
0.248327	0.310264	
0.236135	0.37667	
0.227188	0.411506	
0.219468	0.477726	
0.212826	0.529077	
0.201282	0.645507	
0.185302	0.711213	
0.079744	0.732098	
0.079744	0.732098	
0.079744	0.732098	
0.079744	0.732098	
0.0760738	0.732367	
0.0602622	0.762285	
0.0336745	0.866001	
0.0148928	0.964463	
0	4.86414	
0.852988	-0.731106	
0.852988	-0.731106	
0.84595	-0.712853	
0.843361	-0.702594	
0.843141	-0.692624	
0.841836	-0.685896	
0.841836	-0.685896	
0.83935	-0.655581	
0.838012	-0.641531	
0.836375	-0.627376	
0.836375	-0.627376	
0.834373	-0.603055	
0.833032	-0.582205	
0.833032	-0.573364	
0.831248	-0.561523	
0.831248	-0.542602	
0.829393	-0.521672	
0.828874	-0.513528	
0.828874	-0.513528	
0.828874	-0.513528	
0.826055	-0.455954	
0.825373	-0.446941	
0.652394	-0.41989	
0.652394	-0.41989	
0.652394	-0.41989	
0.652394	-0.41989	
0.652394	-0.41989	
0.64699	-0.397268	
0.643134	-0.378319	
0.643134	-0.376113	
0.637664	-0.349406	
0.637664	-0.320157	
0.634915	-0.307	
0.632285	-0.287761	
0.631416	-0.266953	
0.629313	-0.237169	
0.629313	-0.237169	
0.626632	-0.202098	
0.624439	-0.164865	
0.621212	-0.125558	
0.619972	-0.102447	
0.452166	-0.0795417	
0.452166	-0.0795417	
0.452166	-0.0795417	
0.452166	-0.0795417	
0.452166	-0.0795417	
0.452166	-0.0795417	
0.452166	-0.0689354	
0.442358	-0.049229	
0.439458	-0.0246022	
0.434334	0.00574163	
0.432801	0.0279854	
0.428059	0.0879756	
0.423744	0.123278	
0.418718	0.174572	
0.41707	0.201434	
0.413345	0.261222	
0.255041	0.295299	
0.255041	0.295299	
0.255041	0.295299	
0.255041	0.295299	
0.255041	0.295299	
0.255041	0.295299	
0.255041	0.295299	
0.248327	0.310264	
0.236135	0.369663	
0.227188	0.411506	
0.219468	0.477726	
0.212826	0.529077	
0.201282	0.645507	
0.185302	0.711213	
0.079744	0.727899	
0.079744	0.727899	
0.079744	0.727899	
0.079744	0.727899	
0.0760738	0.732367	
0.0602622	0.762285	
0.0336745	0.866001	
0.0148928	0.964463	
0	4.86414	
0.852988	-0.731106	
0.849937	-0.72266	
0.84595	-0.712853	
0.843361	-0.702594	
0.843141	-0.692624	
0.841522	-0.684187	
0.841522	-0.684187	
0.83935	-0.655581	
0.838012	-0.641531	
0.836375	-0.627376	
0.836375	-0.627376	
0.834373	-0.603055	
0.833032	-0.582205	
0.833032	-0.573364	
0.831248	-0.561523	
0.830693	-0.541904	
0.828874	-0.524558	
0.828874	-0.513528	
0.828874	-0.513528	
0.828874	-0.513528	
0.826055	-0.455954	
0.825373	-0.446941	
0.652394	-0.41989	
0.652394	-0.41989	
0.652394	-0.41989	
0.652394	-0.41989	
0.652394	-0.41989	
0.64699	-0.397268	
0.643134	-0.378319	
0.643134	-0.376113	
0.637664	-0.349406	
0.637664	-0.320157	
0.634915	-0.307	
0.632285	-0.287761	
0.631416	-0.266953	
0.629313	-0.237169	
0.629313	-0.237169	
0.625914	-0.18734	
0.624439	-0.164865	
0.621212	-0.125558	
0.619972	-0.102447	
0.452166	-0.0795417	
0.452166	-0.0795417	
0.452166	-0.0795417	
0.452166	-0.0795417	
0.452166	-0.0795417	
0.452166	-0.0795417	
0.452166	-0.0689354	
0.442358	-0.049229	
0.439458	-0.0246022	
0.434334	0.00574163	
0.432801	0.0279854	
0.428059	0.0879756	
0.423744	0.123278	
0.418718	0.174572	
0.41707	0.201434	
0.413345	0.261222	
0.255041	0.295299	
0.255041	0.295299	
0.255041	0.295299	
0.255041	0.295299	
0.255041	0.295299	
0.255041	0.295299	
0.255041	0.295299	
0.248327	0.310264	
0.236135	0.369663	
0.227188	0.411506	
0.219468	0.477726	
0.212826	0.529077	
0.201282	0.645507	
0.185302	0.711213	
0.079744	0.727899	
0.079744	0.727899	
0.079744	0.727899	
0.079744	0.727899	
0.0760738	0.732367	
0.0602622	0.762285	
0.0336745	0.866001	
0.0148928	0.949132	
0	4.86414	
0.852988	-0.731106	
0.849937	-0.72266	
0.84595	-0.712853	
0.843361	-0.702594	
0.841522	-0.686313	
0.841522	-0.684187	
0.840636	-0.666535	
0.83935	-0.655581	
0.838012	-0.641531	
0.836375	-0.627376	
0.836375	-0.627376	
0.834373	-0.603055	
0.833032	-0.582205	
0.833032	-0.573364	
0.831248	-0.561523	
0.830693	-0.541904	
0.828874	-0.524558	
0.828874	-0.513528	
0.828874	-0.513528	
0.828874	-0.513528	
0.825848	-0.458006	
0.825315	-0.447289	
0.652394	-0.419905	
0.652394	-0.419905	
0.652394	-0.419905	
0.652394	-0.419905	
0.652394	-0.41989	
0.64699	-0.397268	
0.643134	-0.378319	
0.643134	-0.376113	
0.637664	-0.349406	
0.637664	-0.320157	
0.634915	-0.307	
0.632285	-0.287761	
0.631416	-0.266953	
0.629313	-0.237169	
0.629313	-0.237169	
0.625914	-0.18734	
0.624439	-0.164865	
0.621212	-0.125558	
0.619972	-0.102447	
0.452166	-0.0795417	
0.452166	-0.0795417	
0.452166	-0.0795417	
0.452166	-0.0795417	
0.452166	-0.0795417	
0.452166	-0.0795417	
0.452166	-0.0689354	
0.442358	-0.049229	
0.439458	-0.0246022	
0.434334	0.00574163	
0.432801	0.0279854	
0.428059	0.0879756	
0.423744	0.123278	
0.418718	0.174459	
0.41707	0.201434	
0.413345	0.261222	
0.255041	0.295299	
0.255041	0.295299	
0.255041	0.295299	
0.255041	0.295299	
0.255041	0.295299	
0.255041	0.295299	
0.255041	0.295299	
0.248327	0.310264	
0.236135	0.369663	
0.227188	0.411506	
0.219468	0.477726	
0.212826	0.529077	
0.201282	0.645507	
0.185302	0.711213	
0.0876085	0.724766	
0.0876085	0.724766	
0.0876085	0.724766	
0.0876085	0.724766	
0.0760738	0.732367	
0.0602622	0.762285	
0.0336745	0.866001	
0.0148928	0.949132	
0	4.86414	
