0.840188	2.47213	
0.512932	4.08136	
0.23828	4.81606	
0.956468	4.54525	
0.103171	4.8221	
0.639458	2.60604	
0.359095	5.60359	
0.649707	2.70344	
0.675476	2.99278	
0.111276	5.30939	
0.297288	4.284	
0.908485	3.28035	
0.557561	4.22121	
0.301763	3.91841	
0.481733	3.27133	
0.555398	4.27677	
0.187616	4.84567	
0.233119	5.61837	
0.596899	3.56399	
0.0587232	5.77519	
0.761612	3.9465	
0.601427	4.05279	
0.126669	4.22263	
0.699787	3.39221	
0.587011	3.85617	
0.0161775	5.17704	
0.190984	4.54657	
0.173301	4.56663	
0.3993	3.74362	
0.921551	4.13271	
0.31299	4.62098	
0.284289	3.74161	
0.246071	4.0508	
0.892324	2.52998	
0.879013	2.68621	
0.897883	3.42632	
0.928678	3.94386	
0.186029	4.70093	
0.247168	3.88	
0.212269	4.04543	
0.840188	2.47213	
0.639458	2.47414	
0.639458	2.47414	
0.639458	2.47414	
0.639458	2.47414	
0.639458	2.47414	
0.639458	2.47414	
0.639458	2.47414	
0.639458	2.47414	
0.639458	2.47414	
0.639458	2.47414	
0.639458	2.47414	
0.639458	2.47414	
0.639458	2.47414	
0.639458	2.47414	
0.639458	2.47414	
0.639458	2.47414	
0.484307	2.94467	
0.484307	2.84514	
0.484307	2.84514	
0.484307	2.94467	
0.484307	2.94467	
0.484307	2.94467	
0.484307	2.94467	
0.484307	2.94467	
0.484307	2.94467	
0.484307	2.94467	
0.484307	2.94467	
0.246071	3.59508	
0.246071	3.59508	
0.246071	3.59508	
0.246071	3.59508	
0.246071	3.59508	
0.246071	3.61989	
0.231211	3.83136	
0.186029	4.11596	
0.186029	4.4353	
0.186029	4.70093	
0.186029	4.64496	
0.186029	4.4353	
0.840188	1.87208	
0.840188	1.87208	
0.840188	1.87208	
0.840188	1.87208	
0.840188	1.87208	
0.840188	1.87208	
0.840188	1.87208	
0.840188	1.87208	
0.840188	1.87208	
0.840188	1.87208	
0.840188	1.87208	
0.840188	1.87208	
0.840188	1.87208	
0.840188	1.87208	
0.840188	1.87208	
0.840188	1.87208	
0.840188	1.87208	
0.840188	1.87208	
0.840188	1.87208	
0.644454	2.33973	
0.644454	2.24151	
0.644454	2.33973	
0.637408	2.3102	
0.637408	2.3102	
0.637408	2.3102	
0.637408	2.3102	
0.410125	2.82586	
0.410125	2.82586	
0.410125	2.82586	
0.410125	2.82586	
0.410125	2.82586	
0.410125	2.82586	
0.410125	2.82586	
0.246071	3.61989	
0.231211	3.83136	
0.153005	3.86691	
0.153005	3.86691	
0.153005	3.86691	
0.147669	4.44255	
0.147669	4.44255	
0.840188	1.87208	
0.840188	1.87208	
0.840188	1.87208	
0.840188	1.87208	
0.840188	1.87208	
0.840188	1.87208	
0.840188	1.87208	
0.840188	1.87208	
0.840188	1.87208	
0.840188	1.87208	
0.840188	1.87208	
0.840188	1.87208	
0.840188	1.87208	
0.840188	1.87208	
0.637408	2.0169	
0.637408	2.0169	
0.637408	2.09209	
0.637408	2.09209	
0.637408	2.09209	
0.637408	2.09209	
0.637408	2.09209	
0.637408	2.09209	
0.637408	2.3102	
0.637408	2.3102	
0.637408	2.3102	
0.637408	2.3102	
0.410125	2.82586	
0.410125	2.82586	
0.410125	2.82586	
0.410125	2.82586	
0.285119	2.93891	
0.285119	2.93891	
0.285119	2.93891	
0.221482	3.0528	
0.221482	3.0528	
0.100925	3.51719	
0.100925	3.51719	
0.100925	3.51719	
0.100925	3.59906	
0.100925	3.59906	
0.840188	1.87208	
0.840188	1.87208	
0.840188	1.87208	
0.840188	1.87208	
0.637408	1.81952	
0.637408	1.81952	
0.637408	1.81952	
0.637408	1.81952	
0.637408	1.81952	
0.637408	1.81952	
0.637408	1.81952	
0.637408	1.81952	
0.637408	1.81952	
0.637408	1.81952	
0.637408	2.0169	
0.637408	2.0169	
0.637408	2.09209	
0.637408	2.09209	
0.637408	2.09209	
0.637408	2.09209	
0.637408	2.09209	
0.410125	2.41136	
0.410125	2.41136	
0.410125	2.41136	
0.410125	2.41136	
0.410125	2.41136	
0.410125	2.41136	
0.410125	2.41136	
0.285119	2.68143	
0.285119	2.68143	
0.285119	2.68143	
0.285119	2.68143	
0.285119	2.93891	
0.221482	3.0528	
0.221482	3.0528	
0.100925	3.44391	
0.100925	3.44391	
0.100925	3.51719	
0	4.20285	
0	4.20285	
0.840188	1.45755	
0.840188	1.45755	
0.840188	1.48682	
0.840188	1.48682	
0.840188	1.48682	
0.840188	1.48682	
0.840188	1.48682	
0.840188	1.48682	
0.840188	1.48682	
0.840188	1.48682	
0.840188	1.48682	
0.840188	1.48682	
0.637408	1.81952	
0.637408	1.81952	
0.637408	1.84023	
0.637408	1.84023	
0.637408	1.84023	
0.637408	1.84023	
0.637408	1.84023	
0.637408	1.84023	
0.637408	2.09209	
0.637408	2.06537	
0.637408	2.09917	
0.637408	2.09917	
0.410125	2.41136	
0.410125	2.41136	
0.410125	2.41136	
0.410125	2.41136	
0.410125	2.41136	
0.285119	2.59703	
0.285119	2.59703	
0.285119	2.59703	
0.285119	2.65761	
0.285119	2.65761	
0.221482	3.0323	
0.221482	3.19895	
0.100925	3.43081	
0.100925	3.43081	
0	4.06468	
0	4.20285	
0.840188	1.45755	
0.840188	1.45755	
0.840188	1.48682	
0.840188	1.48682	
0.840188	1.48682	
0.840188	1.48682	
0.840188	1.48682	
0.840188	1.48682	
0.840188	1.48682	
0.840188	1.48682	
0.840188	1.48682	
0.637408	1.7524	
0.637408	1.7524	
0.637408	1.7524	
0.637408	1.7524	
0.637408	1.84023	
0.637408	1.84023	
0.637408	1.84023	
0.637408	1.84023	
0.637408	1.84023	
0.637408	2.09209	
0.443649	2.10198	
0.443649	2.10198	
0.443649	2.10198	
0.443649	2.10198	
0.443649	2.10198	
0.443649	2.10198	
0.410125	2.31196	
0.410125	2.41136	
0.285119	2.59703	
0.285119	2.59703	
0.285119	2.59703	
0.285119	2.65761	
0.216365	2.84877	
0.216365	2.84877	
0.216365	2.84877	
0.100925	3.43081	
0.100925	3.43081	
0	3.78592	
0	4.20285	
0.840188	1.36171	
0.840188	1.36194	
0.840188	1.38741	
0.840188	1.38741	
0.840188	1.38741	
0.840188	1.36194	
0.840188	1.48682	
0.637408	1.51571	
0.637408	1.51571	
0.637408	1.51571	
0.637408	1.51571	
0.637408	1.60201	
0.637408	1.60201	
0.637408	1.60201	
0.637408	1.60201	
0.637408	1.60201	
0.637408	1.60201	
0.637408	1.84023	
0.637408	1.84023	
0.637408	1.84023	
0.425211	1.95819	
0.425211	1.95819	
0.425211	1.95819	
0.425211	1.95819	
0.425211	2.02889	
0.425211	2.02889	
0.425211	2.02889	
0.416913	2.23691	
0.394723	2.38731	
0.394723	2.38836	
0.216365	2.55195	
0.216365	2.55195	
0.216365	2.55195	
0.216365	2.55195	
0.216365	2.55195	
0.118269	3.07903	
0.118269	3.07903	
0.100925	3.43081	
0	3.71844	
0	4.20285	
0.840188	1.14461	
0.840188	1.14461	
0.840188	1.14461	
0.840188	1.04279	
0.840188	1.04279	
0.840188	1.14461	
0.840188	1.14461	
0.840188	1.14461	
0.840188	1.14461	
0.840188	1.14461	
0.840188	1.14461	
0.840188	1.14461	
0.840188	1.14461	
0.840188	1.04279	
0.840188	1.04279	
0.637408	1.54655	
0.637408	1.33414	
0.637408	1.33414	
0.637408	1.55892	
0.637408	1.55892	
0.637408	1.55892	
0.637408	1.55892	
0.429774	1.79728	
0.429774	1.79728	
0.429774	1.79728	
0.429774	1.79728	
0.429774	1.82708	
0.429774	1.82708	
0.429774	1.82708	
0.420235	2.27334	
0.420235	2.27334	
0.216365	2.55195	
0.216365	2.55195	
0.216365	2.55195	
0.216365	2.55195	
0.216365	2.66458	
0.118269	3.07903	
0.104237	3.11665	
0	3.69722	
0	4.20285	
0.840188	0.914159	
0.840188	0.916644	
0.840188	0.916644	
0.840188	0.916644	
0.840188	0.916644	
0.840188	0.916644	
0.840188	0.916644	
0.840188	0.916644	
0.840188	0.916644	
0.840188	1.14461	
0.840188	1.14461	
0.840188	1.14461	
0.840188	1.14461	
0.840188	1.04279	
0.840188	1.04279	
0.840188	0.916644	
0.637408	1.33414	
0.637408	1.33414	
0.61446	1.46802	
0.61446	1.46802	
0.61446	1.46802	
0.61446	1.46802	
0.61446	1.46802	
0.429774	1.78873	
0.429774	1.78873	
0.429774	1.78873	
0.429774	1.78873	
0.429774	1.82708	
0.429774	1.82708	
0.424527	2.04085	
0.420235	2.27334	
0.216365	2.51174	
0.216365	2.51174	
0.216365	2.51174	
0.216365	2.51174	
0.216365	2.66458	
0.118269	3.07903	
0.104237	3.11665	
0	3.69447	
0	4.20285	
0.840188	0.904055	
0.840188	0.916644	
0.840188	0.916644	
0.840188	0.916644	
0.840188	0.916644	
0.840188	0.916644	
0.840188	0.916644	
0.840188	0.916644	
0.840188	0.916644	
0.840188	0.768255	
0.840188	0.768255	
0.840188	0.768255	
0.840188	0.768255	
0.840188	1.04279	
0.840188	1.04279	
0.840188	0.916644	
0.637408	1.31446	
0.637408	1.31446	
0.637408	1.31446	
0.637408	1.31446	
0.637408	1.31446	
0.61446	1.46802	
0.61446	1.46802	
0.422832	1.60102	
0.422832	1.55406	
0.422832	1.55406	
0.422832	1.60102	
0.422832	1.687	
0.422832	1.687	
0.422832	1.687	
0.412073	1.98711	
0.210448	2.31352	
0.210448	2.31352	
0.210448	2.31352	
0.210448	2.31352	
0.210448	2.31352	
0.116812	2.63086	
0.116812	2.63086	
0	3.69447	
0	4.20285	
0.840188	0.844006	
0.840188	0.768255	
0.840188	0.768255	
0.840188	0.768255	
0.840188	0.844006	
0.840188	0.882198	
0.840188	0.882198	
0.840188	0.916644	
0.840188	0.916644	
0.840188	0.768255	
0.840188	0.768255	
0.840188	0.768255	
0.840188	0.768255	
0.637408	1.15099	
0.637408	1.15099	
0.637408	1.15099	
0.637408	1.15099	
0.627082	1.21918	
0.627082	1.2748	
0.61446	1.34482	
0.61446	1.34482	
0.61446	1.46802	
0.422832	1.54311	
0.422832	1.54311	
0.474332	1.51033	
0.422832	1.54311	
0.422832	1.60102	
0.422832	1.687	
0.422832	1.687	
0.422832	1.687	
0.412073	1.98711	
0.385038	2.19517	
0.32578	2.27286	
0.210448	2.31352	
0.210448	2.31352	
0.189866	2.52858	
0.116812	2.63086	
0.116812	2.63086	
0.027472	2.9424	
0	4.20285	
0.840188	0.678154	
0.840188	0.678154	
0.840188	0.718526	
0.840188	0.678154	
0.840188	0.718526	
0.840188	0.718526	
0.840188	0.718526	
0.840188	0.718526	
0.840188	0.678154	
0.840188	0.768255	
0.840188	0.768255	
0.840188	0.768255	
0.840188	0.768255	
0.840188	0.718526	
0.840188	0.678154	
0.637408	1.15099	
0.637408	1.15099	
0.630466	1.17731	
0.630466	1.20581	
0.626648	1.24462	
0.626648	1.24462	
0.626648	1.24462	
0.422832	1.43196	
0.422832	1.43196	
0.463012	1.42198	
0.422832	1.43196	
0.422832	1.43196	
0.422832	1.43196	
0.422832	1.687	
0.257355	1.82151	
0.257355	1.82151	
0.257355	1.82151	
0.257355	1.82151	
0.257355	1.82151	
0.189866	2.1113	
0.189866	2.1113	
0.116812	2.63086	
0.116812	2.63086	
0.027472	2.9424	
0	4.20285	
0.840188	0.678154	
0.840188	0.678154	
0.840188	0.718526	
0.840188	0.678154	
0.840188	0.718526	
0.83637	0.797448	
0.83637	0.797448	
0.83637	0.797448	
0.83637	0.797448	
0.83637	0.797448	
0.83637	0.797448	
0.83637	0.797448	
0.83637	0.797448	
0.83637	0.797448	
0.637408	1.13062	
0.637408	1.13062	
0.637408	1.14461	
0.637408	1.14461	
0.630466	1.20581	
0.626648	1.24462	
0.620731	1.32016	
0.620731	1.32016	
0.422832	1.43196	
0.422832	1.43196	
0.431109	1.2646	
0.422832	1.43196	
0.422832	1.43196	
0.422832	1.43196	
0.280878	1.65197	
0.280878	1.65197	
0.280878	1.65197	
0.280878	1.65197	
0.257355	1.82151	
0.189866	2.0353	
0.189866	2.0353	
0.129223	2.27947	
0.129223	2.27947	
0.116812	2.63086	
0.027472	2.9424	
0	4.20285	
0.840188	0.658364	
0.840188	0.678154	
0.840188	0.658364	
0.840188	0.678154	
0.838044	0.748533	
0.835425	0.779169	
0.835425	0.779169	
0.835425	0.831031	
0.835425	0.831031	
0.832805	0.877613	
0.832805	0.877613	
0.832805	0.877613	
0.832805	0.877613	
0.832805	0.877613	
0.634527	1.09075	
0.634527	1.09075	
0.634527	1.09075	
0.431109	1.11465	
0.431109	1.11465	
0.431109	1.11465	
0.431109	1.11465	
0.431109	1.11465	
0.431109	1.11465	
0.431109	1.11465	
0.431109	1.2646	
0.422832	1.40112	
0.422832	1.43196	
0.280878	1.58558	
0.280878	1.58558	
0.280878	1.58558	
0.280878	1.58558	
0.280878	1.65197	
0.257355	1.82151	
0.189866	2.01287	
0.189866	2.01287	
0.0617338	2.20973	
0.0617338	2.20973	
0.0617338	2.20973	
0.027472	2.42567	
0	4.20285	
0.844248	0.508431	
0.844248	0.508431	
0.844248	0.540823	
0.844248	0.540823	
0.844248	0.508431	
0.840188	0.615674	
0.82711	0.654562	
0.82711	0.654562	
0.82711	0.654562	
0.82711	0.654562	
0.82711	0.766676	
0.82711	0.766676	
0.82711	0.766676	
0.82711	0.766676	
0.82711	0.766676	
0.431109	1.00569	
0.431109	1.00569	
0.431109	1.0054	
0.431109	1.00012	
0.431109	1.00012	
0.431109	1.00012	
0.431109	1.00569	
0.431109	1.0136	
0.431109	1.11465	
0.431109	1.00569	
0.431109	1.00569	
0.280878	1.36476	
0.280878	1.36476	
0.280878	1.36476	
0.280878	1.36476	
0.280878	1.36476	
0.280878	1.4799	
0.23232	1.69038	
0.198251	1.74155	
0.198251	1.74155	
0.111791	2.01207	
0.111791	2.01207	
0.0617338	2.20973	
0.027472	2.42567	
0	4.20285	
0.85633	0.332985	
0.853674	0.349555	
0.853674	0.349555	
0.84172	0.402476	
0.84172	0.42428	
0.84172	0.42428	
0.82711	0.37848	
0.82711	0.37848	
0.82711	0.37848	
0.82711	0.37848	
0.82711	0.37848	
0.82711	0.37848	
0.82711	0.37848	
0.82711	0.37848	
0.830726	0.116194	
0.830726	0.116194	
0.830726	0.116194	
0.830726	0.116194	
0.830726	0.116194	
0.431109	0.900947	
0.431109	0.900947	
0.431109	0.900947	
0.431109	0.900947	
0.431109	0.900947	
0.431109	0.900947	
0.431109	0.900947	
0.431109	0.900947	
0.431109	0.900947	
0.431109	0.900947	
0.280878	1.2808	
0.280878	1.2808	
0.280878	1.2808	
0.280878	1.2989	
0.251164	1.40088	
0.198251	1.71795	
0.18788	1.80724	
0.111791	2.01207	
0.0617338	2.20973	
0.027472	2.42567	
0	4.20285	
0.830726	0.167194	
0.830726	0.167194	
0.830726	0.167194	
0.830726	0.167194	
0.830726	0.192247	
0.830726	0.192247	
0.830726	0.192247	
0.82711	0.274163	
0.82711	0.313606	
0.82711	0.313606	
0.82711	0.37848	
0.82711	0.37848	
0.82711	0.37848	
0.82711	0.37848	
0.82711	0.313606	
0.82711	0.313606	
0.82711	0.311324	
0.82711	0.311324	
0.82711	0.311324	
0.431109	0.895278	
0.431109	0.895278	
0.431109	0.895278	
0.431109	0.895278	
0.431109	0.895278	
0.431109	0.895278	
0.431109	0.895278	
0.431109	0.900947	
0.431109	0.900947	
0.266274	1.14428	
0.266274	1.14428	
0.266274	1.14428	
0.266274	1.14428	
0.266274	1.14428	
0.251164	1.40088	
0.198251	1.70256	
0.18788	1.80724	
0.111791	2.01207	
0.110099	2.18227	
0.027472	2.42567	
0	4.20285	
0.830726	0.14043	
0.830726	0.14043	
0.830726	0.14043	
0.830726	0.167194	
0.82711	0.192507	
0.82711	0.192507	
0.825415	0.259046	
0.824028	0.289923	
0.824028	0.289923	
0.824028	0.289923	
0.647214	0.383008	
0.647214	0.383008	
0.647214	0.383008	
0.647214	0.383008	
0.647214	0.383008	
0.647214	0.383008	
0.647214	0.383008	
0.647214	0.383008	
0.647214	0.383008	
0.647214	0.383008	
0.431109	0.707347	
0.431109	0.707347	
0.431109	0.707347	
0.431109	0.707347	
0.431109	0.707347	
0.431109	0.873373	
0.431109	0.900947	
0.431109	0.900947	
0.266274	1.14428	
0.266274	1.14428	
0.266274	1.14428	
0.266274	1.14428	
0.266274	1.14428	
0.251164	1.40088	
0.175615	1.53364	
0.175615	1.65233	
0.110099	1.93305	
0.110099	1.93305	
0.027472	2.42567	
0	4.20285	
0.830726	0.121165	
0.830726	0.121165	
0.830726	0.14043	
0.830726	0.167194	
0.82711	0.192507	
0.82711	0.192507	
0.825415	0.259046	
0.824028	0.289923	
0.824028	0.289923	
0.824028	0.289923	
0.647214	0.383008	
0.647214	0.383008	
0.647214	0.383008	
0.647214	0.383008	
0.647214	0.383008	
0.647214	0.383008	
0.647214	0.383008	
0.647214	0.383008	
0.647214	0.383008	
0.647214	0.383008	
0.431109	0.707347	
0.431109	0.707347	
0.431109	0.707347	
0.431109	0.707347	
0.431109	0.707347	
0.431109	0.873373	
0.431109	0.900947	
0.406796	1.02464	
0.264216	1.04056	
0.264216	1.04056	
0.264216	1.04056	
0.264216	1.04056	
0.205555	1.31165	
0.205555	1.31165	
0.187855	1.47139	
0.0602362	1.61695	
0.0602362	1.61695	
0.0602362	1.61695	
0.027472	2.13757	
0	4.20285	
0.830726	0.121165	
0.830726	0.121165	
0.830726	0.14043	
0.830726	0.167194	
0.82711	0.192507	
0.825415	0.216223	
0.825415	0.259046	
0.824028	0.289923	
0.647214	0.301779	
0.647214	0.301779	
0.647214	0.321976	
0.647214	0.321976	
0.647214	0.383008	
0.647214	0.383008	
0.647214	0.383008	
0.647214	0.383008	
0.647214	0.383008	
0.647214	0.383008	
0.647214	0.383008	
0.647214	0.383008	
0.431109	0.707347	
0.431109	0.707347	
0.431109	0.707347	
0.431109	0.707347	
0.429293	0.738001	
0.429293	0.738001	
0.429293	0.738001	
0.406796	1.02464	
0.264216	1.04056	
0.264216	1.04056	
0.264216	1.04056	
0.222218	1.10882	
0.222218	1.10882	
0.205555	1.31165	
0.187855	1.47139	
0.0815006	1.54059	
0.0815006	1.54059	
0.0602362	1.61695	
0	2.00235	
0	4.20285	
0.830726	0.121165	
0.830726	0.121165	
0.830726	0.14043	
0.830726	0.167194	
0.82711	0.192507	
0.825415	0.216223	
0.825415	0.259046	
0.824028	0.289923	
0.647214	0.141487	
0.647214	0.301779	
0.647214	0.321976	
0.647214	0.321976	
0.647214	0.383008	
0.647214	0.383008	
0.647214	0.383008	
0.647214	0.383008	
0.647214	0.383008	
0.647214	0.383008	
0.647214	0.383008	
0.431109	0.718268	
0.431109	0.707347	
0.431109	0.707347	
0.431109	0.707347	
0.431109	0.707347	
0.429293	0.738001	
0.429293	0.738001	
0.406796	0.971718	
0.406796	1.02464	
0.264216	1.04056	
0.264216	1.04056	
0.264216	1.04056	
0.222218	1.10882	
0.222218	1.10882	
0.205555	1.31165	
0.187855	1.47139	
0.0815006	1.54059	
0.0815006	1.54059	
0.0584014	1.58329	
0.0404786	1.68576	
0	4.20285	
0.830726	-0.00526522	
0.830726	0.00802983	
0.830726	0.00802983	
0.830726	0.00802983	
0.830726	0.00802983	
0.830726	0.00802983	
0.830726	0.00802983	
0.830726	0.00802983	
0.647214	0.141487	
0.647214	0.180253	
0.647214	0.180253	
0.647214	0.180253	
0.647214	0.180253	
0.647214	0.180253	
0.647214	0.180253	
0.647214	0.383008	
0.647214	0.383008	
0.647214	0.383008	
0.647214	0.383008	
0.647214	0.180253	
0.647214	0.496623	
0.436565	0.685525	
0.436565	0.685525	
0.436565	0.685525	
0.436565	0.685525	
0.429293	0.738001	
0.436565	0.685525	
0.264216	0.974104	
0.264216	0.974104	
0.264216	0.974104	
0.264216	0.974104	
0.264216	0.974104	
0.222218	1.10882	
0.222218	1.16642	
0.0815006	1.35506	
0.0815006	1.35506	
0.0815006	1.35506	
0.0815006	1.35506	
0.0404786	1.61581	
0	4.20285	
0.830726	-0.0131857	
0.830726	0.00802983	
0.830726	0.00802983	
0.830726	0.00802983	
0.830726	0.00802983	
0.830726	0.00802983	
0.830726	0.00802983	
0.647214	0.140145	
0.647214	0.141487	
0.647214	0.180253	
0.647214	0.180253	
0.647214	0.180253	
0.647214	0.180253	
0.647214	0.180253	
0.647214	0.180253	
0.647214	0.176429	
0.647214	0.383008	
0.647214	0.383008	
0.647214	0.383008	
0.647214	0.180253	
0.436565	0.62526	
0.436565	0.62526	
0.436565	0.62526	
0.436565	0.62526	
0.436565	0.632616	
0.429293	0.738001	
0.429293	0.83241	
0.425293	0.870325	
0.264216	0.941599	
0.264216	0.941599	
0.264216	0.941599	
0.264216	0.974104	
0.222218	1.10882	
0.222218	1.16642	
0.0815006	1.35506	
0.0815006	1.35506	
0.0815006	1.35506	
0.0815006	1.35506	
0.0404786	1.61581	
0	4.20285	
0.830726	-0.0307859	
0.830726	-0.0307859	
0.830726	0.00802983	
0.830726	0.00802983	
0.830726	0.00802983	
0.830726	0.00802983	
0.830726	0.00802983	
0.647214	0.140145	
0.647214	0.126681	
0.647214	0.156929	
0.647214	0.180253	
0.647214	0.180253	
0.647214	0.180253	
0.647214	0.180253	
0.647214	0.180253	
0.647214	0.176429	
0.647214	0.383008	
0.647214	0.383008	
0.647214	0.383008	
0.647214	0.180253	
0.436565	0.62526	
0.455502	0.511823	
0.455502	0.511823	
0.455502	0.511823	
0.429293	0.647698	
0.429293	0.647698	
0.425293	0.73889	
0.264216	0.902231	
0.264216	0.902231	
0.264216	0.902231	
0.264216	0.902231	
0.264216	0.974104	
0.222218	1.09768	
0.222218	1.16642	
0.186822	1.25693	
0.0815006	1.3189	
0.0815006	1.3189	
0.0815006	1.35506	
0.0404786	1.61581	
0	4.20285	
0.830726	-0.0392114	
0.830726	-0.0307859	
0.830726	-0.0392114	
0.830726	0.00802983	
0.830726	0.00802983	
0.830726	0.00802983	
0.830726	0.00802983	
0.647214	0.140145	
0.647214	0.126681	
0.647214	0.156929	
0.647214	0.180253	
0.647214	0.180253	
0.647214	0.180253	
0.647214	0.180253	
0.647214	0.180253	
0.647214	0.176429	
0.647214	0.383008	
0.647214	0.383008	
0.647214	0.383008	
0.455502	0.519485	
0.455502	0.519485	
0.455502	0.511823	
0.455502	0.511823	
0.455502	0.511823	
0.429293	0.647698	
0.429293	0.647698	
0.425293	0.73889	
0.264216	0.874737	
0.264216	0.874737	
0.264216	0.874737	
0.264216	0.874737	
0.264216	0.974104	
0.222218	0.987728	
0.222218	1.16642	
0.186822	1.25693	
0.0815006	1.3189	
0.0815006	1.3189	
0.0815006	1.35506	
0.0404786	1.61581	
0	4.20285	
0.830726	-0.0408697	
0.830726	-0.0307859	
0.830726	-0.0392114	
0.830726	0.00802983	
0.830726	0.00802983	
0.830726	0.00802983	
0.830726	0.00802983	
0.647214	0.130707	
0.647214	0.126681	
0.647214	0.151641	
0.647214	0.180253	
0.647214	0.180253	
0.647214	0.180253	
0.647214	0.180253	
0.632799	0.292605	
0.632799	0.292605	
0.632799	0.292605	
0.455502	0.439411	
0.455502	0.439411	
0.455502	0.439411	
0.455502	0.439411	
0.455502	0.439411	
0.441087	0.527411	
0.441087	0.527411	
0.429293	0.614969	
0.429293	0.647698	
0.425293	0.73889	
0.264216	0.870156	
0.264216	0.870156	
0.264216	0.870156	
0.264216	0.870156	
0.222218	0.945502	
0.222218	0.945502	
0.222218	1.16642	
0.186822	1.25693	
0.0815006	1.3189	
0.0815006	1.3189	
0.0815006	1.35506	
0.0404786	1.52095	
0	4.20285	
0.830726	-0.0408697	
0.830726	-0.0307859	
0.830726	-0.0392114	
0.830726	0.00802983	
0.830726	0.00802983	
0.830726	0.00802983	
0.830726	0.00802983	
0.647214	0.130707	
0.647214	0.126681	
0.647214	0.151641	
0.647214	0.180253	
0.647214	0.180253	
0.647214	0.180253	
0.647214	0.180253	
0.632799	0.292605	
0.624353	0.344098	
0.624353	0.364842	
0.46343	0.425364	
0.46343	0.425364	
0.46343	0.425364	
0.455502	0.428245	
0.455502	0.439411	
0.441087	0.527411	
0.441087	0.527411	
0.429293	0.614969	
0.425293	0.715369	
0.411303	0.788993	
0.264216	0.870156	
0.264216	0.870156	
0.264216	0.870156	
0.264216	0.870156	
0.222218	0.945502	
0.222218	0.945502	
0.222218	1.16642	
0.186822	1.2092	
0.0815006	1.3189	
0.0815006	1.3189	
0.0815006	1.35506	
0.0404786	1.52095	
0	4.20285	
0.838655	-0.0925242	
0.838655	-0.0925242	
0.838655	-0.0925242	
0.838655	-0.0925242	
0.838655	-0.0925242	
0.830726	0.00802983	
0.830726	0.00802983	
0.830726	-0.0511081	
0.838655	-0.0925242	
0.647214	0.143186	
0.647214	0.143186	
0.647214	0.143186	
0.647214	0.180253	
0.647214	0.180253	
0.647214	0.233661	
0.647214	0.233661	
0.647214	0.233661	
0.647214	0.233661	
0.46343	0.425364	
0.46343	0.425364	
0.455502	0.428245	
0.455502	0.439411	
0.449773	0.491693	
0.441087	0.527411	
0.429293	0.614969	
0.445607	0.484452	
0.411303	0.774777	
0.411303	0.774777	
0.264216	0.870156	
0.264216	0.870156	
0.264216	0.870156	
0.264216	0.887056	
0.222218	0.945502	
0.222218	1.16642	
0.186822	1.2092	
0.0815006	1.3189	
0.0815006	1.3189	
0.0404786	1.33469	
0.0404786	1.33469	
0	4.20285	
0.843451	-0.105172	
0.838655	-0.0925242	
0.838655	-0.0925242	
0.835523	-0.121644	
0.835523	-0.121644	
0.835523	-0.121644	
0.830726	0.00802983	
0.830726	-0.0511081	
0.647214	0.0798418	
0.647214	0.0798418	
0.647214	0.0798418	
0.647214	0.080151	
0.638493	0.153344	
0.638493	0.18553	
0.638493	0.18553	
0.638493	0.18553	
0.638493	0.208708	
0.638493	0.208708	
0.447049	0.390921	
0.447049	0.390921	
0.447049	0.390921	
0.447049	0.390921	
0.441087	0.437005	
0.441087	0.437005	
0.447049	0.390921	
0.445607	0.484452	
0.447049	0.390921	
0.411303	0.774777	
0.264216	0.870156	
0.264216	0.870156	
0.264216	0.870156	
0.244556	0.872975	
0.222218	0.945502	
0.222218	1.08873	
0.186822	1.2092	
0.0815006	1.3189	
0.0815006	1.3189	
0.0404786	1.33469	
0.0404786	1.33469	
0	4.20285	
0.835523	-0.123677	
0.835523	-0.123677	
0.835523	-0.123677	
0.835523	-0.121644	
0.835523	-0.121644	
0.835523	-0.121644	
0.830726	0.00802983	
0.830726	-0.0511081	
0.647214	0.0798418	
0.647214	0.0798418	
0.647214	0.0798418	
0.638493	0.101928	
0.638493	0.153344	
0.638493	0.18553	
0.638493	0.18553	
0.638493	0.18553	
0.638493	0.208708	
0.638493	0.208708	
0.447049	0.390921	
0.447049	0.390921	
0.447049	0.390921	
0.447049	0.390921	
0.441087	0.437005	
0.441087	0.437005	
0.443057	0.467403	
0.443057	0.467403	
0.443057	0.467403	
0.411303	0.774777	
0.264216	0.841592	
0.264216	0.841592	
0.264216	0.841592	
0.244556	0.872975	
0.220742	0.931809	
0.220742	0.931809	
0.186822	1.2092	
0.150046	1.31261	
0.0880673	1.31872	
0.0404786	1.33469	
0.0404786	1.33469	
0	4.20285	
0.835523	-0.194103	
0.835523	-0.186577	
0.835523	-0.186577	
0.835523	-0.194103	
0.835523	-0.121644	
0.835523	-0.121644	
0.835523	-0.153792	
0.830726	-0.0511081	
0.835523	-0.153792	
0.835523	-0.186577	
0.647214	0.0798418	
0.641131	0.0878228	
0.641131	0.0878228	
0.641131	0.0878228	
0.638493	0.157281	
0.638493	0.18553	
0.638493	0.208708	
0.638493	0.208708	
0.638493	0.211141	
0.447049	0.390921	
0.447049	0.390921	
0.447049	0.390921	
0.445253	0.405924	
0.441087	0.437005	
0.443057	0.467403	
0.443057	0.467403	
0.443057	0.467403	
0.26281	0.766981	
0.26281	0.766981	
0.26281	0.766981	
0.26281	0.766981	
0.26281	0.766981	
0.220742	0.931809	
0.220742	0.931809	
0.186822	1.2092	
0.150046	1.31261	
0.0880673	1.31872	
0.0404786	1.33469	
0.0404786	1.33469	
0	4.20285	
0.835523	-0.194103	
0.835523	-0.186577	
0.835523	-0.186577	
0.832885	-0.14398	
0.832885	-0.14398	
0.831914	-0.0758898	
0.830726	-0.0431845	
0.830726	-0.0511081	
0.829275	0.00388959	
0.829275	0.00388959	
0.647214	0.0798418	
0.641131	0.0878228	
0.641131	0.0878228	
0.641131	0.0878228	
0.638493	0.157281	
0.638493	0.18553	
0.638493	0.208708	
0.638493	0.208708	
0.451846	0.338332	
0.451846	0.338332	
0.451846	0.338332	
0.451846	0.338332	
0.441087	0.372149	
0.441087	0.437005	
0.441087	0.384331	
0.441087	0.384331	
0.441087	0.384331	
0.26281	0.76374	
0.26281	0.76374	
0.26281	0.76374	
0.26281	0.76374	
0.26281	0.766981	
0.220742	0.931809	
0.220742	0.931809	
0.0995522	1.09218	
0.0995522	1.09218	
0.0995522	1.09218	
0.0404786	1.33469	
0.0404786	1.33469	
0	4.20285	
0.835523	-0.194103	
0.835523	-0.186577	
0.835523	-0.186577	
0.832885	-0.14398	
0.830726	-0.102508	
0.830726	-0.102508	
0.830726	-0.0431845	
0.827824	-0.0206528	
0.827824	-0.0089227	
0.827824	-0.0089227	
0.641131	0.0642936	
0.641131	0.0642936	
0.641131	0.0878228	
0.641131	0.0878228	
0.635214	0.152444	
0.635214	0.152444	
0.635214	0.152444	
0.623938	0.259869	
0.441087	0.334133	
0.441087	0.334133	
0.441087	0.334133	
0.441087	0.334133	
0.441087	0.372149	
0.441087	0.437005	
0.441087	0.384331	
0.441087	0.384331	
0.253243	0.623934	
0.253243	0.623934	
0.253243	0.623934	
0.253243	0.623934	
0.253243	0.623934	
0.253243	0.654915	
0.220742	0.931809	
0.220742	0.931809	
0.0995522	1.09218	
0.0995522	1.09218	
0.0995522	1.09218	
0.0404786	1.25997	
0.0404786	1.33469	
0	4.20285	
0.835523	-0.194103	
0.835523	-0.186577	
0.835523	-0.186577	
0.832885	-0.14398	
0.830726	-0.102508	
0.830726	-0.102508	
0.827824	-0.119868	
0.827824	-0.0206528	
0.827824	-0.0089227	
0.827824	-0.0089227	
0.641131	0.0642936	
0.641131	0.0642936	
0.641131	0.0878228	
0.641131	0.0878228	
0.635214	0.152444	
0.635214	0.152444	
0.635214	0.152444	
0.623938	0.259869	
0.441087	0.308065	
0.441087	0.308065	
0.441087	0.308065	
0.441087	0.308065	
0.441087	0.372149	
0.441087	0.437005	
0.441087	0.384331	
0.441087	0.384331	
0.253243	0.623934	
0.253243	0.623934	
0.253243	0.623934	
0.253243	0.623934	
0.253243	0.623934	
0.220742	0.7383	
0.220742	0.7383	
0.220742	0.931809	
0.0995522	1.09218	
0.0995522	1.09218	
0.0995522	1.09218	
0.0627418	1.14032	
0.0404786	1.33469	
0	4.20285	
0.835523	-0.194103	
0.835523	-0.186577	
0.835523	-0.186577	
0.832885	-0.14398	
0.830726	-0.102508	
0.827824	-0.0725674	
0.827824	-0.119868	
0.827824	-0.0206528	
0.827824	-0.0089227	
0.641131	0.0219459	
0.641131	0.0219459	
0.641131	0.0219459	
0.641131	0.0878228	
0.635214	0.124686	
0.631675	0.138825	
0.631675	0.138825	
0.631675	0.138825	
0.623938	0.259869	
0.441087	0.308065	
0.441087	0.308065	
0.441087	0.308065	
0.441087	0.308065	
0.441087	0.372149	
0.441087	0.437005	
0.423211	0.457107	
0.423211	0.457107	
0.253243	0.595214	
0.253243	0.595214	
0.253243	0.595214	
0.253243	0.595214	
0.253243	0.623934	
0.220742	0.726722	
0.220742	0.7383	
0.220742	0.931809	
0.176174	1.08002	
0.0627418	1.08557	
0.0627418	1.08557	
0.0627418	1.08557	
0.0404786	1.33469	
0	4.20285	
0.835523	-0.194103	
0.835523	-0.186577	
0.835523	-0.186577	
0.827824	-0.136486	
0.827824	-0.136486	
0.827824	-0.0725674	
0.827824	-0.119868	
0.827824	-0.0206528	
0.827824	-0.0089227	
0.641131	0.0219459	
0.641131	0.0219459	
0.641131	0.0219459	
0.641131	0.0878228	
0.635214	0.124686	
0.631675	0.138825	
0.631675	0.138825	
0.631675	0.138825	
0.623938	0.259869	
0.441087	0.308065	
0.441087	0.308065	
0.441087	0.308065	
0.441087	0.308065	
0.441087	0.372149	
0.435886	0.439706	
0.423211	0.457107	
0.271118	0.537929	
0.271118	0.537929	
0.271118	0.537929	
0.271118	0.537929	
0.253243	0.564266	
0.238617	0.632943	
0.220742	0.726722	
0.220742	0.7383	
0.220742	0.931809	
0.176174	1.08002	
0.0627418	1.08557	
0.0627418	1.08557	
0.0627418	1.08557	
0.0404786	1.33469	
0	4.20285	
0.835523	-0.194103	
0.827824	-0.175767	
0.827824	-0.175767	
0.827824	-0.136486	
0.827824	-0.136486	
0.827824	-0.0725674	
0.827824	-0.119868	
0.827824	-0.0206528	
0.635214	0.00949142	
0.635214	0.00949142	
0.635214	0.00949142	
0.635214	0.00949142	
0.631675	0.0769305	
0.631675	0.0769305	
0.631675	0.138825	
0.631675	0.138825	
0.631675	0.138825	
0.441087	0.248485	
0.441087	0.248485	
0.441087	0.248485	
0.441087	0.248485	
0.441087	0.308065	
0.441087	0.372149	
0.435886	0.439706	
0.423211	0.457107	
0.271118	0.537022	
0.271118	0.537022	
0.271118	0.537022	
0.271118	0.537022	
0.253243	0.564266	
0.238617	0.632943	
0.220742	0.726722	
0.220742	0.7383	
0.220742	0.931809	
0.0848715	1.03378	
0.0848715	1.03378	
0.0848715	1.03378	
0.0627418	1.08557	
0.0404786	1.33469	
0	4.20285	
0.827824	-0.234357	
0.827824	-0.234357	
0.827824	-0.234357	
0.827824	-0.234357	
0.827824	-0.234357	
0.825878	-0.122406	
0.825878	-0.122406	
0.825878	-0.122406	
0.825878	-0.122406	
0.635214	0.00949142	
0.635214	0.00949142	
0.635214	0.00949142	
0.631675	0.0732028	
0.631675	0.0769305	
0.631675	0.101512	
0.631675	0.138825	
0.441087	0.196455	
0.441087	0.196455	
0.441087	0.196455	
0.441087	0.196455	
0.441087	0.196455	
0.441087	0.196455	
0.441087	0.196455	
0.441087	0.340968	
0.423211	0.457107	
0.253243	0.532311	
0.253243	0.532311	
0.253243	0.532311	
0.253243	0.532311	
0.253243	0.532311	
0.253243	0.532311	
0.220742	0.697249	
0.220742	0.7383	
0.208571	0.808834	
0.0848715	1.0259	
0.0848715	1.0259	
0.0848715	1.0259	
0.0627418	1.08557	
0.0404786	1.33469	
0	4.20285	
0.827824	-0.248781	
0.844381	-0.320245	
0.844381	-0.320245	
0.844381	-0.320245	
0.844381	-0.354631	
0.844381	-0.320245	
0.844381	-0.320245	
0.844381	-0.320245	
0.844381	-0.320245	
0.844381	-0.320245	
0.844381	-0.320245	
0.844381	-0.354631	
0.844381	-0.320245	
0.662898	0.0221498	
0.662898	0.0221498	
0.631675	0.0284952	
0.631675	0.0284952	
0.631675	0.111283	
0.631675	0.111283	
0.441087	0.184292	
0.441087	0.184292	
0.441087	0.184292	
0.441087	0.196455	
0.441087	0.197841	
0.441087	0.197841	
0.441087	0.197841	
0.253243	0.515961	
0.253243	0.515961	
0.253243	0.515961	
0.253243	0.515961	
0.253243	0.515961	
0.253243	0.541426	
0.220742	0.7383	
0.208571	0.802782	
0.0848715	1.0259	
0.0848715	1.0259	
0.0848715	1.0259	
0.0627418	1.08469	
0.0404786	1.33469	
0	4.20285	
0.844381	-0.320245	
0.844381	-0.322276	
0.844381	-0.320245	
0.844381	-0.320245	
0.844381	-0.354631	
0.844381	-0.320245	
0.844381	-0.320245	
0.844381	-0.320245	
0.827208	-0.167756	
0.827208	-0.167756	
0.662898	-0.109533	
0.662898	-0.109533	
0.662898	-0.109533	
0.662898	-0.0641721	
0.631675	-0.014639	
0.631675	0.0284952	
0.631675	0.0284952	
0.631675	0.111283	
0.631675	0.111283	
0.441087	0.171922	
0.441087	0.171922	
0.441087	0.171922	
0.441087	0.196455	
0.441087	0.197841	
0.441087	0.197841	
0.441087	0.197841	
0.253243	0.515961	
0.253243	0.515961	
0.253243	0.515961	
0.253243	0.515961	
0.253243	0.515961	
0.253243	0.541426	
0.220742	0.711859	
0.208571	0.802782	
0.189647	0.930598	
0.0848715	1.0259	
0.0848715	1.0259	
0.0627418	1.07503	
0.0329082	1.16127	
0	4.20285	
0.844381	-0.472349	
0.844381	-0.461123	
0.844381	-0.461123	
0.844381	-0.461123	
0.844381	-0.461123	
0.844381	-0.461123	
0.844381	-0.320245	
0.844381	-0.320245	
0.844381	-0.461123	
0.844381	-0.461123	
0.844381	-0.461123	
0.662898	-0.165333	
0.662898	-0.165333	
0.662898	-0.165333	
0.662898	-0.11598	
0.662898	-0.11598	
0.662898	-0.0189528	
0.662898	-0.00881187	
0.662898	-0.00881187	
0.662898	-0.00881187	
0.441087	0.167152	
0.441087	0.167152	
0.441087	0.167152	
0.441087	0.167152	
0.441087	0.197841	
0.441087	0.197841	
0.441087	0.169101	
0.253243	0.496282	
0.253243	0.496282	
0.253243	0.496282	
0.253243	0.496282	
0.253243	0.496282	
0.253243	0.496282	
0.208571	0.802782	
0.189647	0.930598	
0.0848715	1.0259	
0.0848715	1.0259	
0.0627418	1.07503	
0.0329082	1.11914	
0	4.20285	
0.844381	-0.472349	
0.844381	-0.461123	
0.844381	-0.461123	
0.844381	-0.461123	
0.844381	-0.461123	
0.844381	-0.461123	
0.844381	-0.320245	
0.844381	-0.320245	
0.844381	-0.461123	
0.844381	-0.461123	
0.844381	-0.461123	
0.662898	-0.165333	
0.662898	-0.165333	
0.662898	-0.165333	
0.662898	-0.11598	
0.662898	-0.11598	
0.662898	-0.0189528	
0.662898	-0.00881187	
0.662898	-0.00881187	
0.441087	0.153793	
0.441087	0.153793	
0.441087	0.153793	
0.441087	0.153793	
0.441087	0.153793	
0.441087	0.197841	
0.441087	0.197841	
0.441087	0.169101	
0.253243	0.496282	
0.253243	0.496282	
0.253243	0.496282	
0.253243	0.496282	
0.253243	0.496282	
0.218265	0.675463	
0.218265	0.675463	
0.189647	0.930598	
0.104109	0.971624	
0.104109	0.971624	
0.0627418	1.07503	
0.0329082	1.11914	
0	4.20285	
0.844381	-0.497095	
0.844381	-0.484681	
0.844381	-0.461123	
0.844381	-0.461123	
0.844381	-0.461123	
0.844381	-0.461123	
0.844381	-0.484681	
0.844381	-0.320245	
0.844381	-0.461123	
0.844381	-0.461123	
0.844381	-0.461123	
0.662898	-0.226673	
0.662898	-0.226673	
0.662898	-0.226673	
0.662898	-0.128368	
0.662898	-0.11598	
0.662898	-0.128368	
0.662898	-0.00881187	
0.662898	-0.00881187	
0.441087	0.084423	
0.441087	0.084423	
0.441087	0.084423	
0.441087	0.084423	
0.441087	0.132212	
0.437588	0.188752	
0.437588	0.220639	
0.437588	0.220639	
0.437588	0.220639	
0.253243	0.496282	
0.253243	0.496282	
0.253243	0.496282	
0.253243	0.496282	
0.240477	0.539298	
0.218265	0.675463	
0.205499	0.778083	
0.104109	0.971624	
0.104109	0.971624	
0.0627418	1.07503	
0.0329082	1.11914	
0	4.20285	
0.844381	-0.497095	
0.844381	-0.484681	
0.844381	-0.461123	
0.844381	-0.461123	
0.844381	-0.461123	
0.844381	-0.461123	
0.844381	-0.484681	
0.844381	-0.320245	
0.844381	-0.461123	
0.844381	-0.461123	
0.662898	-0.231929	
0.662898	-0.231929	
0.662898	-0.226673	
0.662898	-0.226673	
0.662898	-0.128368	
0.662898	-0.11598	
0.662898	-0.128368	
0.662898	-0.00881187	
0.662898	-0.00881187	
0.441087	0.084423	
0.441087	0.084423	
0.441087	0.084423	
0.441087	0.084423	
0.441087	0.132212	
0.437588	0.188752	
0.437588	0.220639	
0.437588	0.220639	
0.253243	0.484696	
0.253243	0.484696	
0.253243	0.484696	
0.253243	0.484696	
0.253243	0.484696	
0.240477	0.539298	
0.218265	0.675463	
0.205499	0.778083	
0.104109	0.96772	
0.104109	0.96772	
0.0627418	1.07503	
0.0329082	1.10429	
0	4.20285	
0.844381	-0.585167	
0.844381	-0.585167	
0.844381	-0.585167	
0.844381	-0.585167	
0.844381	-0.585167	
0.844381	-0.461123	
0.844381	-0.484681	
0.844381	-0.585167	
0.844381	-0.461123	
0.844381	-0.461123	
0.844381	-0.585167	
0.844381	-0.585167	
0.662898	-0.226673	
0.662898	-0.226673	
0.662898	-0.128368	
0.662898	-0.11598	
0.662898	-0.128368	
0.662898	-0.0638747	
0.662898	-0.0638747	
0.662898	-0.0157016	
0.441087	0.084423	
0.441087	0.084423	
0.441087	0.084423	
0.46034	0.118433	
0.441087	0.130805	
0.437588	0.198856	
0.437588	0.220639	
0.437588	0.198856	
0.257673	0.478757	
0.257673	0.478757	
0.257673	0.478757	
0.257673	0.478757	
0.240477	0.539298	
0.218265	0.675463	
0.205499	0.778083	
0.0915955	0.955215	
0.0915955	0.955215	
0.0627418	1.06806	
0.0329082	1.08391	
0	4.20285	
0.844381	-0.620151	
0.844381	-0.620151	
0.844381	-0.585167	
0.844381	-0.585167	
0.844381	-0.585167	
0.844381	-0.586724	
0.844381	-0.484681	
0.844381	-0.585167	
0.844381	-0.461123	
0.844381	-0.461123	
0.844381	-0.585167	
0.844381	-0.585167	
0.844381	-0.620151	
0.662898	-0.25025	
0.662898	-0.25025	
0.662898	-0.25025	
0.662898	-0.25025	
0.662898	-0.25025	
0.662898	-0.25025	
0.662898	-0.0157016	
0.441087	0.0608332	
0.441087	0.0608332	
0.441087	0.0608332	
0.441087	0.0608332	
0.441087	0.0608332	
0.441087	0.0897993	
0.437588	0.220639	
0.437588	0.198856	
0.257673	0.466579	
0.257673	0.466579	
0.257673	0.466579	
0.257673	0.466579	
0.240477	0.539298	
0.218265	0.675463	
0.205499	0.778083	
0.0915955	0.955215	
0.0915955	0.955215	
0.0915955	0.968292	
0.0329082	1.08391	
0	4.20285	
0.844381	-0.620151	
0.844381	-0.620151	
0.844381	-0.605066	
0.844381	-0.585167	
0.844381	-0.585167	
0.844381	-0.586724	
0.844381	-0.484681	
0.844381	-0.585167	
0.844381	-0.461123	
0.844381	-0.461123	
0.844381	-0.585167	
0.844381	-0.585167	
0.662898	-0.268071	
0.662898	-0.268071	
0.662898	-0.268071	
0.662898	-0.25025	
0.662898	-0.25025	
0.662898	-0.25025	
0.662898	-0.25025	
0.662898	-0.0157016	
0.441087	0.0325591	
0.441087	0.0325591	
0.441087	0.0325591	
0.441087	0.0325591	
0.441087	0.0608332	
0.441087	0.0897993	
0.437588	0.220639	
0.437588	0.198856	
0.257673	0.415933	
0.257673	0.415933	
0.257673	0.415933	
0.257673	0.415933	
0.240477	0.539298	
0.214147	0.653691	
0.205499	0.744724	
0.0915955	0.915662	
0.0915955	0.915662	
0.0915955	0.968292	
0.0329082	1.08391	
0	4.20285	
0.844381	-0.620151	
0.844381	-0.620151	
0.844381	-0.605066	
0.844381	-0.585167	
0.844381	-0.585167	
0.844381	-0.586724	
0.844381	-0.484681	
0.844381	-0.585167	
0.844381	-0.461123	
0.844381	-0.461123	
0.844381	-0.585167	
0.844381	-0.585167	
0.662898	-0.274229	
0.662898	-0.274229	
0.662898	-0.268071	
0.662898	-0.25025	
0.662898	-0.25025	
0.662898	-0.25025	
0.662898	-0.25025	
0.662898	-0.0157016	
0.443011	0.0211365	
0.443011	0.0211365	
0.443011	0.0211365	
0.443011	0.0211365	
0.441087	0.0608332	
0.437588	0.134228	
0.437588	0.220639	
0.437588	0.198856	
0.257673	0.373181	
0.257673	0.373181	
0.257673	0.373181	
0.257673	0.373181	
0.240477	0.539298	
0.214147	0.653691	
0.205499	0.744724	
0.0915955	0.915662	
0.0915955	0.915662	
0.0915955	0.968292	
0.0329082	1.07193	
0	4.20285	
0.844381	-0.626464	
0.844381	-0.620151	
0.844381	-0.605066	
0.844381	-0.585167	
0.844381	-0.585167	
0.844381	-0.586724	
0.844381	-0.484681	
0.844381	-0.585167	
0.844381	-0.461123	
0.844381	-0.461123	
0.844381	-0.585167	
0.844381	-0.585167	
0.662898	-0.299649	
0.662898	-0.299649	
0.662898	-0.268071	
0.662898	-0.25025	
0.662898	-0.25025	
0.662898	-0.25025	
0.662898	-0.25025	
0.662898	-0.0157016	
0.443011	0.0211365	
0.443011	0.0211365	
0.443011	0.0122214	
0.443011	0.0122214	
0.437588	0.0356272	
0.437588	0.134228	
0.437588	0.220639	
0.437588	0.198856	
0.257673	0.373181	
0.257673	0.373181	
0.257673	0.373181	
0.257673	0.373181	
0.252715	0.416582	
0.214147	0.653691	
0.205499	0.744724	
0.0806975	0.811051	
0.0806975	0.811051	
0.0806975	0.850432	
0.0356352	1.02295	
0	4.20285	
0.844381	-0.648503	
0.844381	-0.648503	
0.844381	-0.605066	
0.844381	-0.585167	
0.844381	-0.585167	
0.844381	-0.586724	
0.844381	-0.648503	
0.844381	-0.585167	
0.844381	-0.461123	
0.844381	-0.461123	
0.844381	-0.648503	
0.662898	-0.346276	
0.662898	-0.346276	
0.662898	-0.346276	
0.662898	-0.327444	
0.662898	-0.25025	
0.662898	-0.25025	
0.662898	-0.25025	
0.662898	-0.25025	
0.662898	-0.211349	
0.445994	-0.0237176	
0.445994	-0.0237176	
0.445994	-0.0237176	
0.445994	-0.0237176	
0.437588	0.0356272	
0.437588	0.134228	
0.437588	0.220639	
0.437588	0.198856	
0.257673	0.373181	
0.257673	0.373181	
0.257673	0.373181	
0.257673	0.373181	
0.252715	0.416582	
0.216514	0.537216	
0.205499	0.744724	
0.0806975	0.804953	
0.0806975	0.804953	
0.0806975	0.825066	
0.0356352	1.02295	
0	4.20285	
0.844381	-0.654699	
0.844381	-0.648503	
0.844381	-0.654699	
0.844381	-0.585167	
0.844381	-0.585167	
0.844381	-0.586724	
0.844381	-0.648503	
0.844381	-0.585167	
0.844381	-0.461123	
0.844381	-0.461123	
0.844381	-0.648503	
0.662898	-0.346276	
0.662898	-0.346276	
0.662898	-0.346276	
0.658275	-0.319143	
0.658275	-0.319143	
0.658275	-0.319143	
0.658275	-0.319143	
0.658275	-0.319143	
0.653652	-0.199256	
0.445994	-0.0256878	
0.445994	-0.0256878	
0.445994	-0.0256878	
0.443267	-0.0168349	
0.437588	0.0356272	
0.437588	0.134228	
0.437588	0.178942	
0.437588	0.198856	
0.257673	0.373181	
0.257673	0.373181	
0.257673	0.373181	
0.257673	0.373181	
0.252715	0.416582	
0.216514	0.518732	
0.205499	0.744724	
0.0806975	0.775476	
0.0806975	0.775476	
0.0806975	0.825066	
0.0356352	1.00527	
0	4.20285	
0.844381	-0.661829	
0.844381	-0.648503	
0.844381	-0.654699	
0.844381	-0.661829	
0.844381	-0.585167	
0.844381	-0.586724	
0.841838	-0.515697	
0.841838	-0.515697	
0.841838	-0.515697	
0.841838	-0.515697	
0.841838	-0.515697	
0.658275	-0.366741	
0.658275	-0.366741	
0.658275	-0.366741	
0.658275	-0.319143	
0.658275	-0.319143	
0.653652	-0.243235	
0.653652	-0.243235	
0.653652	-0.243235	
0.653652	-0.199256	
0.445994	-0.0256878	
0.445994	-0.0256878	
0.445994	-0.0256878	
0.445994	-0.0238912	
0.437588	0.0356272	
0.437588	0.00154043	
0.437588	0.178942	
0.437588	0.198856	
0.262297	0.359913	
0.262297	0.359913	
0.262297	0.359913	
0.262297	0.359913	
0.252715	0.416582	
0.216514	0.518732	
0.205499	0.744724	
0.0806975	0.775476	
0.0806975	0.775476	
0.0806975	0.825066	
0.0356352	1.00527	
0	4.20285	
0.844381	-0.661829	
0.844381	-0.648503	
0.844381	-0.654699	
0.844381	-0.661829	
0.839295	-0.580401	
0.839295	-0.580401	
0.839295	-0.580401	
0.839295	-0.580401	
0.839295	-0.580401	
0.839295	-0.580401	
0.653652	-0.384073	
0.653652	-0.384073	
0.653652	-0.384073	
0.653652	-0.384073	
0.653652	-0.384073	
0.653652	-0.384073	
0.653652	-0.243235	
0.653652	-0.243235	
0.653652	-0.243235	
0.653652	-0.199256	
0.445994	-0.0260209	
0.445994	-0.0260209	
0.445994	-0.0260209	
0.445994	-0.0238912	
0.437588	0.0356272	
0.437588	0.00154043	
0.437588	0.178942	
0.437588	0.198856	
0.262297	0.359913	
0.262297	0.359913	
0.262297	0.359913	
0.262297	0.359913	
0.252715	0.416582	
0.216514	0.518732	
0.205499	0.744724	
0.0806975	0.765158	
0.0806975	0.765158	
0.0806975	0.825066	
0.0356352	1.00527	
0	4.20285	
0.844381	-0.661829	
0.844381	-0.648503	
0.844381	-0.654699	
0.839295	-0.609712	
0.839295	-0.580401	
0.839295	-0.580401	
0.839295	-0.580401	
0.839295	-0.580401	
0.839295	-0.580401	
0.839295	-0.580401	
0.653652	-0.384073	
0.653652	-0.384073	
0.653652	-0.384073	
0.653652	-0.384073	
0.653652	-0.384073	
0.653652	-0.384073	
0.653652	-0.243235	
0.653652	-0.243235	
0.653652	-0.243235	
0.653652	-0.199256	
0.445994	-0.0260209	
0.445994	-0.0260209	
0.445994	-0.0260209	
0.445994	-0.0238912	
0.437588	0.0356272	
0.432964	0.0753063	
0.432964	0.0753063	
0.432964	0.0753063	
0.262297	0.359913	
0.262297	0.359913	
0.262297	0.359913	
0.262297	0.359913	
0.252715	0.416582	
0.216514	0.518732	
0.205499	0.744724	
0.0806975	0.765158	
0.0806975	0.765158	
0.0806975	0.825066	
0.0356352	1.00527	
0	4.20285	
0.844381	-0.661829	
0.844381	-0.648503	
0.844381	-0.654699	
0.839295	-0.609712	
0.839295	-0.580401	
0.839295	-0.580401	
0.839295	-0.580401	
0.839295	-0.580401	
0.839295	-0.580401	
0.839295	-0.580401	
0.653652	-0.384073	
0.653652	-0.384073	
0.650855	-0.372045	
0.650855	-0.372045	
0.650855	-0.372045	
0.650855	-0.372045	
0.650855	-0.28327	
0.650855	-0.28327	
0.650855	-0.28327	
0.650855	-0.28327	
0.45316	-0.0354183	
0.45316	-0.0354183	
0.45316	-0.0354183	
0.445994	-0.0238912	
0.437588	0.0356272	
0.431426	0.108233	
0.432964	0.0753063	
0.432964	0.0753063	
0.262297	0.339688	
0.262297	0.339688	
0.262297	0.339688	
0.262297	0.351416	
0.252715	0.416582	
0.216514	0.518732	
0.205499	0.744724	
0.0806975	0.765158	
0.0806975	0.765158	
0.0806975	0.825066	
0.0356352	1.00527	
0	4.20285	
0.844381	-0.661829	
0.844381	-0.648503	
0.841584	-0.63472	
0.839295	-0.609712	
0.839295	-0.580401	
0.839295	-0.580401	
0.839295	-0.580401	
0.839295	-0.580401	
0.839295	-0.580401	
0.839295	-0.580401	
0.653652	-0.384073	
0.653652	-0.384073	
0.650855	-0.372045	
0.650855	-0.372045	
0.650855	-0.372045	
0.650855	-0.372045	
0.650855	-0.28327	
0.650855	-0.28327	
0.650855	-0.28327	
0.650855	-0.28327	
0.45316	-0.0354183	
0.45316	-0.0354183	
0.45316	-0.0354183	
0.445994	-0.0238912	
0.437588	0.0356272	
0.431426	0.108233	
0.431426	0.163262	
0.419472	0.2271	
0.262297	0.339688	
0.262297	0.339688	
0.262297	0.339688	
0.262297	0.351416	
0.223881	0.457684	
0.216514	0.518732	
0.202288	0.614098	
0.0806975	0.765158	
0.0806975	0.765158	
0.0559133	0.787328	
0.0356352	1.00527	
0	4.20285	
0.844381	-0.661829	
0.844381	-0.648503	
0.839295	-0.627426	
0.839295	-0.609712	
0.839295	-0.580401	
0.839295	-0.580401	
0.839295	-0.580401	
0.839295	-0.580401	
0.839295	-0.580401	
0.839295	-0.580401	
0.653652	-0.384073	
0.653652	-0.384073	
0.650855	-0.376563	
0.650855	-0.372045	
0.650855	-0.372045	
0.650855	-0.372045	
0.650855	-0.28327	
0.650855	-0.28327	
0.650855	-0.28327	
0.650855	-0.28327	
0.445994	-0.0356836	
0.445994	-0.0356836	
0.445994	-0.0356836	
0.445994	-0.0238912	
0.437588	0.0356272	
0.431426	0.108233	
0.431426	0.163262	
0.419472	0.2271	
0.262297	0.296076	
0.262297	0.296076	
0.262297	0.296076	
0.254285	0.33352	
0.223881	0.457684	
0.216514	0.518732	
0.202288	0.614098	
0.0806975	0.74313	
0.0806975	0.74313	
0.0559133	0.787328	
0.0189133	0.968496	
0	4.20285	
0.844381	-0.661829	
0.844381	-0.648503	
0.839295	-0.627426	
0.839295	-0.609712	
0.839295	-0.580401	
0.839295	-0.580401	
0.839295	-0.580401	
0.839295	-0.580401	
0.839295	-0.580401	
0.839295	-0.580401	
0.653652	-0.393409	
0.653652	-0.393409	
0.650855	-0.376563	
0.650855	-0.372045	
0.650855	-0.372045	
0.650855	-0.372045	
0.650855	-0.28327	
0.650855	-0.28327	
0.650855	-0.28327	
0.650855	-0.28327	
0.445994	-0.0430636	
0.458587	-0.0505926	
0.458587	-0.0505926	
0.445994	-0.0238912	
0.437588	0.0356272	
0.431426	0.108233	
0.423879	0.158758	
0.419472	0.2271	
0.262297	0.296076	
0.262297	0.296076	
0.262297	0.296076	
0.254285	0.33352	
0.223881	0.451605	
0.216514	0.518732	
0.202288	0.614098	
0.0806975	0.73851	
0.0806975	0.73851	
0.0559133	0.787328	
0.0189133	0.968496	
0	4.20285	
0.844381	-0.661829	
0.844381	-0.648503	
0.839295	-0.627426	
0.839295	-0.609712	
0.839295	-0.580401	
0.837757	-0.555182	
0.837757	-0.555182	
0.837757	-0.555182	
0.837757	-0.555182	
0.837757	-0.555182	
0.653652	-0.393409	
0.653652	-0.393409	
0.650855	-0.376563	
0.650855	-0.372045	
0.650855	-0.372045	
0.650855	-0.372045	
0.650855	-0.28327	
0.650855	-0.28327	
0.650855	-0.28327	
0.650855	-0.28327	
0.445994	-0.0430636	
0.458587	-0.0505926	
0.458587	-0.0505926	
0.445994	-0.0238912	
0.437588	0.0356272	
0.431426	0.108233	
0.423879	0.158758	
0.419472	0.2271	
0.262297	0.296076	
0.262297	0.296076	
0.262297	0.296076	
0.254285	0.327486	
0.223881	0.451605	
0.216514	0.518732	
0.202288	0.614098	
0.0806975	0.714562	
0.0806975	0.714562	
0.0559133	0.787328	
0.0189133	0.968496	
0	4.20285	
0.844381	-0.661829	
0.844381	-0.648503	
0.839295	-0.627426	
0.837757	-0.613886	
0.835652	-0.577597	
0.835652	-0.559441	
0.835652	-0.559441	
0.835652	-0.559441	
0.835652	-0.559441	
0.835652	-0.559441	
0.653652	-0.393409	
0.653652	-0.393409	
0.649316	-0.379338	
0.649316	-0.345775	
0.649316	-0.345775	
0.649316	-0.345775	
0.649316	-0.345775	
0.649316	-0.345775	
0.649316	-0.345775	
0.458587	-0.0449985	
0.458587	-0.0449985	
0.458587	-0.0505926	
0.458587	-0.0505926	
0.445994	-0.0238912	
0.437588	0.0356272	
0.431426	0.108233	
0.423879	0.158758	
0.419472	0.2271	
0.262297	0.296076	
0.262297	0.296076	
0.262297	0.296076	
0.254285	0.327486	
0.223881	0.451605	
0.214558	0.522237	
0.202288	0.614098	
0.0806975	0.714562	
0.0806975	0.714562	
0.0559133	0.787328	
0.0189133	0.968496	
0	4.20285	
0.844381	-0.661829	
0.844381	-0.648503	
0.839295	-0.627426	
0.835652	-0.602597	
0.835652	-0.577597	
0.835652	-0.559441	
0.835652	-0.559441	
0.835652	-0.559441	
0.835652	-0.559441	
0.835652	-0.559441	
0.653652	-0.393409	
0.653652	-0.393409	
0.649316	-0.379338	
0.646932	-0.338535	
0.646932	-0.338535	
0.646932	-0.338535	
0.646932	-0.338535	
0.646932	-0.338535	
0.646932	-0.338535	
0.458587	-0.0629663	
0.458587	-0.0629663	
0.458587	-0.0629663	
0.458587	-0.0629663	
0.445994	-0.0238912	
0.437588	0.0356272	
0.431426	0.108233	
0.423879	0.158758	
0.419472	0.2271	
0.262297	0.296076	
0.262297	0.296076	
0.262297	0.296076	
0.254285	0.327486	
0.223881	0.451605	
0.214558	0.497533	
0.202288	0.614098	
0.0806975	0.714562	
0.0806975	0.714562	
0.0559133	0.787328	
0.0189133	0.968496	
0	4.20285	
0.844381	-0.673488	
0.844381	-0.673488	
0.844381	-0.673488	
0.844381	-0.673488	
0.835652	-0.577597	
0.835652	-0.559441	
0.835652	-0.559441	
0.835652	-0.559441	
0.835652	-0.559441	
0.835652	-0.559441	
0.653652	-0.393409	
0.653652	-0.393409	
0.649316	-0.379338	
0.64562	-0.343728	
0.64562	-0.33048	
0.638694	-0.277112	
0.638694	-0.277112	
0.638694	-0.277112	
0.638694	-0.277112	
0.638694	-0.277112	
0.458587	-0.0629663	
0.458587	-0.0629663	
0.458587	-0.0629663	
0.439497	-0.0252409	
0.439497	-0.0252409	
0.430907	0.0756501	
0.423879	0.158758	
0.419472	0.2271	
0.268265	0.292637	
0.268265	0.292637	
0.268265	0.292637	
0.254285	0.327486	
0.223881	0.451605	
0.214558	0.497533	
0.202288	0.614098	
0.0806975	0.714562	
0.0806975	0.714562	
0.0559133	0.787328	
0.0189133	0.968496	
0	4.20285	
0.844381	-0.673488	
0.844381	-0.673488	
0.844381	-0.673488	
0.844381	-0.673488	
0.835652	-0.577597	
0.835652	-0.559441	
0.835652	-0.559441	
0.835652	-0.559441	
0.835652	-0.559441	
0.835652	-0.559441	
0.653652	-0.393409	
0.653652	-0.407727	
0.653652	-0.407727	
0.64562	-0.360082	
0.64562	-0.33048	
0.638694	-0.277112	
0.632852	-0.254079	
0.632852	-0.219896	
0.632852	-0.219896	
0.632852	-0.219896	
0.44652	-0.0707148	
0.44652	-0.0707148	
0.44652	-0.0707148	
0.44652	-0.0610632	
0.439497	-0.0252409	
0.430907	0.0756501	
0.423879	0.158758	
0.419472	0.2271	
0.268265	0.292637	
0.268265	0.292637	
0.268265	0.292637	
0.254285	0.327486	
0.240653	0.360669	
0.214558	0.497533	
0.18741	0.685988	
0.0806975	0.714027	
0.0806975	0.714027	
0.0559133	0.787328	
0.0189133	0.968496	
0	4.20285	
0.844381	-0.673488	
0.844381	-0.673488	
0.83958	-0.629437	
0.83958	-0.629437	
0.835652	-0.578434	
0.835652	-0.559441	
0.835652	-0.559441	
0.835652	-0.559441	
0.835652	-0.559441	
0.835652	-0.559441	
0.653652	-0.407727	
0.653652	-0.407727	
0.648709	-0.392802	
0.64562	-0.360082	
0.637269	-0.333187	
0.637269	-0.333187	
0.632852	-0.254079	
0.630247	-0.215389	
0.630247	-0.215389	
0.630247	-0.215389	
0.44652	-0.0707148	
0.44652	-0.0707148	
0.44652	-0.0707148	
0.44652	-0.0610632	
0.439497	-0.0252409	
0.430907	0.0756501	
0.423879	0.158758	
0.419472	0.2271	
0.268265	0.292637	
0.268265	0.292637	
0.268265	0.292637	
0.254285	0.327486	
0.240653	0.360669	
0.214558	0.497533	
0.18741	0.685988	
0.0806975	0.714027	
0.0806975	0.714027	
0.0559133	0.787328	
0.0189133	0.930966	
0	4.20285	
0.844381	-0.673488	
0.844381	-0.673488	
0.83958	-0.629437	
0.83958	-0.629437	
0.835652	-0.578434	
0.835652	-0.559441	
0.835652	-0.559441	
0.835652	-0.559441	
0.835652	-0.559441	
0.835652	-0.559441	
0.653652	-0.407727	
0.653652	-0.407727	
0.648709	-0.392802	
0.64562	-0.360082	
0.637269	-0.333187	
0.637269	-0.333187	
0.630247	-0.235657	
0.630247	-0.215389	
0.630247	-0.215389	
0.630247	-0.215389	
0.44652	-0.0707148	
0.44652	-0.0707148	
0.44652	-0.0707148	
0.44652	-0.0610632	
0.439497	-0.0252409	
0.430907	0.0756501	
0.423879	0.158758	
0.418455	0.238308	
0.268265	0.287943	
0.268265	0.287943	
0.268265	0.287943	
0.254285	0.327486	
0.240653	0.360669	
0.214558	0.497533	
0.18741	0.685988	
0.0806975	0.714027	
0.0806975	0.714027	
0.0559133	0.779469	
0.0189133	0.930966	
0	4.20285	
0.844381	-0.673488	
0.844381	-0.673488	
0.83958	-0.629437	
0.83958	-0.629437	
0.835652	-0.578434	
0.835652	-0.559441	
0.835652	-0.559441	
0.833491	-0.517947	
0.833491	-0.517947	
0.833491	-0.517947	
0.653652	-0.407727	
0.653652	-0.407727	
0.64562	-0.387436	
0.64562	-0.360082	
0.637269	-0.333187	
0.630247	-0.279266	
0.630247	-0.235657	
0.630247	-0.215389	
0.630247	-0.215389	
0.44652	-0.0798377	
0.44652	-0.0798377	
0.44652	-0.0798377	
0.44652	-0.0798377	
0.44652	-0.0610632	
0.437933	-0.0078246	
0.430907	0.0756501	
0.423879	0.158758	
0.418455	0.238308	
0.268265	0.287943	
0.268265	0.287943	
0.268265	0.287943	
0.254285	0.327486	
0.240653	0.360669	
0.214558	0.497533	
0.18741	0.685988	
0.0806975	0.714027	
0.0806975	0.714027	
0.0559133	0.76555	
0.0189133	0.930966	
0	4.20285	
0.844381	-0.673488	
0.844381	-0.673488	
0.83958	-0.629437	
0.83958	-0.629437	
0.835652	-0.578434	
0.835652	-0.559441	
0.835652	-0.559441	
0.833491	-0.517947	
0.832303	-0.491137	
0.832303	-0.491137	
0.653652	-0.407727	
0.653652	-0.407727	
0.64562	-0.387436	
0.64562	-0.360082	
0.636236	-0.34442	
0.630247	-0.279266	
0.630247	-0.235657	
0.630247	-0.215389	
0.621792	-0.148996	
0.620669	-0.111301	
0.44652	-0.0798377	
0.44652	-0.0798377	
0.44652	-0.0798377	
0.44652	-0.0610632	
0.437933	-0.0078246	
0.430907	0.0756501	
0.423879	0.158758	
0.410958	0.25307	
0.268265	0.287943	
0.268265	0.287943	
0.268265	0.287943	
0.254285	0.327486	
0.240653	0.360669	
0.214558	0.497533	
0.193924	0.628968	
0.0806975	0.714027	
0.0806975	0.714027	
0.0559133	0.76555	
0.0189133	0.89635	
0	4.20285	
0.849158	-0.682095	
0.844381	-0.673488	
0.849158	-0.682095	
0.83958	-0.629437	
0.849158	-0.682095	
0.835652	-0.559441	
0.835652	-0.559441	
0.833491	-0.517947	
0.831508	-0.487493	
0.831508	-0.487493	
0.653652	-0.407727	
0.653652	-0.407727	
0.64562	-0.387436	
0.64562	-0.360082	
0.636236	-0.34442	
0.630247	-0.279266	
0.630247	-0.235657	
0.630247	-0.215389	
0.621792	-0.148996	
0.620669	-0.111301	
0.44652	-0.0798377	
0.44652	-0.0798377	
0.44652	-0.0798377	
0.44652	-0.0610632	
0.435547	-0.0266063	
0.430907	0.0756501	
0.423879	0.158758	
0.410958	0.25307	
0.262341	0.278858	
0.262341	0.278858	
0.262341	0.278858	
0.251352	0.290652	
0.240653	0.360669	
0.214558	0.497533	
0.193924	0.628968	
0.0806975	0.714027	
0.0806975	0.714027	
0.0559133	0.76555	
0.0189133	0.89635	
0	4.20285	
0.844381	-0.693391	
0.844381	-0.673488	
0.844381	-0.693391	
0.83958	-0.629437	
0.844381	-0.627038	
0.844381	-0.693391	
0.835652	-0.559441	
0.8325	-0.52062	
0.831508	-0.487493	
0.831508	-0.487493	
0.655385	-0.409449	
0.655385	-0.409449	
0.655385	-0.409449	
0.655199	-0.366694	
0.636236	-0.34442	
0.655199	-0.366694	
0.636105	-0.283207	
0.630247	-0.215389	
0.621792	-0.148996	
0.620669	-0.111301	
0.44652	-0.0798377	
0.44652	-0.0798377	
0.44652	-0.0798377	
0.44652	-0.0610632	
0.435547	-0.0266063	
0.430907	0.0756501	
0.423879	0.158758	
0.410958	0.25307	
0.264893	0.273816	
0.264893	0.273816	
0.264893	0.273816	
0.251352	0.290652	
0.240653	0.360669	
0.214558	0.497533	
0.193924	0.628968	
0.0806975	0.714027	
0.0806975	0.714027	
0.0559133	0.76555	
0.0189133	0.89635	
0	4.20285	
0.844381	-0.693391	
0.844381	-0.673488	
0.844381	-0.693391	
0.83958	-0.629437	
0.844381	-0.627038	
0.831508	-0.585942	
0.831508	-0.585942	
0.831508	-0.585942	
0.831508	-0.487493	
0.831508	-0.487493	
0.655385	-0.411107	
0.655385	-0.411107	
0.655385	-0.409449	
0.655199	-0.366694	
0.636236	-0.34442	
0.636002	-0.302632	
0.636002	-0.302632	
0.629967	-0.242571	
0.629967	-0.242571	
0.620669	-0.111301	
0.44652	-0.0798377	
0.44652	-0.0798377	
0.44652	-0.0798377	
0.44652	-0.0610632	
0.435547	-0.0266063	
0.430907	0.0756501	
0.423879	0.158758	
0.410958	0.25307	
0.264893	0.273816	
0.264893	0.273816	
0.264893	0.273816	
0.251352	0.290652	
0.240653	0.360669	
0.214558	0.497533	
0.193924	0.628729	
0.0806975	0.714027	
0.0806975	0.714027	
0.0559133	0.76555	
0.0189133	0.89635	
0	4.20285	
0.844381	-0.732037	
0.844381	-0.732037	
0.844278	-0.695276	
0.844278	-0.695276	
0.844278	-0.695276	
0.844278	-0.695276	
0.831508	-0.585942	
0.831508	-0.585942	
0.844278	-0.695276	
0.831508	-0.487493	
0.831508	-0.478224	
0.655385	-0.411107	
0.655385	-0.409449	
0.655385	-0.403798	
0.655385	-0.403798	
0.655385	-0.403798	
0.636002	-0.302632	
0.629967	-0.248017	
0.629967	-0.242571	
0.629967	-0.248017	
0.44652	-0.0798377	
0.44652	-0.0798377	
0.44652	-0.0798377	
0.44652	-0.0610632	
0.435547	-0.0341102	
0.435547	-0.0341102	
0.435547	-0.0341102	
0.435547	-0.0341102	
0.264893	0.261027	
0.264893	0.261027	
0.264893	0.261027	
0.251352	0.290652	
0.240653	0.360669	
0.214558	0.497533	
0.193924	0.628729	
0.0806975	0.714027	
0.0806975	0.714027	
0.0806975	0.752093	
0.0189133	0.89635	
0	4.20285	
0.844278	-0.732344	
0.844278	-0.732344	
0.844278	-0.695276	
0.844278	-0.695276	
0.844278	-0.695276	
0.844278	-0.695276	
0.831508	-0.585942	
0.831452	-0.555612	
0.831452	-0.555612	
0.831452	-0.510081	
0.831452	-0.510081	
0.655385	-0.411107	
0.655385	-0.409449	
0.655385	-0.40578	
0.641405	-0.377575	
0.641405	-0.377575	
0.636002	-0.302632	
0.629967	-0.248017	
0.629967	-0.242571	
0.629967	-0.248017	
0.44652	-0.0936003	
0.44652	-0.0936003	
0.44652	-0.0936003	
0.44652	-0.0936003	
0.435547	-0.0341102	
0.435547	-0.0341102	
0.435547	-0.0341102	
0.435547	-0.0341102	
0.264893	0.261027	
0.264893	0.261027	
0.264893	0.261027	
0.251352	0.267155	
0.240653	0.360669	
0.214558	0.486354	
0.193924	0.628729	
0.0806975	0.714027	
0.0806975	0.714027	
0.0806975	0.752093	
0.0189133	0.89635	
0	4.20285	
0.844278	-0.732344	
0.844278	-0.732344	
0.844278	-0.695276	
0.844278	-0.695276	
0.844278	-0.695276	
0.844278	-0.695276	
0.831508	-0.585942	
0.831452	-0.555612	
0.831452	-0.555612	
0.831452	-0.510081	
0.831452	-0.510081	
0.655385	-0.411107	
0.655385	-0.409449	
0.641405	-0.408573	
0.641405	-0.377575	
0.641405	-0.377575	
0.636002	-0.302632	
0.629967	-0.248017	
0.629967	-0.242571	
0.629967	-0.248017	
0.44652	-0.0936003	
0.44652	-0.0936003	
0.44652	-0.0936003	
0.44652	-0.0936003	
0.435547	-0.0345371	
0.435547	-0.0341102	
0.435547	-0.0341102	
0.435547	-0.0341102	
0.258858	0.253986	
0.258858	0.253986	
0.258858	0.253986	
0.251352	0.267155	
0.24038	0.323229	
0.214558	0.486354	
0.193924	0.628729	
0.0806975	0.679686	
0.0806975	0.679686	
0.0806975	0.752093	
0.0189133	0.89635	
0	4.20285	
0.844278	-0.732344	
0.844278	-0.732344	
0.844278	-0.695276	
0.844278	-0.695276	
0.844278	-0.695276	
0.844278	-0.695276	
0.831508	-0.585942	
0.831452	-0.555612	
0.831421	-0.54252	
0.828449	-0.497581	
0.828449	-0.497581	
0.655385	-0.443786	
0.655385	-0.443786	
0.641405	-0.408573	
0.641405	-0.377575	
0.641405	-0.377575	
0.636002	-0.302632	
0.629967	-0.248017	
0.629967	-0.242571	
0.623932	-0.16914	
0.44652	-0.0936003	
0.44652	-0.0936003	
0.44652	-0.0936003	
0.44652	-0.0936003	
0.435547	-0.0345371	
0.435547	-0.0341102	
0.435547	-0.0341102	
0.435547	-0.0341102	
0.258858	0.253986	
0.258858	0.253986	
0.258858	0.253986	
0.25473	0.259592	
0.24038	0.323229	
0.214558	0.486354	
0.193924	0.628729	
0.0806975	0.679686	
0.0806975	0.679686	
0.0806975	0.752093	
0.0189133	0.860833	
0	4.20285	
0.844278	-0.732344	
0.844278	-0.732344	
0.844278	-0.695276	
0.83858	-0.665747	
0.83858	-0.665747	
0.83858	-0.665747	
0.831508	-0.585942	
0.831452	-0.555612	
0.831421	-0.54252	
0.828449	-0.497581	
0.82513	-0.449313	
0.655385	-0.443786	
0.655385	-0.443786	
0.641405	-0.408573	
0.641405	-0.377575	
0.636002	-0.338538	
0.636002	-0.302632	
0.629967	-0.248017	
0.629967	-0.242571	
0.623932	-0.16914	
0.44652	-0.104127	
0.44652	-0.104127	
0.44652	-0.104127	
0.44652	-0.0936003	
0.435547	-0.0345371	
0.435547	-0.0341102	
0.435547	-0.0341102	
0.435547	-0.0341102	
0.258858	0.253986	
0.258858	0.253986	
0.258858	0.253986	
0.25473	0.259592	
0.24038	0.323229	
0.214558	0.450421	
0.193924	0.60614	
0.0806975	0.679686	
0.0806975	0.679686	
0.0806975	0.752093	
0.0189133	0.860833	
0	4.20285	
0.845651	-0.736669	
0.844278	-0.732344	
0.844278	-0.695276	
0.845651	-0.736669	
0.83858	-0.665747	
0.83858	-0.665747	
0.831508	-0.585942	
0.829874	-0.570244	
0.829874	-0.570244	
0.828449	-0.497581	
0.829874	-0.570244	
0.655385	-0.443786	
0.655385	-0.443786	
0.655385	-0.443227	
0.641405	-0.377575	
0.636002	-0.338538	
0.636002	-0.302632	
0.629967	-0.248017	
0.629967	-0.242571	
0.623932	-0.16914	
0.44652	-0.105299	
0.44652	-0.105299	
0.44652	-0.105299	
0.44652	-0.105299	
0.435547	-0.0345935	
0.435547	-0.0341102	
0.435547	-0.0341102	
0.435547	-0.0341102	
0.258858	0.251583	
0.258858	0.251583	
0.258858	0.251583	
0.25473	0.259592	
0.24038	0.323229	
0.214558	0.447257	
0.193924	0.60614	
0.0848594	0.67415	
0.0848594	0.67415	
0.0806975	0.752093	
0.0189133	0.860833	
0	4.20285	
0.845651	-0.744812	
0.844278	-0.732344	
0.845651	-0.744812	
0.845651	-0.736669	
0.83858	-0.665747	
0.834662	-0.629443	
0.834662	-0.629443	
0.829874	-0.570244	
0.829874	-0.570244	
0.828449	-0.497581	
0.829874	-0.570244	
0.655385	-0.443786	
0.655385	-0.443786	
0.655385	-0.443227	
0.655385	-0.38328	
0.636002	-0.338538	
0.636002	-0.302632	
0.629967	-0.248017	
0.623932	-0.205906	
0.623932	-0.16914	
0.44652	-0.106009	
0.44652	-0.106009	
0.44652	-0.106009	
0.44652	-0.105299	
0.435547	-0.0409408	
0.435547	-0.0341102	
0.435547	-0.0341102	
0.435547	-0.0341102	
0.258464	0.245634	
0.258464	0.245634	
0.258464	0.245634	
0.258464	0.245634	
0.24038	0.323229	
0.214558	0.447257	
0.193924	0.60614	
0.0848594	0.67415	
0.0848594	0.67415	
0.0806975	0.752093	
0.0189133	0.860833	
0	4.20285	
0.845651	-0.744812	
0.844278	-0.732344	
0.845651	-0.744812	
0.845651	-0.736669	
0.835077	-0.650278	
0.834662	-0.629443	
0.834662	-0.629443	
0.829874	-0.570244	
0.829874	-0.570244	
0.828449	-0.497581	
0.828449	-0.519326	
0.655385	-0.443786	
0.655385	-0.443786	
0.645924	-0.425622	
0.638973	-0.393413	
0.638973	-0.393413	
0.636002	-0.302632	
0.629967	-0.295601	
0.623932	-0.205906	
0.623932	-0.16914	
0.44652	-0.109182	
0.44652	-0.109182	
0.44652	-0.109182	
0.44652	-0.105299	
0.435547	-0.0474461	
0.435547	-0.0341102	
0.435547	-0.0341102	
0.435547	-0.0341102	
0.258464	0.245634	
0.258464	0.245634	
0.258464	0.245634	
0.258464	0.245634	
0.24038	0.323229	
0.214558	0.447257	
0.193924	0.60614	
0.0848594	0.67415	
0.0848594	0.67415	
0.0706576	0.68204	
0.0189133	0.860833	
0	4.20285	
0.846407	-0.749836	
0.844278	-0.732344	
0.845651	-0.744812	
0.838551	-0.687917	
0.846407	-0.749836	
0.834662	-0.629443	
0.834662	-0.629443	
0.829874	-0.570244	
0.828449	-0.541478	
0.828449	-0.541478	
0.825635	-0.483757	
0.650181	-0.446099	
0.650181	-0.446099	
0.645924	-0.425622	
0.638973	-0.393413	
0.638973	-0.393413	
0.636555	-0.340694	
0.629967	-0.295601	
0.629967	-0.286651	
0.623932	-0.16914	
0.44652	-0.109549	
0.44652	-0.109549	
0.44652	-0.109549	
0.44652	-0.109549	
0.435547	-0.0474461	
0.429513	0.00561886	
0.429513	0.00561886	
0.429513	0.00561886	
0.258464	0.245389	
0.258464	0.245389	
0.258464	0.245389	
0.258464	0.245634	
0.24038	0.323229	
0.214558	0.447257	
0.193924	0.60614	
0.0848594	0.67415	
0.0848594	0.67415	
0.0706576	0.68204	
0.0189133	0.860833	
0	4.20285	
0.846407	-0.749836	
0.844278	-0.732344	
0.844278	-0.733256	
0.838551	-0.687917	
0.838551	-0.687917	
0.834662	-0.629443	
0.834662	-0.629443	
0.829874	-0.570244	
0.828449	-0.541478	
0.828449	-0.541478	
0.825635	-0.483757	
0.650181	-0.446667	
0.650181	-0.446667	
0.645924	-0.428789	
0.638973	-0.393413	
0.638973	-0.393413	
0.636555	-0.340694	
0.629967	-0.295601	
0.629967	-0.286651	
0.623932	-0.16914	
0.455874	-0.117815	
0.452555	-0.11797	
0.452555	-0.11797	
0.44652	-0.109549	
0.435547	-0.0474461	
0.429513	0.00561886	
0.429513	0.00561886	
0.429513	0.00561886	
0.258464	0.244716	
0.258464	0.244716	
0.258464	0.244716	
0.258464	0.245634	
0.230195	0.338045	
0.214558	0.447257	
0.193924	0.601873	
0.0848594	0.67415	
0.0848594	0.67415	
0.0706576	0.68204	
0.0189133	0.860833	
0	4.20285	
0.851963	-0.762616	
0.851963	-0.762616	
0.844278	-0.733256	
0.851963	-0.762616	
0.838551	-0.687917	
0.851963	-0.762616	
0.834662	-0.629443	
0.834662	-0.634447	
0.834662	-0.634447	
0.828449	-0.541478	
0.825635	-0.483757	
0.650181	-0.446667	
0.650181	-0.446667	
0.650181	-0.440496	
0.650181	-0.440496	
0.638973	-0.393413	
0.636555	-0.340694	
0.629967	-0.295601	
0.629967	-0.286651	
0.623932	-0.208141	
0.455874	-0.117815	
0.452555	-0.11797	
0.452555	-0.11797	
0.44652	-0.109549	
0.435547	-0.0474461	
0.429513	0.00561886	
0.429513	0.00561886	
0.415248	0.168614	
0.258464	0.244716	
0.258464	0.244716	
0.258464	0.244716	
0.258464	0.245634	
0.230195	0.337263	
0.214558	0.445968	
0.193924	0.601052	
0.0848594	0.674095	
0.0848594	0.674095	
0.0706576	0.68204	
0.0189133	0.860833	
0	4.20285	
0.851963	-0.762616	
0.851963	-0.762616	
0.841765	-0.720994	
0.841765	-0.720994	
0.837483	-0.678609	
0.837483	-0.678609	
0.834662	-0.629443	
0.834662	-0.634447	
0.834662	-0.634447	
0.826897	-0.518252	
0.825635	-0.483757	
0.650181	-0.446667	
0.650181	-0.446667	
0.650181	-0.440496	
0.650181	-0.440496	
0.638973	-0.393413	
0.636555	-0.340694	
0.629967	-0.295601	
0.629967	-0.286651	
0.623932	-0.208141	
0.452555	-0.120435	
0.452555	-0.120435	
0.452555	-0.120435	
0.452555	-0.120435	
0.435547	-0.0474461	
0.429513	0.00561886	
0.429513	0.00561886	
0.415248	0.168614	
0.258464	0.244716	
0.258464	0.244716	
0.258464	0.244716	
0.258464	0.244902	
0.230195	0.337263	
0.214558	0.445968	
0.193924	0.601052	
0.0848594	0.674095	
0.0848594	0.674095	
0.0706576	0.681892	
0.0189133	0.860833	
0	4.20285	
0.851963	-0.762616	
0.851963	-0.762616	
0.841765	-0.720994	
0.841765	-0.720994	
0.837483	-0.678609	
0.837483	-0.678609	
0.83313	-0.622708	
0.83313	-0.622708	
0.83313	-0.622708	
0.826897	-0.518252	
0.825635	-0.483757	
0.650181	-0.446667	
0.650181	-0.446667	
0.650181	-0.440496	
0.650181	-0.440496	
0.636555	-0.372482	
0.636555	-0.340694	
0.629967	-0.295601	
0.629967	-0.286651	
0.623932	-0.208141	
0.452555	-0.120435	
0.452555	-0.120435	
0.452555	-0.120435	
0.452555	-0.120435	
0.439882	-0.0763055	
0.429513	0.00561886	
0.429513	0.00561886	
0.415248	0.168614	
0.258464	0.244716	
0.258464	0.244716	
0.258464	0.244716	
0.258464	0.244902	
0.230195	0.337263	
0.214558	0.445968	
0.193924	0.601052	
0.0848594	0.674095	
0.0848594	0.674095	
0.0706576	0.681892	
0.0189133	0.860833	
0	4.20285	
0.851963	-0.762616	
0.851963	-0.762616	
0.841765	-0.720994	
0.841765	-0.720994	
0.837483	-0.678609	
0.837483	-0.678609	
0.83313	-0.622708	
0.83313	-0.622708	
0.83313	-0.622708	
0.826897	-0.518252	
0.825635	-0.483757	
0.650181	-0.446667	
0.650181	-0.446667	
0.650181	-0.440496	
0.643665	-0.421995	
0.636555	-0.372482	
0.636555	-0.340694	
0.629967	-0.295601	
0.629967	-0.286651	
0.623932	-0.208141	
0.452555	-0.120435	
0.452555	-0.120435	
0.452555	-0.120435	
0.452555	-0.120435	
0.437358	-0.0607649	
0.429513	0.00558905	
0.429513	0.00561886	
0.415248	0.168614	
0.258464	0.244716	
0.258464	0.244716	
0.258464	0.244716	
0.258464	0.244902	
0.230195	0.337263	
0.214558	0.445968	
0.193924	0.601052	
0.0848594	0.672639	
0.0848594	0.672639	
0.0706576	0.681892	
0.0328242	0.794827	
0	4.20285	
0.851963	-0.764538	
0.851963	-0.762616	
0.851963	-0.764538	
0.841605	-0.718453	
0.837483	-0.678609	
0.837483	-0.678609	
0.83313	-0.622708	
0.83313	-0.622708	
0.829988	-0.55609	
0.826897	-0.518252	
0.825635	-0.483757	
0.654092	-0.45096	
0.654092	-0.45096	
0.650181	-0.440496	
0.643665	-0.421995	
0.636555	-0.372482	
0.636555	-0.340694	
0.629967	-0.295601	
0.629967	-0.286651	
0.623932	-0.208141	
0.452555	-0.120435	
0.452555	-0.120435	
0.452555	-0.120435	
0.452555	-0.120435	
0.437358	-0.0623976	
0.429513	0.00558905	
0.429513	0.00561886	
0.415248	0.168614	
0.258464	0.244716	
0.258464	0.244716	
0.258464	0.244716	
0.258464	0.244902	
0.235999	0.307917	
0.214558	0.445968	
0.193924	0.599865	
0.0848594	0.672015	
0.0848594	0.672015	
0.0706576	0.681892	
0.0328242	0.794827	
0	4.20285	
0.851963	-0.768154	
0.851963	-0.762616	
0.851963	-0.764538	
0.839211	-0.69847	
0.837483	-0.678609	
0.837483	-0.678609	
0.83313	-0.622708	
0.83313	-0.622708	
0.829988	-0.55609	
0.829988	-0.572449	
0.825635	-0.483757	
0.654092	-0.451111	
0.654092	-0.451111	
0.654092	-0.451111	
0.643665	-0.421995	
0.636555	-0.372482	
0.636555	-0.340694	
0.629967	-0.295601	
0.628197	-0.277318	
0.623932	-0.208141	
0.452555	-0.120435	
0.452555	-0.120435	
0.452555	-0.120435	
0.452555	-0.120435	
0.437358	-0.0623976	
0.429513	0.00558905	
0.429513	0.00561886	
0.415248	0.168614	
0.258464	0.244716	
0.258464	0.244716	
0.258464	0.244716	
0.258464	0.244902	
0.235999	0.307917	
0.214558	0.44483	
0.193924	0.599865	
0.0848594	0.672015	
0.0848594	0.672015	
0.0706576	0.681892	
0.0328242	0.794827	
0	4.20285	
0.851963	-0.768154	
0.851963	-0.762616	
0.851963	-0.764538	
0.839211	-0.69847	
0.837483	-0.678609	
0.835994	-0.649361	
0.83313	-0.622708	
0.83313	-0.622708	
0.829988	-0.55609	
0.829988	-0.572449	
0.825635	-0.483757	
0.654092	-0.451111	
0.654092	-0.451111	
0.64902	-0.445261	
0.643665	-0.421995	
0.636555	-0.372482	
0.636555	-0.340694	
0.629967	-0.295601	
0.628197	-0.277318	
0.623932	-0.208141	
0.452555	-0.120435	
0.452555	-0.120435	
0.452555	-0.120435	
0.452555	-0.120435	
0.437358	-0.0623976	
0.429513	0.00558905	
0.429513	0.00561886	
0.415248	0.168614	
0.258464	0.244716	
0.258464	0.244716	
0.258464	0.244716	
0.258464	0.244902	
0.235999	0.307917	
0.214558	0.44483	
0.193924	0.599865	
0.0848594	0.671674	
0.0848594	0.671674	
0.0767507	0.674188	
0.0328242	0.794827	
0	4.20285	
0.851963	-0.768154	
0.851963	-0.762616	
0.851963	-0.764538	
0.839211	-0.69847	
0.837483	-0.678609	
0.835994	-0.649361	
0.83313	-0.622708	
0.83313	-0.622708	
0.829988	-0.55609	
0.829988	-0.572449	
0.825635	-0.483757	
0.654092	-0.451111	
0.654092	-0.451111	
0.64902	-0.445261	
0.643665	-0.421995	
0.636555	-0.372482	
0.636555	-0.340694	
0.629967	-0.295601	
0.628197	-0.277318	
0.623932	-0.208141	
0.452555	-0.120435	
0.452555	-0.120435	
0.452555	-0.120435	
0.452555	-0.120435	
0.440366	-0.0796511	
0.429513	0.00558905	
0.427921	0.0207548	
0.415248	0.168614	
0.258464	0.243467	
0.258464	0.243467	
0.258464	0.243467	
0.258464	0.243467	
0.235999	0.307917	
0.214558	0.44483	
0.193924	0.599865	
0.0848594	0.671674	
0.0848594	0.671674	
0.0767507	0.674188	
0.0328242	0.794827	
0	4.20285	
0.851963	-0.768154	
0.851963	-0.762616	
0.84318	-0.729635	
0.839211	-0.69847	
0.837483	-0.678609	
0.835994	-0.649361	
0.83313	-0.622708	
0.83313	-0.622708	
0.829988	-0.55609	
0.829988	-0.572449	
0.825596	-0.491626	
0.654092	-0.451111	
0.654092	-0.451111	
0.64902	-0.445261	
0.643665	-0.421995	
0.636555	-0.372482	
0.636555	-0.340694	
0.629967	-0.295601	
0.628197	-0.277318	
0.623932	-0.208141	
0.452555	-0.121824	
0.452555	-0.121824	
0.452555	-0.121824	
0.452555	-0.120435	
0.440366	-0.0796511	
0.429513	0.00558905	
0.427921	0.0207548	
0.415248	0.165937	
0.258464	0.243467	
0.258464	0.243467	
0.258464	0.243467	
0.258464	0.243467	
0.235999	0.307917	
0.218072	0.420479	
0.193924	0.599865	
0.0848594	0.671674	
0.0848594	0.671674	
0.0767507	0.673455	
0.0328242	0.794827	
0	4.20285	
0.851963	-0.768154	
0.851963	-0.762616	
0.842807	-0.728151	
0.839211	-0.69847	
0.837483	-0.678609	
0.835524	-0.654748	
0.83313	-0.622708	
0.83313	-0.622708	
0.829988	-0.55609	
0.829988	-0.572449	
0.825596	-0.491626	
0.654092	-0.451111	
0.654092	-0.451111	
0.64902	-0.445261	
0.643093	-0.422049	
0.636555	-0.372482	
0.636555	-0.340694	
0.629967	-0.295601	
0.628197	-0.277318	
0.623932	-0.208141	
0.452555	-0.121824	
0.452555	-0.121824	
0.452555	-0.121824	
0.452555	-0.120435	
0.440366	-0.0796511	
0.429513	0.00558905	
0.427921	0.0207548	
0.415248	0.165937	
0.258464	0.243467	
0.258464	0.243467	
0.258464	0.243467	
0.258464	0.243467	
0.235999	0.307917	
0.218072	0.420479	
0.193924	0.599865	
0.0848594	0.671332	
0.0848594	0.671332	
0.0767507	0.673455	
0.0328242	0.794827	
0	4.20285	
0.851963	-0.768154	
0.851963	-0.762616	
0.842807	-0.728151	
0.839211	-0.69847	
0.837483	-0.678609	
0.835524	-0.654748	
0.83313	-0.622708	
0.83313	-0.622708	
0.829988	-0.55609	
0.829988	-0.572449	
0.825596	-0.491626	
0.654092	-0.452389	
0.654092	-0.452389	
0.64902	-0.445261	
0.643093	-0.422049	
0.636555	-0.372482	
0.636555	-0.340694	
0.629967	-0.295601	
0.628197	-0.277318	
0.623932	-0.208141	
0.452555	-0.121879	
0.452555	-0.121879	
0.452555	-0.121879	
0.452555	-0.120435	
0.440366	-0.0796511	
0.429513	0.00444587	
0.427921	0.0207548	
0.415248	0.165937	
0.258464	0.243467	
0.258464	0.243467	
0.258464	0.243467	
0.258464	0.243467	
0.235999	0.307917	
0.218072	0.420479	
0.193924	0.599865	
0.0848594	0.671332	
0.0848594	0.671332	
0.0767507	0.673455	
0.0328242	0.794383	
0	4.20285	
0.851963	-0.768154	
0.846402	-0.750399	
0.842807	-0.728151	
0.839211	-0.69847	
0.837483	-0.678609	
0.835524	-0.654748	
0.83313	-0.622708	
0.83313	-0.622708	
0.829988	-0.55609	
0.829988	-0.572449	
0.825596	-0.491626	
0.654092	-0.45485	
0.654092	-0.45485	
0.64902	-0.445261	
0.643093	-0.422049	
0.636555	-0.372482	
0.636555	-0.340694	
0.629851	-0.298365	
0.628197	-0.277318	
0.623932	-0.208141	
0.452555	-0.122563	
0.452555	-0.122563	
0.452555	-0.122563	
0.452555	-0.120435	
0.440366	-0.0796511	
0.429513	0.00444587	
0.427921	0.0207548	
0.415248	0.165937	
0.258464	0.243467	
0.258464	0.243467	
0.258464	0.243467	
0.258464	0.243467	
0.235999	0.307917	
0.218072	0.420479	
0.193924	0.599865	
0.0848594	0.671332	
0.0848594	0.671332	
0.0767507	0.673455	
0.0328242	0.794383	
0	4.20285	
0.851963	-0.768154	
0.846402	-0.750399	
0.842807	-0.728151	
0.839211	-0.69847	
0.837483	-0.678609	
0.835524	-0.654748	
0.83313	-0.622708	
0.83313	-0.622708	
0.829988	-0.55609	
0.827594	-0.531276	
0.825596	-0.491626	
0.654092	-0.45485	
0.654092	-0.45485	
0.64902	-0.445261	
0.642649	-0.421285	
0.636555	-0.372482	
0.636555	-0.340694	
0.629851	-0.298365	
0.628197	-0.277318	
0.623882	-0.207159	
0.452555	-0.122563	
0.452555	-0.122563	
0.452555	-0.122563	
0.452555	-0.120435	
0.440366	-0.0796511	
0.429513	0.00444587	
0.427921	0.0207548	
0.415248	0.165937	
0.258464	0.243467	
0.258464	0.243467	
0.258464	0.243467	
0.258464	0.243467	
0.235999	0.307917	
0.218072	0.420479	
0.193924	0.599865	
0.0848594	0.671332	
0.0848594	0.671332	
0.0767507	0.673455	
0.0328242	0.794383	
0	4.20285	
0.851963	-0.768154	
0.846402	-0.750399	
0.842807	-0.728151	
0.839211	-0.69847	
0.837483	-0.678609	
0.835524	-0.654748	
0.83313	-0.622708	
0.83313	-0.622708	
0.829988	-0.55609	
0.827138	-0.521789	
0.825596	-0.491626	
0.654092	-0.45485	
0.654092	-0.45485	
0.64902	-0.445261	
0.642649	-0.421285	
0.636555	-0.372482	
0.634901	-0.360078	
0.629851	-0.298365	
0.628197	-0.277318	
0.623882	-0.207159	
0.452555	-0.122563	
0.452555	-0.122563	
0.452555	-0.122563	
0.452555	-0.120435	
0.440366	-0.0796511	
0.429513	0.00444587	
0.427921	0.0207548	
0.415248	0.165937	
0.258464	0.243467	
0.258464	0.243467	
0.258464	0.243467	
0.258464	0.243467	
0.235999	0.307917	
0.218072	0.420479	
0.193924	0.599865	
0.0848594	0.670128	
0.0848594	0.670128	
0.0767507	0.672913	
0.0328242	0.794383	
0	4.20285	
0.851963	-0.768154	
0.846402	-0.750399	
0.842807	-0.728151	
0.839211	-0.69847	
0.837483	-0.678609	
0.835524	-0.654748	
0.83313	-0.622708	
0.83313	-0.622708	
0.829988	-0.55609	
0.827138	-0.521789	
0.825596	-0.491626	
0.654092	-0.45485	
0.654092	-0.45485	
0.64902	-0.445261	
0.642649	-0.421285	
0.636555	-0.372482	
0.634901	-0.360078	
0.629851	-0.298365	
0.628197	-0.277318	
0.623882	-0.207159	
0.452555	-0.122563	
0.452555	-0.122563	
0.452555	-0.122563	
0.452555	-0.120435	
0.440366	-0.0796511	
0.429513	0.00444587	
0.427921	0.0207548	
0.415248	0.165937	
0.258464	0.243051	
0.258464	0.243051	
0.258464	0.243051	
0.258464	0.243051	
0.235999	0.307917	
0.218072	0.420479	
0.193924	0.599865	
0.0848594	0.669931	
0.0848594	0.669931	
0.0767507	0.672913	
0.0328242	0.794383	
0	4.20285	
0.851963	-0.769407	
0.846402	-0.750399	
0.842807	-0.728151	
0.839668	-0.700762	
0.837483	-0.678609	
0.835524	-0.654748	
0.83313	-0.622708	
0.83313	-0.622708	
0.829988	-0.55609	
0.827138	-0.521789	
0.825596	-0.491626	
0.654092	-0.45485	
0.654092	-0.45485	
0.64902	-0.445261	
0.642649	-0.421285	
0.636555	-0.372482	
0.634901	-0.360078	
0.629851	-0.298365	
0.628197	-0.277318	
0.623882	-0.207159	
0.452555	-0.122563	
0.452555	-0.122563	
0.452555	-0.122563	
0.452555	-0.120435	
0.440366	-0.0796511	
0.429513	0.00444587	
0.427921	0.0207548	
0.415248	0.165937	
0.258464	0.243051	
0.258464	0.243051	
0.258464	0.243051	
0.258464	0.243051	
0.235999	0.307917	
0.218072	0.420479	
0.193924	0.599865	
0.0848594	0.669931	
0.0848594	0.669931	
0.0767507	0.672913	
0.0328242	0.794383	
0	4.20285	
0.851963	-0.769407	
0.846402	-0.750399	
0.842807	-0.728151	
0.839668	-0.700762	
0.837483	-0.678609	
0.835524	-0.654748	
0.83313	-0.622708	
0.83313	-0.622708	
0.829533	-0.565037	
0.827138	-0.521789	
0.825596	-0.491626	
0.654092	-0.45645	
0.654092	-0.45645	
0.64902	-0.445261	
0.642649	-0.421285	
0.636555	-0.372482	
0.634901	-0.360078	
0.629851	-0.298365	
0.628197	-0.277318	
0.623882	-0.207159	
0.452555	-0.122563	
0.452555	-0.122563	
0.452555	-0.122563	
0.452555	-0.120435	
0.440366	-0.0796511	
0.429513	0.00444587	
0.427921	0.0207548	
0.415248	0.165937	
0.258464	0.242644	
0.258464	0.242644	
0.258464	0.242644	
0.258464	0.242644	
0.235999	0.307917	
0.218072	0.420479	
0.193924	0.599865	
0.0848594	0.669931	
0.0848594	0.669931	
0.0767507	0.672913	
0.0328242	0.794383	
0	4.20285	
0.851963	-0.769407	
0.846402	-0.750399	
0.842807	-0.728151	
0.839668	-0.700762	
0.837483	-0.678609	
0.835524	-0.654748	
0.83313	-0.622708	
0.83313	-0.622708	
0.829533	-0.565037	
0.827138	-0.521789	
0.825596	-0.491626	
0.654092	-0.45645	
0.654092	-0.45645	
0.64902	-0.445261	
0.642649	-0.421285	
0.636555	-0.372482	
0.634901	-0.360078	
0.629851	-0.298365	
0.628197	-0.277318	
0.623882	-0.207159	
0.452555	-0.122563	
0.452555	-0.122563	
0.452555	-0.122563	
0.452555	-0.120435	
0.440366	-0.0796511	
0.429513	0.00444587	
0.427921	0.0207548	
0.415248	0.165937	
0.258464	0.242644	
0.258464	0.242644	
0.258464	0.242644	
0.258464	0.242644	
0.235999	0.307917	
0.218072	0.420479	
0.200502	0.549286	
0.0848594	0.669931	
0.0848594	0.669931	
0.0767507	0.672913	
0.0343165	0.786491	
0	4.20285	
0.851963	-0.769407	
0.846402	-0.750399	
0.842807	-0.728151	
0.839668	-0.700762	
0.837483	-0.678609	
0.835524	-0.654748	
0.83313	-0.622708	
0.832368	-0.610423	
0.829533	-0.565037	
0.827138	-0.521789	
0.825596	-0.491626	
0.654092	-0.45645	
0.654092	-0.45645	
0.64902	-0.445261	
0.642649	-0.421285	
0.636555	-0.372482	
0.634901	-0.360078	
0.629851	-0.298365	
0.628197	-0.277318	
0.623882	-0.207159	
0.452555	-0.122563	
0.452555	-0.122563	
0.452555	-0.122563	
0.452555	-0.120435	
0.440366	-0.0796511	
0.429513	0.00444587	
0.427921	0.0207548	
0.415248	0.165937	
0.258464	0.242602	
0.258464	0.242602	
0.258464	0.242602	
0.258464	0.242602	
0.235999	0.307917	
0.218072	0.420479	
0.200502	0.549286	
0.0848594	0.669931	
0.0848594	0.669931	
0.0767507	0.672913	
0.0343165	0.786491	
0	4.20285	
0.851963	-0.769407	
0.846402	-0.750399	
0.842807	-0.728151	
0.839668	-0.700762	
0.837483	-0.678609	
0.835524	-0.654748	
0.83313	-0.622708	
0.832368	-0.610423	
0.829533	-0.565037	
0.827138	-0.521789	
0.825596	-0.491626	
0.654092	-0.45645	
0.654092	-0.45645	
0.64902	-0.445261	
0.642649	-0.421285	
0.636555	-0.372482	
0.634901	-0.360078	
0.629851	-0.298365	
0.628197	-0.277318	
0.623882	-0.207159	
0.452555	-0.122563	
0.452555	-0.122563	
0.452555	-0.122563	
0.452555	-0.120435	
0.440366	-0.0796511	
0.429513	0.00444587	
0.427921	0.0207548	
0.415248	0.165937	
0.258464	0.242602	
0.258464	0.242602	
0.258464	0.242602	
0.258464	0.242602	
0.235999	0.307917	
0.218072	0.420479	
0.200502	0.549286	
0.0848594	0.669931	
0.0848594	0.669931	
0.0767507	0.672913	
0.0343165	0.786491	
0	4.20285	
